[0.077s] Invoking command in '/root/lidar_system/build/servo_control': CMAKE_PREFIX_PATH=/opt/ros/foxy /usr/bin/cmake --build /root/lidar_system/build/servo_control -- -j4 -l4
[0.397s] [ 33%] Built target scan_sequence_node
[0.428s] [ 66%] Built target dynamic_tf_broadcaster
[0.465s] [100%] Built target lidar_pointcloud_node
[0.505s] Invoked command in '/root/lidar_system/build/servo_control' returned '0': CMAKE_PREFIX_PATH=/opt/ros/foxy /usr/bin/cmake --build /root/lidar_system/build/servo_control -- -j4 -l4
[0.635s] Invoking command in '/root/lidar_system/build/servo_control': CMAKE_PREFIX_PATH=/opt/ros/foxy /usr/bin/cmake --install /root/lidar_system/build/servo_control
[0.666s] -- Install configuration: ""
[0.669s] -- Up-to-date: /root/lidar_system/install/servo_control/lib/servo_control/dynamic_tf_broadcaster
[0.670s] -- Up-to-date: /root/lidar_system/install/servo_control/lib/servo_control/lidar_pointcloud_node
[0.673s] -- Up-to-date: /root/lidar_system/install/servo_control/lib/servo_control/scan_sequence_node
[0.674s] -- Up-to-date: /root/lidar_system/install/servo_control/share/servo_control/environment/pythonpath.sh
[0.681s] -- Up-to-date: /root/lidar_system/install/servo_control/share/servo_control/environment/pythonpath.dsv
[0.682s] -- Up-to-date: /root/lidar_system/install/servo_control/lib/python3.8/site-packages/servo_control
[0.683s] -- Up-to-date: /root/lidar_system/install/servo_control/lib/python3.8/site-packages/servo_control/__init__.py
[0.793s] Listing '/root/lidar_system/install/servo_control/lib/python3.8/site-packages/servo_control'...
[0.814s] -- Up-to-date: /root/lidar_system/install/servo_control/lib/servo_control/servo_motor_node.py
[0.814s] -- Up-to-date: /root/lidar_system/install/servo_control/share/ament_index/resource_index/package_run_dependencies/servo_control
[0.815s] -- Up-to-date: /root/lidar_system/install/servo_control/share/ament_index/resource_index/parent_prefix_path/servo_control
[0.816s] -- Up-to-date: /root/lidar_system/install/servo_control/share/servo_control/environment/ament_prefix_path.sh
[0.816s] -- Up-to-date: /root/lidar_system/install/servo_control/share/servo_control/environment/ament_prefix_path.dsv
[0.817s] -- Up-to-date: /root/lidar_system/install/servo_control/share/servo_control/environment/path.sh
[0.817s] -- Up-to-date: /root/lidar_system/install/servo_control/share/servo_control/environment/path.dsv
[0.819s] -- Up-to-date: /root/lidar_system/install/servo_control/share/servo_control/local_setup.bash
[0.819s] -- Up-to-date: /root/lidar_system/install/servo_control/share/servo_control/local_setup.sh
[0.820s] -- Up-to-date: /root/lidar_system/install/servo_control/share/servo_control/local_setup.zsh
[0.821s] -- Up-to-date: /root/lidar_system/install/servo_control/share/servo_control/local_setup.dsv
[0.821s] -- Installing: /root/lidar_system/install/servo_control/share/servo_control/package.dsv
[0.822s] -- Up-to-date: /root/lidar_system/install/servo_control/share/ament_index/resource_index/packages/servo_control
[0.823s] -- Up-to-date: /root/lidar_system/install/servo_control/share/servo_control/cmake/servo_controlConfig.cmake
[0.836s] -- Up-to-date: /root/lidar_system/install/servo_control/share/servo_control/cmake/servo_controlConfig-version.cmake
[0.838s] -- Up-to-date: /root/lidar_system/install/servo_control/share/servo_control/package.xml
[0.839s] Invoked command in '/root/lidar_system/build/servo_control' returned '0': CMAKE_PREFIX_PATH=/opt/ros/foxy /usr/bin/cmake --install /root/lidar_system/build/servo_control
