[0.102s] Invoking command in '/root/lidar_system/build/servo_control': CMAKE_PREFIX_PATH=${CMAKE_PREFIX_PATH}:/opt/ros/foxy /usr/bin/cmake --build /root/lidar_system/build/servo_control -- -j4 -l4
[0.277s] [35m[1mScanning dependencies of target scan_sequence_node[0m
[0.450s] [ 16%] [32mBuilding CXX object CMakeFiles/scan_sequence_node.dir/src/scan_sequence_node.cpp.o[0m
[0.493s] [ 50%] Built target dynamic_tf_broadcaster
[0.528s] [ 83%] Built target lidar_pointcloud_node
[13.686s] [100%] [32m[1mLinking CXX executable scan_sequence_node[0m
[14.363s] [100%] Built target scan_sequence_node
[14.449s] Invoked command in '/root/lidar_system/build/servo_control' returned '0': CMAKE_PREFIX_PATH=${CMAKE_PREFIX_PATH}:/opt/ros/foxy /usr/bin/cmake --build /root/lidar_system/build/servo_control -- -j4 -l4
[14.539s] Invoking command in '/root/lidar_system/build/servo_control': CMAKE_PREFIX_PATH=${CMAKE_PREFIX_PATH}:/opt/ros/foxy /usr/bin/cmake --install /root/lidar_system/build/servo_control
[14.568s] -- Install configuration: ""
[14.569s] -- Up-to-date: /root/lidar_system/install/servo_control/lib/servo_control/dynamic_tf_broadcaster
[14.570s] -- Up-to-date: /root/lidar_system/install/servo_control/lib/servo_control/lidar_pointcloud_node
[14.572s] -- Installing: /root/lidar_system/install/servo_control/lib/servo_control/scan_sequence_node
[14.576s] -- Set runtime path of "/root/lidar_system/install/servo_control/lib/servo_control/scan_sequence_node" to ""
[14.577s] -- Up-to-date: /root/lidar_system/install/servo_control/share/servo_control/environment/pythonpath.sh
[14.578s] -- Up-to-date: /root/lidar_system/install/servo_control/share/servo_control/environment/pythonpath.dsv
[14.583s] -- Up-to-date: /root/lidar_system/install/servo_control/lib/python3.8/site-packages/servo_control
[14.583s] -- Up-to-date: /root/lidar_system/install/servo_control/lib/python3.8/site-packages/servo_control/__init__.py
[14.691s] Listing '/root/lidar_system/install/servo_control/lib/python3.8/site-packages/servo_control'...
[14.710s] -- Up-to-date: /root/lidar_system/install/servo_control/lib/servo_control/servo_motor_node.py
[14.711s] -- Up-to-date: /root/lidar_system/install/servo_control/share/ament_index/resource_index/package_run_dependencies/servo_control
[14.711s] -- Up-to-date: /root/lidar_system/install/servo_control/share/ament_index/resource_index/parent_prefix_path/servo_control
[14.712s] -- Up-to-date: /root/lidar_system/install/servo_control/share/servo_control/environment/ament_prefix_path.sh
[14.712s] -- Up-to-date: /root/lidar_system/install/servo_control/share/servo_control/environment/ament_prefix_path.dsv
[14.713s] -- Up-to-date: /root/lidar_system/install/servo_control/share/servo_control/environment/path.sh
[14.713s] -- Up-to-date: /root/lidar_system/install/servo_control/share/servo_control/environment/path.dsv
[14.714s] -- Up-to-date: /root/lidar_system/install/servo_control/share/servo_control/local_setup.bash
[14.714s] -- Up-to-date: /root/lidar_system/install/servo_control/share/servo_control/local_setup.sh
[14.714s] -- Up-to-date: /root/lidar_system/install/servo_control/share/servo_control/local_setup.zsh
[14.715s] -- Up-to-date: /root/lidar_system/install/servo_control/share/servo_control/local_setup.dsv
[14.715s] -- Installing: /root/lidar_system/install/servo_control/share/servo_control/package.dsv
[14.716s] -- Up-to-date: /root/lidar_system/install/servo_control/share/ament_index/resource_index/packages/servo_control
[14.716s] -- Up-to-date: /root/lidar_system/install/servo_control/share/servo_control/cmake/servo_controlConfig.cmake
[14.717s] -- Up-to-date: /root/lidar_system/install/servo_control/share/servo_control/cmake/servo_controlConfig-version.cmake
[14.717s] -- Up-to-date: /root/lidar_system/install/servo_control/share/servo_control/package.xml
[14.730s] Invoked command in '/root/lidar_system/build/servo_control' returned '0': CMAKE_PREFIX_PATH=${CMAKE_PREFIX_PATH}:/opt/ros/foxy /usr/bin/cmake --install /root/lidar_system/build/servo_control
