[0.066s] Invoking command in '/root/lidar_system/build/servo_control': CMAKE_PREFIX_PATH=/opt/ros/foxy /usr/bin/cmake --build /root/lidar_system/build/servo_control -- -j4 -l4
[0.354s] Scanning dependencies of target dynamic_tf_broadcaster
[0.416s] [ 33%] Built target scan_sequence_node
[0.417s] [ 66%] Built target lidar_pointcloud_node
[0.447s] [ 83%] Building CXX object CMakeFiles/dynamic_tf_broadcaster.dir/src/dynamic_tf_broadcaster.cpp.o
[28.164s] [100%] Linking CXX executable dynamic_tf_broadcaster
[29.784s] [100%] Built target dynamic_tf_broadcaster
[29.822s] Invoked command in '/root/lidar_system/build/servo_control' returned '0': CMAKE_PREFIX_PATH=/opt/ros/foxy /usr/bin/cmake --build /root/lidar_system/build/servo_control -- -j4 -l4
[29.907s] Invoking command in '/root/lidar_system/build/servo_control': CMAKE_PREFIX_PATH=/opt/ros/foxy /usr/bin/cmake --install /root/lidar_system/build/servo_control
[29.941s] -- Install configuration: ""
[29.942s] -- Installing: /root/lidar_system/install/servo_control/lib/servo_control/dynamic_tf_broadcaster
[29.956s] -- Set runtime path of "/root/lidar_system/install/servo_control/lib/servo_control/dynamic_tf_broadcaster" to ""
[29.957s] -- Up-to-date: /root/lidar_system/install/servo_control/lib/servo_control/lidar_pointcloud_node
[29.958s] -- Up-to-date: /root/lidar_system/install/servo_control/lib/servo_control/scan_sequence_node
[29.959s] -- Up-to-date: /root/lidar_system/install/servo_control/share/servo_control/environment/pythonpath.sh
[29.960s] -- Up-to-date: /root/lidar_system/install/servo_control/share/servo_control/environment/pythonpath.dsv
[29.960s] -- Up-to-date: /root/lidar_system/install/servo_control/lib/python3.8/site-packages/servo_control
[29.961s] -- Up-to-date: /root/lidar_system/install/servo_control/lib/python3.8/site-packages/servo_control/__init__.py
[30.067s] Listing '/root/lidar_system/install/servo_control/lib/python3.8/site-packages/servo_control'...
[30.086s] -- Up-to-date: /root/lidar_system/install/servo_control/lib/servo_control/servo_motor_node.py
[30.087s] -- Up-to-date: /root/lidar_system/install/servo_control/share/ament_index/resource_index/package_run_dependencies/servo_control
[30.088s] -- Up-to-date: /root/lidar_system/install/servo_control/share/ament_index/resource_index/parent_prefix_path/servo_control
[30.090s] -- Up-to-date: /root/lidar_system/install/servo_control/share/servo_control/environment/ament_prefix_path.sh
[30.091s] -- Up-to-date: /root/lidar_system/install/servo_control/share/servo_control/environment/ament_prefix_path.dsv
[30.091s] -- Up-to-date: /root/lidar_system/install/servo_control/share/servo_control/environment/path.sh
[30.092s] -- Up-to-date: /root/lidar_system/install/servo_control/share/servo_control/environment/path.dsv
[30.093s] -- Up-to-date: /root/lidar_system/install/servo_control/share/servo_control/local_setup.bash
[30.093s] -- Up-to-date: /root/lidar_system/install/servo_control/share/servo_control/local_setup.sh
[30.107s] -- Up-to-date: /root/lidar_system/install/servo_control/share/servo_control/local_setup.zsh
[30.108s] -- Up-to-date: /root/lidar_system/install/servo_control/share/servo_control/local_setup.dsv
[30.108s] -- Installing: /root/lidar_system/install/servo_control/share/servo_control/package.dsv
[30.108s] -- Up-to-date: /root/lidar_system/install/servo_control/share/ament_index/resource_index/packages/servo_control
[30.109s] -- Up-to-date: /root/lidar_system/install/servo_control/share/servo_control/cmake/servo_controlConfig.cmake
[30.109s] -- Up-to-date: /root/lidar_system/install/servo_control/share/servo_control/cmake/servo_controlConfig-version.cmake
[30.110s] -- Up-to-date: /root/lidar_system/install/servo_control/share/servo_control/package.xml
[30.110s] Invoked command in '/root/lidar_system/build/servo_control' returned '0': CMAKE_PREFIX_PATH=/opt/ros/foxy /usr/bin/cmake --install /root/lidar_system/build/servo_control
