[0.098s] Invoking command in '/root/lidar_system/build/rplidar_ros': CMAKE_PREFIX_PATH=/opt/ros/foxy /usr/bin/cmake --build /root/lidar_system/build/rplidar_ros -- -j4 -l4
[0.409s] [  5%] Built target rplidar_client
[0.417s] [ 52%] Built target rplidar_composition
[0.477s] [100%] Built target rplidar_node
[0.536s] Invoked command in '/root/lidar_system/build/rplidar_ros' returned '0': CMAKE_PREFIX_PATH=/opt/ros/foxy /usr/bin/cmake --build /root/lidar_system/build/rplidar_ros -- -j4 -l4
[0.748s] Invoking command in '/root/lidar_system/build/rplidar_ros': CMAKE_PREFIX_PATH=/opt/ros/foxy /usr/bin/cmake --install /root/lidar_system/build/rplidar_ros
[0.781s] -- Install configuration: ""
[0.783s] -- Up-to-date: /root/lidar_system/install/rplidar_ros/share/rplidar_ros/launch
[0.784s] -- Up-to-date: /root/lidar_system/install/rplidar_ros/share/rplidar_ros/launch/rplidar_a3_launch.py
[0.785s] -- Up-to-date: /root/lidar_system/install/rplidar_ros/share/rplidar_ros/launch/view_rplidar_a2m8_launch.py
[0.786s] -- Up-to-date: /root/lidar_system/install/rplidar_ros/share/rplidar_ros/launch/view_rplidar_a2m7_launch.py
[0.786s] -- Up-to-date: /root/lidar_system/install/rplidar_ros/share/rplidar_ros/launch/rplidar_s2_launch.py
[0.788s] -- Up-to-date: /root/lidar_system/install/rplidar_ros/share/rplidar_ros/launch/rplidar_s1_tcp_launch.py
[0.788s] -- Up-to-date: /root/lidar_system/install/rplidar_ros/share/rplidar_ros/launch/view_rplidar_a1_launch.py
[0.789s] -- Up-to-date: /root/lidar_system/install/rplidar_ros/share/rplidar_ros/launch/rplidar_t1_launch.py
[0.790s] -- Up-to-date: /root/lidar_system/install/rplidar_ros/share/rplidar_ros/launch/system_launch.py
[0.791s] -- Up-to-date: /root/lidar_system/install/rplidar_ros/share/rplidar_ros/launch/rplidar_a1_launch.py
[0.792s] -- Up-to-date: /root/lidar_system/install/rplidar_ros/share/rplidar_ros/launch/view_rplidar_s1_launch.py
[0.796s] -- Up-to-date: /root/lidar_system/install/rplidar_ros/share/rplidar_ros/launch/view_rplidar_s2_launch.py
[0.798s] -- Up-to-date: /root/lidar_system/install/rplidar_ros/share/rplidar_ros/launch/view_rplidar_s2e_launch.py
[0.798s] -- Up-to-date: /root/lidar_system/install/rplidar_ros/share/rplidar_ros/launch/view_rplidar_a2m12_launch.py
[0.802s] -- Up-to-date: /root/lidar_system/install/rplidar_ros/share/rplidar_ros/launch/rplidar_a2m7_launch.py
[0.802s] -- Up-to-date: /root/lidar_system/install/rplidar_ros/share/rplidar_ros/launch/rplidar_s2e_launch.py
[0.808s] -- Up-to-date: /root/lidar_system/install/rplidar_ros/share/rplidar_ros/launch/view_rplidar_s1_tcp_launch.py
[0.809s] -- Up-to-date: /root/lidar_system/install/rplidar_ros/share/rplidar_ros/launch/rplidar_a2m12_launch.py
[0.810s] -- Up-to-date: /root/lidar_system/install/rplidar_ros/share/rplidar_ros/launch/rplidar_s1_launch.py
[0.810s] -- Up-to-date: /root/lidar_system/install/rplidar_ros/share/rplidar_ros/launch/__pycache__
[0.811s] -- Installing: /root/lidar_system/install/rplidar_ros/share/rplidar_ros/launch/__pycache__/system_launch.cpython-38.pyc
[0.811s] -- Up-to-date: /root/lidar_system/install/rplidar_ros/share/rplidar_ros/launch/rplidar_s3_launch.py
[0.812s] -- Up-to-date: /root/lidar_system/install/rplidar_ros/share/rplidar_ros/launch/rplidar_a2m8_launch.py
[0.812s] -- Up-to-date: /root/lidar_system/install/rplidar_ros/share/rplidar_ros/launch/view_rplidar_t1_launch.py
[0.813s] -- Up-to-date: /root/lidar_system/install/rplidar_ros/share/rplidar_ros/launch/view_rplidar_a3_launch.py
[0.814s] -- Up-to-date: /root/lidar_system/install/rplidar_ros/share/rplidar_ros/launch/rplidar_c1_launch.py
[0.814s] -- Up-to-date: /root/lidar_system/install/rplidar_ros/share/rplidar_ros/launch/view_rplidar_s3_launch.py
[0.815s] -- Up-to-date: /root/lidar_system/install/rplidar_ros/share/rplidar_ros/launch/view_rplidar_c1_launch.py
[0.818s] -- Up-to-date: /root/lidar_system/install/rplidar_ros/share/rplidar_ros/rviz
[0.819s] -- Up-to-date: /root/lidar_system/install/rplidar_ros/share/rplidar_ros/rviz/rplidar_ros.rviz
[0.820s] -- Up-to-date: /root/lidar_system/install/rplidar_ros/lib/rplidar_ros/rplidar_node
[0.820s] -- Up-to-date: /root/lidar_system/install/rplidar_ros/lib/rplidar_ros/rplidar_composition
[0.821s] -- Up-to-date: /root/lidar_system/install/rplidar_ros/lib/rplidar_ros/rplidar_client
[0.821s] -- Up-to-date: /root/lidar_system/install/rplidar_ros/share/ament_index/resource_index/package_run_dependencies/rplidar_ros
[0.822s] -- Up-to-date: /root/lidar_system/install/rplidar_ros/share/ament_index/resource_index/parent_prefix_path/rplidar_ros
[0.822s] -- Up-to-date: /root/lidar_system/install/rplidar_ros/share/rplidar_ros/environment/ament_prefix_path.sh
[0.823s] -- Up-to-date: /root/lidar_system/install/rplidar_ros/share/rplidar_ros/environment/ament_prefix_path.dsv
[0.824s] -- Up-to-date: /root/lidar_system/install/rplidar_ros/share/rplidar_ros/environment/path.sh
[0.824s] -- Up-to-date: /root/lidar_system/install/rplidar_ros/share/rplidar_ros/environment/path.dsv
[0.827s] -- Up-to-date: /root/lidar_system/install/rplidar_ros/share/rplidar_ros/local_setup.bash
[0.828s] -- Up-to-date: /root/lidar_system/install/rplidar_ros/share/rplidar_ros/local_setup.sh
[0.828s] -- Up-to-date: /root/lidar_system/install/rplidar_ros/share/rplidar_ros/local_setup.zsh
[0.831s] -- Up-to-date: /root/lidar_system/install/rplidar_ros/share/rplidar_ros/local_setup.dsv
[0.832s] -- Installing: /root/lidar_system/install/rplidar_ros/share/rplidar_ros/package.dsv
[0.836s] -- Up-to-date: /root/lidar_system/install/rplidar_ros/share/ament_index/resource_index/packages/rplidar_ros
[0.837s] -- Up-to-date: /root/lidar_system/install/rplidar_ros/share/rplidar_ros/cmake/ament_cmake_export_dependencies-extras.cmake
[0.838s] -- Up-to-date: /root/lidar_system/install/rplidar_ros/share/rplidar_ros/cmake/ament_cmake_export_include_directories-extras.cmake
[0.838s] -- Up-to-date: /root/lidar_system/install/rplidar_ros/share/rplidar_ros/cmake/rplidar_rosConfig.cmake
[0.843s] -- Up-to-date: /root/lidar_system/install/rplidar_ros/share/rplidar_ros/cmake/rplidar_rosConfig-version.cmake
[0.844s] -- Up-to-date: /root/lidar_system/install/rplidar_ros/share/rplidar_ros/package.xml
[0.846s] Invoked command in '/root/lidar_system/build/rplidar_ros' returned '0': CMAKE_PREFIX_PATH=/opt/ros/foxy /usr/bin/cmake --install /root/lidar_system/build/rplidar_ros
