[0.081s] Invoking command in '/root/lidar_system/build/servo_control': CMAKE_PREFIX_PATH=${CMAKE_PREFIX_PATH}:/opt/ros/foxy /usr/bin/cmake --build /root/lidar_system/build/servo_control -- -j4 -l4
[0.277s] [35m[1mScanning dependencies of target scan_sequence_node[0m
[0.433s] [ 16%] [32mBuilding CXX object CMakeFiles/scan_sequence_node.dir/src/scan_sequence_node.cpp.o[0m
[0.462s] [ 50%] Built target dynamic_tf_broadcaster
[0.489s] [ 83%] Built target lidar_pointcloud_node
[13.553s] [100%] [32m[1mLinking CXX executable scan_sequence_node[0m
[14.200s] [100%] Built target scan_sequence_node
[14.238s] Invoked command in '/root/lidar_system/build/servo_control' returned '0': CMAKE_PREFIX_PATH=${CMAKE_PREFIX_PATH}:/opt/ros/foxy /usr/bin/cmake --build /root/lidar_system/build/servo_control -- -j4 -l4
[14.334s] Invoking command in '/root/lidar_system/build/servo_control': CMAKE_PREFIX_PATH=${CMAKE_PREFIX_PATH}:/opt/ros/foxy /usr/bin/cmake --install /root/lidar_system/build/servo_control
[14.363s] -- Install configuration: ""
[14.364s] -- Up-to-date: /root/lidar_system/install/servo_control/lib/servo_control/dynamic_tf_broadcaster
[14.365s] -- Up-to-date: /root/lidar_system/install/servo_control/lib/servo_control/lidar_pointcloud_node
[14.367s] -- Installing: /root/lidar_system/install/servo_control/lib/servo_control/scan_sequence_node
[14.372s] -- Set runtime path of "/root/lidar_system/install/servo_control/lib/servo_control/scan_sequence_node" to ""
[14.373s] -- Up-to-date: /root/lidar_system/install/servo_control/share/servo_control/environment/pythonpath.sh
[14.373s] -- Up-to-date: /root/lidar_system/install/servo_control/share/servo_control/environment/pythonpath.dsv
[14.374s] -- Up-to-date: /root/lidar_system/install/servo_control/lib/python3.8/site-packages/servo_control
[14.374s] -- Up-to-date: /root/lidar_system/install/servo_control/lib/python3.8/site-packages/servo_control/__init__.py
[14.492s] Listing '/root/lidar_system/install/servo_control/lib/python3.8/site-packages/servo_control'...
[14.511s] -- Up-to-date: /root/lidar_system/install/servo_control/lib/servo_control/servo_motor_node.py
[14.511s] -- Up-to-date: /root/lidar_system/install/servo_control/share/ament_index/resource_index/package_run_dependencies/servo_control
[14.512s] -- Up-to-date: /root/lidar_system/install/servo_control/share/ament_index/resource_index/parent_prefix_path/servo_control
[14.512s] -- Up-to-date: /root/lidar_system/install/servo_control/share/servo_control/environment/ament_prefix_path.sh
[14.513s] -- Up-to-date: /root/lidar_system/install/servo_control/share/servo_control/environment/ament_prefix_path.dsv
[14.513s] -- Up-to-date: /root/lidar_system/install/servo_control/share/servo_control/environment/path.sh
[14.514s] -- Up-to-date: /root/lidar_system/install/servo_control/share/servo_control/environment/path.dsv
[14.514s] -- Up-to-date: /root/lidar_system/install/servo_control/share/servo_control/local_setup.bash
[14.515s] -- Up-to-date: /root/lidar_system/install/servo_control/share/servo_control/local_setup.sh
[14.515s] -- Up-to-date: /root/lidar_system/install/servo_control/share/servo_control/local_setup.zsh
[14.515s] -- Up-to-date: /root/lidar_system/install/servo_control/share/servo_control/local_setup.dsv
[14.516s] -- Installing: /root/lidar_system/install/servo_control/share/servo_control/package.dsv
[14.516s] -- Up-to-date: /root/lidar_system/install/servo_control/share/ament_index/resource_index/packages/servo_control
[14.517s] -- Up-to-date: /root/lidar_system/install/servo_control/share/servo_control/cmake/servo_controlConfig.cmake
[14.517s] -- Up-to-date: /root/lidar_system/install/servo_control/share/servo_control/cmake/servo_controlConfig-version.cmake
[14.517s] -- Up-to-date: /root/lidar_system/install/servo_control/share/servo_control/package.xml
[14.530s] Invoked command in '/root/lidar_system/build/servo_control' returned '0': CMAKE_PREFIX_PATH=${CMAKE_PREFIX_PATH}:/opt/ros/foxy /usr/bin/cmake --install /root/lidar_system/build/servo_control
