[0.000000] (-) TimerEvent: {}
[0.001503] (rplidar_ros) JobQueued: {'identifier': 'rplidar_ros', 'dependencies': OrderedDict()}
[0.001715] (servo_control) JobQueued: {'identifier': 'servo_control', 'dependencies': OrderedDict()}
[0.001949] (rplidar_ros) JobStarted: {'identifier': 'rplidar_ros'}
[0.049246] (servo_control) JobStarted: {'identifier': 'servo_control'}
[0.087027] (rplidar_ros) JobProgress: {'identifier': 'rplidar_ros', 'progress': 'cmake'}
[0.097116] (rplidar_ros) JobProgress: {'identifier': 'rplidar_ros', 'progress': 'build'}
[0.097349] (-) TimerEvent: {}
[0.097718] (rplidar_ros) Command: {'cmd': ['/usr/bin/cmake', '--build', '/root/lidar_system/build/rplidar_ros', '--', '-j4', '-l4'], 'cwd': '/root/lidar_system/build/rplidar_ros', 'env': OrderedDict([('HOSTNAME', 'ubuntu-desktop'), ('SHLVL', '1'), ('LD_LIBRARY_PATH', '/opt/ros/foxy/opt/yaml_cpp_vendor/lib:/opt/ros/foxy/opt/rviz_ogre_vendor/lib:/opt/ros/foxy/lib/aarch64-linux-gnu:/opt/ros/foxy/lib'), ('HOME', '/root'), ('OLDPWD', '/'), ('ROS_PYTHON_VERSION', '3'), ('ROS_DISTRO', 'foxy'), ('_', '/usr/bin/colcon'), ('ROS_VERSION', '2'), ('ROS_LOCALHOST_ONLY', '0'), ('QT_X11_NO_MITSHM', '1'), ('PATH', '/opt/ros/foxy/bin:/usr/local/sbin:/usr/local/bin:/usr/sbin:/usr/bin:/sbin:/bin'), ('FASTRTPS_DEFAULT_PROFILES_FILE', '/fastdds.xml'), ('DISPLAY', ':0'), ('LANG', 'C.UTF-8'), ('RMW_IMPLEMENTATION', 'rmw_fastrtps_cpp'), ('ROS_DOMAIN_ID', '0'), ('AMENT_PREFIX_PATH', '/opt/ros/foxy'), ('PWD', '/root/lidar_system/build/rplidar_ros'), ('LC_ALL', 'C.UTF-8'), ('PYTHONPATH', '/opt/ros/foxy/lib/python3.8/site-packages'), ('COLCON', '1'), ('CMAKE_PREFIX_PATH', '/opt/ros/foxy')]), 'shell': False}
[0.108222] (servo_control) JobProgress: {'identifier': 'servo_control', 'progress': 'cmake'}
[0.113659] (servo_control) JobProgress: {'identifier': 'servo_control', 'progress': 'build'}
[0.115253] (servo_control) Command: {'cmd': ['/usr/bin/cmake', '--build', '/root/lidar_system/build/servo_control', '--', '-j4', '-l4'], 'cwd': '/root/lidar_system/build/servo_control', 'env': OrderedDict([('HOSTNAME', 'ubuntu-desktop'), ('SHLVL', '1'), ('LD_LIBRARY_PATH', '/opt/ros/foxy/opt/yaml_cpp_vendor/lib:/opt/ros/foxy/opt/rviz_ogre_vendor/lib:/opt/ros/foxy/lib/aarch64-linux-gnu:/opt/ros/foxy/lib'), ('HOME', '/root'), ('OLDPWD', '/'), ('ROS_PYTHON_VERSION', '3'), ('ROS_DISTRO', 'foxy'), ('_', '/usr/bin/colcon'), ('ROS_VERSION', '2'), ('ROS_LOCALHOST_ONLY', '0'), ('QT_X11_NO_MITSHM', '1'), ('PATH', '/opt/ros/foxy/bin:/usr/local/sbin:/usr/local/bin:/usr/sbin:/usr/bin:/sbin:/bin'), ('FASTRTPS_DEFAULT_PROFILES_FILE', '/fastdds.xml'), ('DISPLAY', ':0'), ('LANG', 'C.UTF-8'), ('RMW_IMPLEMENTATION', 'rmw_fastrtps_cpp'), ('ROS_DOMAIN_ID', '0'), ('AMENT_PREFIX_PATH', '/opt/ros/foxy'), ('PWD', '/root/lidar_system/build/servo_control'), ('LC_ALL', 'C.UTF-8'), ('PYTHONPATH', '/opt/ros/foxy/lib/python3.8/site-packages'), ('COLCON', '1'), ('CMAKE_PREFIX_PATH', '/opt/ros/foxy')]), 'shell': False}
[0.197889] (-) TimerEvent: {}
[0.302768] (-) TimerEvent: {}
[0.405724] (-) TimerEvent: {}
[0.506455] (-) TimerEvent: {}
[0.533852] (rplidar_ros) StdoutLine: {'line': b'[  5%] Built target rplidar_client\n'}
[0.552902] (servo_control) StdoutLine: {'line': b'[ 33%] Built target dynamic_tf_broadcaster\n'}
[0.555744] (rplidar_ros) StdoutLine: {'line': b'[ 52%] Built target rplidar_node\n'}
[0.560219] (servo_control) StdoutLine: {'line': b'[ 66%] Built target scan_sequence_node\n'}
[0.565059] (rplidar_ros) StdoutLine: {'line': b'[100%] Built target rplidar_composition\n'}
[0.572890] (servo_control) StdoutLine: {'line': b'[100%] Built target lidar_pointcloud_node\n'}
[0.607493] (rplidar_ros) CommandEnded: {'returncode': 0}
[0.612863] (-) TimerEvent: {}
[0.618667] (servo_control) CommandEnded: {'returncode': 0}
[0.713004] (-) TimerEvent: {}
[0.734297] (servo_control) JobProgress: {'identifier': 'servo_control', 'progress': 'install'}
[0.774365] (servo_control) Command: {'cmd': ['/usr/bin/cmake', '--install', '/root/lidar_system/build/servo_control'], 'cwd': '/root/lidar_system/build/servo_control', 'env': OrderedDict([('HOSTNAME', 'ubuntu-desktop'), ('SHLVL', '1'), ('LD_LIBRARY_PATH', '/opt/ros/foxy/opt/yaml_cpp_vendor/lib:/opt/ros/foxy/opt/rviz_ogre_vendor/lib:/opt/ros/foxy/lib/aarch64-linux-gnu:/opt/ros/foxy/lib'), ('HOME', '/root'), ('OLDPWD', '/'), ('ROS_PYTHON_VERSION', '3'), ('ROS_DISTRO', 'foxy'), ('_', '/usr/bin/colcon'), ('ROS_VERSION', '2'), ('ROS_LOCALHOST_ONLY', '0'), ('QT_X11_NO_MITSHM', '1'), ('PATH', '/opt/ros/foxy/bin:/usr/local/sbin:/usr/local/bin:/usr/sbin:/usr/bin:/sbin:/bin'), ('FASTRTPS_DEFAULT_PROFILES_FILE', '/fastdds.xml'), ('DISPLAY', ':0'), ('LANG', 'C.UTF-8'), ('RMW_IMPLEMENTATION', 'rmw_fastrtps_cpp'), ('ROS_DOMAIN_ID', '0'), ('AMENT_PREFIX_PATH', '/opt/ros/foxy'), ('PWD', '/root/lidar_system/build/servo_control'), ('LC_ALL', 'C.UTF-8'), ('PYTHONPATH', '/opt/ros/foxy/lib/python3.8/site-packages'), ('COLCON', '1'), ('CMAKE_PREFIX_PATH', '/opt/ros/foxy')]), 'shell': False}
[0.813324] (-) TimerEvent: {}
[0.815424] (servo_control) StdoutLine: {'line': b'-- Install configuration: ""\n'}
[0.816602] (servo_control) StdoutLine: {'line': b'-- Up-to-date: /root/lidar_system/install/servo_control/lib/servo_control/dynamic_tf_broadcaster\n'}
[0.818325] (servo_control) StdoutLine: {'line': b'-- Up-to-date: /root/lidar_system/install/servo_control/lib/servo_control/lidar_pointcloud_node\n'}
[0.820266] (servo_control) StdoutLine: {'line': b'-- Up-to-date: /root/lidar_system/install/servo_control/lib/servo_control/scan_sequence_node\n'}
[0.823342] (servo_control) StdoutLine: {'line': b'-- Up-to-date: /root/lidar_system/install/servo_control/share/servo_control/environment/pythonpath.sh\n'}
[0.825397] (servo_control) StdoutLine: {'line': b'-- Up-to-date: /root/lidar_system/install/servo_control/share/servo_control/environment/pythonpath.dsv\n'}
[0.830522] (servo_control) StdoutLine: {'line': b'-- Up-to-date: /root/lidar_system/install/servo_control/lib/python3.8/site-packages/servo_control\n'}
[0.831123] (servo_control) StdoutLine: {'line': b'-- Up-to-date: /root/lidar_system/install/servo_control/lib/python3.8/site-packages/servo_control/__init__.py\n'}
[0.831585] (rplidar_ros) JobProgress: {'identifier': 'rplidar_ros', 'progress': 'install'}
[0.831803] (rplidar_ros) Command: {'cmd': ['/usr/bin/cmake', '--install', '/root/lidar_system/build/rplidar_ros'], 'cwd': '/root/lidar_system/build/rplidar_ros', 'env': OrderedDict([('HOSTNAME', 'ubuntu-desktop'), ('SHLVL', '1'), ('LD_LIBRARY_PATH', '/opt/ros/foxy/opt/yaml_cpp_vendor/lib:/opt/ros/foxy/opt/rviz_ogre_vendor/lib:/opt/ros/foxy/lib/aarch64-linux-gnu:/opt/ros/foxy/lib'), ('HOME', '/root'), ('OLDPWD', '/'), ('ROS_PYTHON_VERSION', '3'), ('ROS_DISTRO', 'foxy'), ('_', '/usr/bin/colcon'), ('ROS_VERSION', '2'), ('ROS_LOCALHOST_ONLY', '0'), ('QT_X11_NO_MITSHM', '1'), ('PATH', '/opt/ros/foxy/bin:/usr/local/sbin:/usr/local/bin:/usr/sbin:/usr/bin:/sbin:/bin'), ('FASTRTPS_DEFAULT_PROFILES_FILE', '/fastdds.xml'), ('DISPLAY', ':0'), ('LANG', 'C.UTF-8'), ('RMW_IMPLEMENTATION', 'rmw_fastrtps_cpp'), ('ROS_DOMAIN_ID', '0'), ('AMENT_PREFIX_PATH', '/opt/ros/foxy'), ('PWD', '/root/lidar_system/build/rplidar_ros'), ('LC_ALL', 'C.UTF-8'), ('PYTHONPATH', '/opt/ros/foxy/lib/python3.8/site-packages'), ('COLCON', '1'), ('CMAKE_PREFIX_PATH', '/opt/ros/foxy')]), 'shell': False}
[0.871299] (rplidar_ros) StdoutLine: {'line': b'-- Install configuration: ""\n'}
[0.872085] (rplidar_ros) StdoutLine: {'line': b'-- Up-to-date: /root/lidar_system/install/rplidar_ros/share/rplidar_ros/launch\n'}
[0.872532] (rplidar_ros) StdoutLine: {'line': b'-- Up-to-date: /root/lidar_system/install/rplidar_ros/share/rplidar_ros/launch/rplidar_a3_launch.py\n'}
[0.872930] (rplidar_ros) StdoutLine: {'line': b'-- Up-to-date: /root/lidar_system/install/rplidar_ros/share/rplidar_ros/launch/view_rplidar_a2m8_launch.py\n'}
[0.873316] (rplidar_ros) StdoutLine: {'line': b'-- Up-to-date: /root/lidar_system/install/rplidar_ros/share/rplidar_ros/launch/view_rplidar_a2m7_launch.py\n'}
[0.873800] (rplidar_ros) StdoutLine: {'line': b'-- Up-to-date: /root/lidar_system/install/rplidar_ros/share/rplidar_ros/launch/rplidar_s2_launch.py\n'}
[0.874225] (rplidar_ros) StdoutLine: {'line': b'-- Up-to-date: /root/lidar_system/install/rplidar_ros/share/rplidar_ros/launch/rplidar_s1_tcp_launch.py\n'}
[0.874677] (rplidar_ros) StdoutLine: {'line': b'-- Up-to-date: /root/lidar_system/install/rplidar_ros/share/rplidar_ros/launch/view_rplidar_a1_launch.py\n'}
[0.875080] (rplidar_ros) StdoutLine: {'line': b'-- Up-to-date: /root/lidar_system/install/rplidar_ros/share/rplidar_ros/launch/rplidar_t1_launch.py\n'}
[0.875490] (rplidar_ros) StdoutLine: {'line': b'-- Up-to-date: /root/lidar_system/install/rplidar_ros/share/rplidar_ros/launch/system_launch.py\n'}
[0.875884] (rplidar_ros) StdoutLine: {'line': b'-- Up-to-date: /root/lidar_system/install/rplidar_ros/share/rplidar_ros/launch/rplidar_a1_launch.py\n'}
[0.876275] (rplidar_ros) StdoutLine: {'line': b'-- Up-to-date: /root/lidar_system/install/rplidar_ros/share/rplidar_ros/launch/view_rplidar_s1_launch.py\n'}
[0.876684] (rplidar_ros) StdoutLine: {'line': b'-- Up-to-date: /root/lidar_system/install/rplidar_ros/share/rplidar_ros/launch/view_rplidar_s2_launch.py\n'}
[0.877090] (rplidar_ros) StdoutLine: {'line': b'-- Up-to-date: /root/lidar_system/install/rplidar_ros/share/rplidar_ros/launch/view_rplidar_s2e_launch.py\n'}
[0.877481] (rplidar_ros) StdoutLine: {'line': b'-- Up-to-date: /root/lidar_system/install/rplidar_ros/share/rplidar_ros/launch/view_rplidar_a2m12_launch.py\n'}
[0.877947] (rplidar_ros) StdoutLine: {'line': b'-- Up-to-date: /root/lidar_system/install/rplidar_ros/share/rplidar_ros/launch/rplidar_a2m7_launch.py\n'}
[0.878362] (rplidar_ros) StdoutLine: {'line': b'-- Up-to-date: /root/lidar_system/install/rplidar_ros/share/rplidar_ros/launch/rplidar_s2e_launch.py\n'}
[0.878773] (rplidar_ros) StdoutLine: {'line': b'-- Up-to-date: /root/lidar_system/install/rplidar_ros/share/rplidar_ros/launch/view_rplidar_s1_tcp_launch.py\n'}
[0.879155] (rplidar_ros) StdoutLine: {'line': b'-- Up-to-date: /root/lidar_system/install/rplidar_ros/share/rplidar_ros/launch/rplidar_a2m12_launch.py\n'}
[0.879535] (rplidar_ros) StdoutLine: {'line': b'-- Up-to-date: /root/lidar_system/install/rplidar_ros/share/rplidar_ros/launch/rplidar_s1_launch.py\n'}
[0.879979] (rplidar_ros) StdoutLine: {'line': b'-- Up-to-date: /root/lidar_system/install/rplidar_ros/share/rplidar_ros/launch/__pycache__\n'}
[0.880434] (rplidar_ros) StdoutLine: {'line': b'-- Installing: /root/lidar_system/install/rplidar_ros/share/rplidar_ros/launch/__pycache__/system_launch.cpython-38.pyc\n'}
[0.883603] (rplidar_ros) StdoutLine: {'line': b'-- Up-to-date: /root/lidar_system/install/rplidar_ros/share/rplidar_ros/launch/rplidar_s3_launch.py\n'}
[0.884906] (rplidar_ros) StdoutLine: {'line': b'-- Up-to-date: /root/lidar_system/install/rplidar_ros/share/rplidar_ros/launch/rplidar_a2m8_launch.py\n'}
[0.885499] (rplidar_ros) StdoutLine: {'line': b'-- Up-to-date: /root/lidar_system/install/rplidar_ros/share/rplidar_ros/launch/view_rplidar_t1_launch.py\n'}
[0.886014] (rplidar_ros) StdoutLine: {'line': b'-- Up-to-date: /root/lidar_system/install/rplidar_ros/share/rplidar_ros/launch/view_rplidar_a3_launch.py\n'}
[0.886455] (rplidar_ros) StdoutLine: {'line': b'-- Up-to-date: /root/lidar_system/install/rplidar_ros/share/rplidar_ros/launch/rplidar_c1_launch.py\n'}
[0.887012] (rplidar_ros) StdoutLine: {'line': b'-- Up-to-date: /root/lidar_system/install/rplidar_ros/share/rplidar_ros/launch/view_rplidar_s3_launch.py\n'}
[0.887446] (rplidar_ros) StdoutLine: {'line': b'-- Up-to-date: /root/lidar_system/install/rplidar_ros/share/rplidar_ros/launch/view_rplidar_c1_launch.py\n'}
[0.887840] (rplidar_ros) StdoutLine: {'line': b'-- Up-to-date: /root/lidar_system/install/rplidar_ros/share/rplidar_ros/rviz\n'}
[0.890547] (rplidar_ros) StdoutLine: {'line': b'-- Up-to-date: /root/lidar_system/install/rplidar_ros/share/rplidar_ros/rviz/rplidar_ros.rviz\n'}
[0.891085] (rplidar_ros) StdoutLine: {'line': b'-- Up-to-date: /root/lidar_system/install/rplidar_ros/lib/rplidar_ros/rplidar_node\n'}
[0.893259] (rplidar_ros) StdoutLine: {'line': b'-- Up-to-date: /root/lidar_system/install/rplidar_ros/lib/rplidar_ros/rplidar_composition\n'}
[0.898306] (rplidar_ros) StdoutLine: {'line': b'-- Up-to-date: /root/lidar_system/install/rplidar_ros/lib/rplidar_ros/rplidar_client\n'}
[0.899386] (rplidar_ros) StdoutLine: {'line': b'-- Up-to-date: /root/lidar_system/install/rplidar_ros/share/ament_index/resource_index/package_run_dependencies/rplidar_ros\n'}
[0.899960] (rplidar_ros) StdoutLine: {'line': b'-- Up-to-date: /root/lidar_system/install/rplidar_ros/share/ament_index/resource_index/parent_prefix_path/rplidar_ros\n'}
[0.900710] (rplidar_ros) StdoutLine: {'line': b'-- Up-to-date: /root/lidar_system/install/rplidar_ros/share/rplidar_ros/environment/ament_prefix_path.sh\n'}
[0.901279] (rplidar_ros) StdoutLine: {'line': b'-- Up-to-date: /root/lidar_system/install/rplidar_ros/share/rplidar_ros/environment/ament_prefix_path.dsv\n'}
[0.902028] (rplidar_ros) StdoutLine: {'line': b'-- Up-to-date: /root/lidar_system/install/rplidar_ros/share/rplidar_ros/environment/path.sh\n'}
[0.902751] (rplidar_ros) StdoutLine: {'line': b'-- Up-to-date: /root/lidar_system/install/rplidar_ros/share/rplidar_ros/environment/path.dsv\n'}
[0.903569] (rplidar_ros) StdoutLine: {'line': b'-- Up-to-date: /root/lidar_system/install/rplidar_ros/share/rplidar_ros/local_setup.bash\n'}
[0.904254] (rplidar_ros) StdoutLine: {'line': b'-- Up-to-date: /root/lidar_system/install/rplidar_ros/share/rplidar_ros/local_setup.sh\n'}
[0.905098] (rplidar_ros) StdoutLine: {'line': b'-- Up-to-date: /root/lidar_system/install/rplidar_ros/share/rplidar_ros/local_setup.zsh\n'}
[0.905748] (rplidar_ros) StdoutLine: {'line': b'-- Up-to-date: /root/lidar_system/install/rplidar_ros/share/rplidar_ros/local_setup.dsv\n'}
[0.908600] (rplidar_ros) StdoutLine: {'line': b'-- Installing: /root/lidar_system/install/rplidar_ros/share/rplidar_ros/package.dsv\n'}
[0.909286] (rplidar_ros) StdoutLine: {'line': b'-- Up-to-date: /root/lidar_system/install/rplidar_ros/share/ament_index/resource_index/packages/rplidar_ros\n'}
[0.910184] (rplidar_ros) StdoutLine: {'line': b'-- Up-to-date: /root/lidar_system/install/rplidar_ros/share/rplidar_ros/cmake/ament_cmake_export_dependencies-extras.cmake\n'}
[0.910959] (rplidar_ros) StdoutLine: {'line': b'-- Up-to-date: /root/lidar_system/install/rplidar_ros/share/rplidar_ros/cmake/ament_cmake_export_include_directories-extras.cmake\n'}
[0.911506] (rplidar_ros) StdoutLine: {'line': b'-- Up-to-date: /root/lidar_system/install/rplidar_ros/share/rplidar_ros/cmake/rplidar_rosConfig.cmake\n'}
[0.912046] (rplidar_ros) StdoutLine: {'line': b'-- Up-to-date: /root/lidar_system/install/rplidar_ros/share/rplidar_ros/cmake/rplidar_rosConfig-version.cmake\n'}
[0.912699] (rplidar_ros) StdoutLine: {'line': b'-- Up-to-date: /root/lidar_system/install/rplidar_ros/share/rplidar_ros/package.xml\n'}
[0.913344] (-) TimerEvent: {}
[0.913531] (rplidar_ros) CommandEnded: {'returncode': 0}
[0.992483] (servo_control) StdoutLine: {'line': b"Listing '/root/lidar_system/install/servo_control/lib/python3.8/site-packages/servo_control'...\n"}
[1.000346] (servo_control) StdoutLine: {'line': b'-- Up-to-date: /root/lidar_system/install/servo_control/lib/servo_control/servo_motor_node.py\n'}
[1.009049] (servo_control) StdoutLine: {'line': b'-- Installing: /root/lidar_system/install/servo_control/lib/servo_control/lidar_bbox_open3d.py\n'}
[1.009796] (servo_control) StdoutLine: {'line': b'-- Up-to-date: /root/lidar_system/install/servo_control/share/ament_index/resource_index/package_run_dependencies/servo_control\n'}
[1.010353] (servo_control) StdoutLine: {'line': b'-- Up-to-date: /root/lidar_system/install/servo_control/share/ament_index/resource_index/parent_prefix_path/servo_control\n'}
[1.010947] (servo_control) StdoutLine: {'line': b'-- Up-to-date: /root/lidar_system/install/servo_control/share/servo_control/environment/ament_prefix_path.sh\n'}
[1.011522] (servo_control) StdoutLine: {'line': b'-- Up-to-date: /root/lidar_system/install/servo_control/share/servo_control/environment/ament_prefix_path.dsv\n'}
[1.012059] (servo_control) StdoutLine: {'line': b'-- Up-to-date: /root/lidar_system/install/servo_control/share/servo_control/environment/path.sh\n'}
[1.012628] (servo_control) StdoutLine: {'line': b'-- Up-to-date: /root/lidar_system/install/servo_control/share/servo_control/environment/path.dsv\n'}
[1.013169] (servo_control) StdoutLine: {'line': b'-- Up-to-date: /root/lidar_system/install/servo_control/share/servo_control/local_setup.bash\n'}
[1.013852] (-) TimerEvent: {}
[1.014036] (servo_control) StdoutLine: {'line': b'-- Up-to-date: /root/lidar_system/install/servo_control/share/servo_control/local_setup.sh\n'}
[1.014657] (servo_control) StdoutLine: {'line': b'-- Up-to-date: /root/lidar_system/install/servo_control/share/servo_control/local_setup.zsh\n'}
[1.015216] (servo_control) StdoutLine: {'line': b'-- Up-to-date: /root/lidar_system/install/servo_control/share/servo_control/local_setup.dsv\n'}
[1.015799] (servo_control) StdoutLine: {'line': b'-- Installing: /root/lidar_system/install/servo_control/share/servo_control/package.dsv\n'}
[1.016683] (servo_control) StdoutLine: {'line': b'-- Up-to-date: /root/lidar_system/install/servo_control/share/ament_index/resource_index/packages/servo_control\n'}
[1.017201] (servo_control) StdoutLine: {'line': b'-- Up-to-date: /root/lidar_system/install/servo_control/share/servo_control/cmake/servo_controlConfig.cmake\n'}
[1.017751] (servo_control) StdoutLine: {'line': b'-- Up-to-date: /root/lidar_system/install/servo_control/share/servo_control/cmake/servo_controlConfig-version.cmake\n'}
[1.018251] (servo_control) StdoutLine: {'line': b'-- Up-to-date: /root/lidar_system/install/servo_control/share/servo_control/package.xml\n'}
[1.018720] (servo_control) CommandEnded: {'returncode': 0}
[1.114121] (-) TimerEvent: {}
[1.216352] (-) TimerEvent: {}
[1.239802] (servo_control) JobEnded: {'identifier': 'servo_control', 'rc': 0}
[1.299345] (rplidar_ros) JobEnded: {'identifier': 'rplidar_ros', 'rc': 0}
[1.302413] (-) EventReactorShutdown: {}
