[0.116s] Invoking command in '/root/lidar_system/build/servo_control': CMAKE_PREFIX_PATH=/opt/ros/foxy /usr/bin/cmake /root/lidar_system/servo_control -DCMAKE_INSTALL_PREFIX=/root/lidar_system/install/servo_control
[0.342s] -- Found ament_cmake: 0.9.12 (/opt/ros/foxy/share/ament_cmake/cmake)
[0.442s] -- Using PYTHON_EXECUTABLE: /usr/bin/python3
[1.234s] -- Found rclcpp: 2.4.3 (/opt/ros/foxy/share/rclcpp/cmake)
[1.429s] -- Using all available rosidl_typesupport_c: rosidl_typesupport_fastrtps_c;rosidl_typesupport_introspection_c
[1.448s] -- Found rosidl_adapter: 1.3.1 (/opt/ros/foxy/share/rosidl_adapter/cmake)
[2.145s] -- Using all available rosidl_typesupport_cpp: rosidl_typesupport_fastrtps_cpp;rosidl_typesupport_introspection_cpp
[2.396s] -- Found rmw_implementation_cmake: 1.0.4 (/opt/ros/foxy/share/rmw_implementation_cmake/cmake)
[2.404s] -- Using RMW implementation 'rmw_fastrtps_cpp' as default
[3.098s] -- Found geometry_msgs: 2.0.5 (/opt/ros/foxy/share/geometry_msgs/cmake)
[3.259s] -- Found sensor_msgs: 2.0.5 (/opt/ros/foxy/share/sensor_msgs/cmake)
[3.591s] -- Found tf2_ros: 0.13.14 (/opt/ros/foxy/share/tf2_ros/cmake)
[5.154s] -- Found laser_geometry: 2.2.0 (/opt/ros/foxy/share/laser_geometry/cmake)
[5.178s] -- Found tf2_sensor_msgs: 0.13.14 (/opt/ros/foxy/share/tf2_sensor_msgs/cmake)
[5.317s] -- Checking for module 'eigen3'
[5.378s] --   Found eigen3, version 3.3.7
[5.516s] -- Found Eigen: /usr/include/eigen3 (Required is at least version "3.1") 
[5.517s] -- Eigen found (include: /usr/include/eigen3, version: 3.3.7)
[5.673s] -- Found Boost: /usr/include (found suitable version "1.71.0", minimum required is "1.55.0") found components: system filesystem date_time iostreams regex 
[5.779s] -- Checking for module 'flann'
[5.835s] --   Found flann, version 1.9.1
[5.979s] -- Found FLANN: /usr/lib/aarch64-linux-gnu/libflann_cpp.so  
[6.230s] -- The imported target "vtkParseOGLExt" references the file
[6.230s]    "/usr/bin/vtkParseOGLExt-7.1"
[6.230s] but this file does not exist.  Possible reasons include:
[6.231s] * The file was deleted, renamed, or moved to another location.
[6.231s] * An install or uninstall procedure did not complete successfully.
[6.231s] * The installation package was faulty and contained
[6.232s]    "/usr/lib/cmake/vtk-7.1/VTKTargets.cmake"
[6.232s] but not all the files it references.
[6.232s] 
[6.234s] -- The imported target "vtkRenderingPythonTkWidgets" references the file
[6.234s]    "/usr/lib/aarch64-linux-gnu/libvtkRenderingPythonTkWidgets.so"
[6.234s] but this file does not exist.  Possible reasons include:
[6.235s] * The file was deleted, renamed, or moved to another location.
[6.235s] * An install or uninstall procedure did not complete successfully.
[6.236s] * The installation package was faulty and contained
[6.236s]    "/usr/lib/cmake/vtk-7.1/VTKTargets.cmake"
[6.237s] but not all the files it references.
[6.237s] 
[6.237s] -- The imported target "vtk" references the file
[6.238s]    "/usr/bin/vtk"
[6.238s] but this file does not exist.  Possible reasons include:
[6.238s] * The file was deleted, renamed, or moved to another location.
[6.239s] * An install or uninstall procedure did not complete successfully.
[6.239s] * The installation package was faulty and contained
[6.240s]    "/usr/lib/cmake/vtk-7.1/VTKTargets.cmake"
[6.240s] but not all the files it references.
[6.240s] 
[6.241s] -- The imported target "pvtk" references the file
[6.241s]    "/usr/bin/pvtk"
[6.241s] but this file does not exist.  Possible reasons include:
[6.241s] * The file was deleted, renamed, or moved to another location.
[6.242s] * An install or uninstall procedure did not complete successfully.
[6.242s] * The installation package was faulty and contained
[6.242s]    "/usr/lib/cmake/vtk-7.1/VTKTargets.cmake"
[6.243s] but not all the files it references.
[6.243s] 
[6.382s] -- Checking for module 'libusb-1.0'
[6.394s] --   No package 'libusb-1.0' found
[6.404s] -- Could NOT find USB_10 (missing: USB_10_LIBRARY USB_10_INCLUDE_DIR) 
[6.405s] -- OpenNI disabled because libusb-1.0 not found.
[6.405s] ** WARNING ** io features related to openni will be disabled
[6.420s] -- Checking for module 'libusb-1.0'
[6.431s] --   No package 'libusb-1.0' found
[6.442s] -- Could NOT find USB_10 (missing: USB_10_LIBRARY USB_10_INCLUDE_DIR) 
[6.443s] -- OpenNI 2 disabled because libusb-1.0 not found.
[6.443s] ** WARNING ** io features related to openni2 will be disabled
[6.444s] ** WARNING ** io features related to pcap will be disabled
[6.444s] ** WARNING ** io features related to png will be disabled
[6.510s] -- LIBUSB_1_LIBRARY (missing: LIBUSB_1_INCLUDE_DIR) 
[6.511s] ** WARNING ** io features related to libusb-1.0 will be disabled
[6.526s] -- Checking for module 'libusb-1.0'
[6.538s] --   No package 'libusb-1.0' found
[6.547s] -- Could NOT find USB_10 (missing: USB_10_LIBRARY USB_10_INCLUDE_DIR) 
[6.548s] -- OpenNI disabled because libusb-1.0 not found.
[6.549s] ** WARNING ** visualization features related to openni will be disabled
[6.564s] -- Checking for module 'libusb-1.0'
[6.576s] --   No package 'libusb-1.0' found
[6.585s] -- Could NOT find USB_10 (missing: USB_10_LIBRARY USB_10_INCLUDE_DIR) 
[6.586s] -- OpenNI 2 disabled because libusb-1.0 not found.
[6.586s] ** WARNING ** visualization features related to openni2 will be disabled
[6.661s] -- Checking for module 'libusb-1.0'
[6.672s] --   No package 'libusb-1.0' found
[6.682s] -- Could NOT find USB_10 (missing: USB_10_LIBRARY USB_10_INCLUDE_DIR) 
[6.683s] -- OpenNI disabled because libusb-1.0 not found.
[6.683s] ** WARNING ** people features related to openni will be disabled
[6.698s] -- Checking for module 'libusb-1.0'
[6.709s] --   No package 'libusb-1.0' found
[6.719s] -- Could NOT find USB_10 (missing: USB_10_LIBRARY USB_10_INCLUDE_DIR) 
[6.720s] -- OpenNI 2 disabled because libusb-1.0 not found.
[6.720s] ** WARNING ** people features related to openni2 will be disabled
[6.721s] ** WARNING ** people features related to pcap will be disabled
[6.721s] ** WARNING ** people features related to png will be disabled
[6.787s] -- LIBUSB_1_LIBRARY (missing: LIBUSB_1_INCLUDE_DIR) 
[6.787s] ** WARNING ** people features related to libusb-1.0 will be disabled
[6.802s] -- Checking for module 'libusb-1.0'
[6.813s] --   No package 'libusb-1.0' found
[6.823s] -- Could NOT find USB_10 (missing: USB_10_LIBRARY USB_10_INCLUDE_DIR) 
[6.824s] -- OpenNI disabled because libusb-1.0 not found.
[6.824s] ** WARNING ** people features related to openni will be disabled
[6.839s] -- Checking for module 'libusb-1.0'
[6.851s] --   No package 'libusb-1.0' found
[6.861s] -- Could NOT find USB_10 (missing: USB_10_LIBRARY USB_10_INCLUDE_DIR) 
[6.861s] -- OpenNI 2 disabled because libusb-1.0 not found.
[6.861s] ** WARNING ** people features related to openni2 will be disabled
[6.923s] -- looking for PCL_COMMON
[6.927s] -- Found PCL_COMMON: /usr/lib/aarch64-linux-gnu/libpcl_common.so  
[6.928s] -- looking for PCL_KDTREE
[6.932s] -- Found PCL_KDTREE: /usr/lib/aarch64-linux-gnu/libpcl_kdtree.so  
[6.933s] -- looking for PCL_OCTREE
[6.937s] -- Found PCL_OCTREE: /usr/lib/aarch64-linux-gnu/libpcl_octree.so  
[6.938s] -- looking for PCL_SEARCH
[6.941s] -- Found PCL_SEARCH: /usr/lib/aarch64-linux-gnu/libpcl_search.so  
[6.943s] -- looking for PCL_SAMPLE_CONSENSUS
[6.946s] -- Found PCL_SAMPLE_CONSENSUS: /usr/lib/aarch64-linux-gnu/libpcl_sample_consensus.so  
[6.947s] -- looking for PCL_FILTERS
[6.952s] -- Found PCL_FILTERS: /usr/lib/aarch64-linux-gnu/libpcl_filters.so  
[6.953s] -- looking for PCL_2D
[6.955s] -- Found PCL_2D: /usr/include/pcl-1.10  
[6.956s] -- looking for PCL_FEATURES
[6.960s] -- Found PCL_FEATURES: /usr/lib/aarch64-linux-gnu/libpcl_features.so  
[6.961s] -- looking for PCL_IO
[6.965s] -- Found PCL_IO: /usr/lib/aarch64-linux-gnu/libpcl_io.so  
[6.967s] -- looking for PCL_GEOMETRY
[6.968s] -- Found PCL_GEOMETRY: /usr/include/pcl-1.10  
[6.969s] -- looking for PCL_VISUALIZATION
[6.974s] -- Found PCL_VISUALIZATION: /usr/lib/aarch64-linux-gnu/libpcl_visualization.so  
[6.975s] -- looking for PCL_ML
[6.979s] -- Found PCL_ML: /usr/lib/aarch64-linux-gnu/libpcl_ml.so  
[6.981s] -- looking for PCL_SEGMENTATION
[6.984s] -- Found PCL_SEGMENTATION: /usr/lib/aarch64-linux-gnu/libpcl_segmentation.so  
[6.986s] -- looking for PCL_PEOPLE
[6.990s] -- Found PCL_PEOPLE: /usr/lib/aarch64-linux-gnu/libpcl_people.so  
[6.996s] -- Found PCL: pcl_common;pcl_kdtree;pcl_octree;pcl_search;pcl_sample_consensus;pcl_filters;pcl_features;pcl_io;pcl_visualization;pcl_ml;pcl_segmentation;pcl_people;/usr/lib/aarch64-linux-gnu/libboost_system.so;/usr/lib/aarch64-linux-gnu/libboost_filesystem.so;/usr/lib/aarch64-linux-gnu/libboost_date_time.so;/usr/lib/aarch64-linux-gnu/libboost_iostreams.so;/usr/lib/aarch64-linux-gnu/libboost_regex.so;vtkChartsCore;vtkCommonColor;vtkCommonCore;vtksys;vtkCommonDataModel;vtkCommonMath;vtkCommonMisc;vtkCommonSystem;vtkCommonTransforms;vtkCommonExecutionModel;vtkFiltersGeneral;vtkCommonComputationalGeometry;vtkFiltersCore;vtkInfovisCore;vtkFiltersExtraction;vtkFiltersStatistics;vtkImagingFourier;vtkImagingCore;vtkalglib;vtkRenderingContext2D;vtkRenderingCore;vtkFiltersGeometry;vtkFiltersSources;vtkRenderingFreeType;/usr/lib/aarch64-linux-gnu/libfreetype.so;/usr/lib/aarch64-linux-gnu/libz.so;vtkFiltersModeling;vtkImagingSources;vtkInteractionStyle;vtkInteractionWidgets;vtkFiltersHybrid;vtkImagingColor;vtkImagingGeneral;vtkImagingHybrid;vtkIOImage;vtkDICOMParser;vtkmetaio;/usr/lib/aarch64-linux-gnu/libjpeg.so;/usr/lib/aarch64-linux-gnu/libpng.so;/usr/lib/aarch64-linux-gnu/libtiff.so;vtkRenderingAnnotation;vtkRenderingVolume;vtkIOXML;vtkIOCore;vtkIOXMLParser;/usr/lib/aarch64-linux-gnu/libexpat.so;vtkIOGeometry;vtkIOLegacy;vtkIOPLY;vtkRenderingLOD;vtkViewsContext2D;vtkViewsCore;vtkRenderingContextOpenGL2;vtkRenderingOpenGL2;FLANN::FLANN  
[7.003s] -- Found pcl_conversions: 2.2.1 (/opt/ros/foxy/share/pcl_conversions/cmake)
[7.765s] -- Found visualization_msgs: 2.0.5 (/opt/ros/foxy/share/visualization_msgs/cmake)
[8.269s] -- Found ament_lint_auto: 0.9.8 (/opt/ros/foxy/share/ament_lint_auto/cmake)
[8.531s] -- Configuring done
[8.652s] -- Generating done
[8.659s] -- Build files have been written to: /root/lidar_system/build/servo_control
[8.704s] Invoked command in '/root/lidar_system/build/servo_control' returned '0': CMAKE_PREFIX_PATH=/opt/ros/foxy /usr/bin/cmake /root/lidar_system/servo_control -DCMAKE_INSTALL_PREFIX=/root/lidar_system/install/servo_control
[8.713s] Invoking command in '/root/lidar_system/build/servo_control': CMAKE_PREFIX_PATH=/opt/ros/foxy /usr/bin/cmake --build /root/lidar_system/build/servo_control -- -j4 -l4
[8.863s] [35m[1mScanning dependencies of target scan_sequence_node[0m
[8.871s] [35m[1mScanning dependencies of target lidar_pointcloud_node[0m
[8.886s] [35m[1mScanning dependencies of target dynamic_tf_broadcaster[0m
[9.228s] [ 16%] [32mBuilding CXX object CMakeFiles/scan_sequence_node.dir/src/scan_sequence_node.cpp.o[0m
[9.231s] [ 33%] [32mBuilding CXX object CMakeFiles/dynamic_tf_broadcaster.dir/src/dynamic_tf_broadcaster.cpp.o[0m
[9.734s] [ 50%] [32mBuilding CXX object CMakeFiles/lidar_pointcloud_node.dir/src/lidar_pointcloud_node.cpp.o[0m
[24.406s] [ 66%] [32m[1mLinking CXX executable scan_sequence_node[0m
[25.253s] [ 66%] Built target scan_sequence_node
[34.800s] [ 83%] [32m[1mLinking CXX executable dynamic_tf_broadcaster[0m
[36.212s] [ 83%] Built target dynamic_tf_broadcaster
[43.089s] [100%] [32m[1mLinking CXX executable lidar_pointcloud_node[0m
[44.501s] [100%] Built target lidar_pointcloud_node
[44.539s] Invoked command in '/root/lidar_system/build/servo_control' returned '0': CMAKE_PREFIX_PATH=/opt/ros/foxy /usr/bin/cmake --build /root/lidar_system/build/servo_control -- -j4 -l4
[44.635s] Invoking command in '/root/lidar_system/build/servo_control': CMAKE_PREFIX_PATH=/opt/ros/foxy /usr/bin/cmake --install /root/lidar_system/build/servo_control
[44.666s] -- Install configuration: ""
[44.666s] -- Installing: /root/lidar_system/install/servo_control/lib/servo_control/dynamic_tf_broadcaster
[44.676s] -- Set runtime path of "/root/lidar_system/install/servo_control/lib/servo_control/dynamic_tf_broadcaster" to ""
[44.677s] -- Installing: /root/lidar_system/install/servo_control/lib/servo_control/lidar_pointcloud_node
[44.687s] -- Set runtime path of "/root/lidar_system/install/servo_control/lib/servo_control/lidar_pointcloud_node" to ""
[44.687s] -- Installing: /root/lidar_system/install/servo_control/lib/servo_control/scan_sequence_node
[44.692s] -- Set runtime path of "/root/lidar_system/install/servo_control/lib/servo_control/scan_sequence_node" to ""
[44.692s] -- Installing: /root/lidar_system/install/servo_control/share/servo_control/environment/pythonpath.sh
[44.693s] -- Installing: /root/lidar_system/install/servo_control/share/servo_control/environment/pythonpath.dsv
[44.693s] -- Installing: /root/lidar_system/install/servo_control/lib/python3.8/site-packages/servo_control
[44.693s] -- Installing: /root/lidar_system/install/servo_control/lib/python3.8/site-packages/servo_control/__init__.py
[44.848s] Listing '/root/lidar_system/install/servo_control/lib/python3.8/site-packages/servo_control'...
[44.849s] Compiling '/root/lidar_system/install/servo_control/lib/python3.8/site-packages/servo_control/__init__.py'...
[44.868s] -- Installing: /root/lidar_system/install/servo_control/lib/servo_control/servo_motor_node.py
[44.871s] -- Installing: /root/lidar_system/install/servo_control/share/ament_index/resource_index/package_run_dependencies/servo_control
[44.872s] -- Installing: /root/lidar_system/install/servo_control/share/ament_index/resource_index/parent_prefix_path/servo_control
[44.872s] -- Installing: /root/lidar_system/install/servo_control/share/servo_control/environment/ament_prefix_path.sh
[44.873s] -- Installing: /root/lidar_system/install/servo_control/share/servo_control/environment/ament_prefix_path.dsv
[44.874s] -- Installing: /root/lidar_system/install/servo_control/share/servo_control/environment/path.sh
[44.874s] -- Installing: /root/lidar_system/install/servo_control/share/servo_control/environment/path.dsv
[44.875s] -- Installing: /root/lidar_system/install/servo_control/share/servo_control/local_setup.bash
[44.875s] -- Installing: /root/lidar_system/install/servo_control/share/servo_control/local_setup.sh
[44.876s] -- Installing: /root/lidar_system/install/servo_control/share/servo_control/local_setup.zsh
[44.876s] -- Installing: /root/lidar_system/install/servo_control/share/servo_control/local_setup.dsv
[44.877s] -- Installing: /root/lidar_system/install/servo_control/share/servo_control/package.dsv
[44.878s] -- Installing: /root/lidar_system/install/servo_control/share/ament_index/resource_index/packages/servo_control
[44.878s] -- Installing: /root/lidar_system/install/servo_control/share/servo_control/cmake/servo_controlConfig.cmake
[44.879s] -- Installing: /root/lidar_system/install/servo_control/share/servo_control/cmake/servo_controlConfig-version.cmake
[44.879s] -- Installing: /root/lidar_system/install/servo_control/share/servo_control/package.xml
[44.897s] Invoked command in '/root/lidar_system/build/servo_control' returned '0': CMAKE_PREFIX_PATH=/opt/ros/foxy /usr/bin/cmake --install /root/lidar_system/build/servo_control
