[0.073s] Invoking command in '/root/lidar_system/build/servo_control': CMAKE_PREFIX_PATH=/opt/ros/foxy /usr/bin/cmake --build /root/lidar_system/build/servo_control -- -j4 -l4
[0.485s] [ 33%] Built target scan_sequence_node
[0.515s] [ 66%] Built target dynamic_tf_broadcaster
[0.602s] [100%] Built target lidar_pointcloud_node
[0.647s] Invoked command in '/root/lidar_system/build/servo_control' returned '0': CMAKE_PREFIX_PATH=/opt/ros/foxy /usr/bin/cmake --build /root/lidar_system/build/servo_control -- -j4 -l4
[0.797s] Invoking command in '/root/lidar_system/build/servo_control': CMAKE_PREFIX_PATH=/opt/ros/foxy /usr/bin/cmake --install /root/lidar_system/build/servo_control
[0.832s] -- Install configuration: ""
[0.833s] -- Up-to-date: /root/lidar_system/install/servo_control/lib/servo_control/dynamic_tf_broadcaster
[0.834s] -- Up-to-date: /root/lidar_system/install/servo_control/lib/servo_control/lidar_pointcloud_node
[0.834s] -- Up-to-date: /root/lidar_system/install/servo_control/lib/servo_control/scan_sequence_node
[0.834s] -- Up-to-date: /root/lidar_system/install/servo_control/share/servo_control/environment/pythonpath.sh
[0.835s] -- Up-to-date: /root/lidar_system/install/servo_control/share/servo_control/environment/pythonpath.dsv
[0.836s] -- Up-to-date: /root/lidar_system/install/servo_control/lib/python3.8/site-packages/servo_control
[0.840s] -- Up-to-date: /root/lidar_system/install/servo_control/lib/python3.8/site-packages/servo_control/__init__.py
[0.982s] Listing '/root/lidar_system/install/servo_control/lib/python3.8/site-packages/servo_control'...
[0.992s] -- Up-to-date: /root/lidar_system/install/servo_control/lib/servo_control/servo_motor_node.py
[0.992s] -- Up-to-date: /root/lidar_system/install/servo_control/share/ament_index/resource_index/package_run_dependencies/servo_control
[0.997s] -- Up-to-date: /root/lidar_system/install/servo_control/share/ament_index/resource_index/parent_prefix_path/servo_control
[0.998s] -- Up-to-date: /root/lidar_system/install/servo_control/share/servo_control/environment/ament_prefix_path.sh
[0.998s] -- Up-to-date: /root/lidar_system/install/servo_control/share/servo_control/environment/ament_prefix_path.dsv
[0.999s] -- Up-to-date: /root/lidar_system/install/servo_control/share/servo_control/environment/path.sh
[0.999s] -- Up-to-date: /root/lidar_system/install/servo_control/share/servo_control/environment/path.dsv
[1.001s] -- Up-to-date: /root/lidar_system/install/servo_control/share/servo_control/local_setup.bash
[1.002s] -- Up-to-date: /root/lidar_system/install/servo_control/share/servo_control/local_setup.sh
[1.002s] -- Up-to-date: /root/lidar_system/install/servo_control/share/servo_control/local_setup.zsh
[1.007s] -- Up-to-date: /root/lidar_system/install/servo_control/share/servo_control/local_setup.dsv
[1.008s] -- Installing: /root/lidar_system/install/servo_control/share/servo_control/package.dsv
[1.009s] -- Up-to-date: /root/lidar_system/install/servo_control/share/ament_index/resource_index/packages/servo_control
[1.010s] -- Up-to-date: /root/lidar_system/install/servo_control/share/servo_control/cmake/servo_controlConfig.cmake
[1.010s] -- Up-to-date: /root/lidar_system/install/servo_control/share/servo_control/cmake/servo_controlConfig-version.cmake
[1.011s] -- Up-to-date: /root/lidar_system/install/servo_control/share/servo_control/package.xml
[1.026s] Invoked command in '/root/lidar_system/build/servo_control' returned '0': CMAKE_PREFIX_PATH=/opt/ros/foxy /usr/bin/cmake --install /root/lidar_system/build/servo_control
