[1.471s] DEBUG:colcon:Command line arguments: ['/usr/bin/colcon', 'build']
[1.472s] DEBUG:colcon:Parsed command line arguments: Namespace(ament_cmake_args=None, base_paths=['.'], build_base='build', catkin_cmake_args=None, catkin_skip_building_tests=False, cmake_args=None, cmake_clean_cache=False, cmake_clean_first=False, cmake_force_configure=False, cmake_target=None, cmake_target_skip_unavailable=False, continue_on_error=False, event_handlers=None, executor='parallel', ignore_user_meta=False, install_base='install', log_base=None, log_level=None, main=<bound method BuildVerb.main of <colcon_core.verb.build.BuildVerb object at 0x7f78b5f0a0>>, merge_install=False, metas=['./colcon.meta'], mixin=None, mixin_files=None, mixin_verb=('build',), packages_above=None, packages_above_and_dependencies=None, packages_above_depth=None, packages_end=None, packages_ignore=None, packages_ignore_regex=None, packages_select=None, packages_select_build_failed=False, packages_select_by_dep=None, packages_select_regex=None, packages_select_test_failures=False, packages_skip=None, packages_skip_build_finished=False, packages_skip_by_dep=None, packages_skip_regex=None, packages_skip_test_passed=False, packages_skip_up_to=None, packages_start=None, packages_up_to=None, packages_up_to_regex=None, parallel_workers=4, paths=None, symlink_install=False, test_result_base=None, verb_extension=<colcon_core.verb.build.BuildVerb object at 0x7f78b5f0a0>, verb_name='build', verb_parser=<colcon_mixin.mixin.mixin_argument.MixinArgumentDecorator object at 0x7f78b5f700>)
[1.585s] Level 1:colcon.colcon_core.package_discovery:discover_packages(colcon_meta) check parameters
[1.588s] INFO:colcon.colcon_metadata.package_discovery.colcon_meta:Using configuration from '/root/.colcon/metadata/default/Gazebo.meta'
[1.590s] INFO:colcon.colcon_metadata.package_discovery.colcon_meta:Using configuration from '/root/.colcon/metadata/default/fastdds.meta'
[1.592s] INFO:colcon.colcon_metadata.package_discovery.colcon_meta:Using configuration from '/root/.colcon/metadata/default/fastrtps.meta'
[1.593s] Level 1:colcon.colcon_core.package_discovery:discover_packages(recursive) check parameters
[1.593s] Level 1:colcon.colcon_core.package_discovery:discover_packages(ignore) check parameters
[1.593s] Level 1:colcon.colcon_core.package_discovery:discover_packages(path) check parameters
[1.593s] Level 1:colcon.colcon_core.package_discovery:discover_packages(colcon_meta) discover
[1.593s] Level 1:colcon.colcon_core.package_discovery:discover_packages(recursive) discover
[1.593s] INFO:colcon.colcon_core.package_discovery:Crawling recursively for packages in '/root/lidar_system'
[1.594s] Level 1:colcon.colcon_core.package_identification:_identify(.) by extensions ['ignore', 'ignore_ament_install']
[1.594s] Level 1:colcon.colcon_core.package_identification:_identify(.) by extension 'ignore'
[1.594s] Level 1:colcon.colcon_core.package_identification:_identify(.) by extension 'ignore_ament_install'
[1.595s] Level 1:colcon.colcon_core.package_identification:_identify(.) by extensions ['colcon_pkg']
[1.595s] Level 1:colcon.colcon_core.package_identification:_identify(.) by extension 'colcon_pkg'
[1.595s] Level 1:colcon.colcon_core.package_identification:_identify(.) by extensions ['colcon_meta']
[1.595s] Level 1:colcon.colcon_core.package_identification:_identify(.) by extension 'colcon_meta'
[1.595s] Level 1:colcon.colcon_core.package_identification:_identify(.) by extensions ['ros']
[1.595s] Level 1:colcon.colcon_core.package_identification:_identify(.) by extension 'ros'
[1.682s] Level 1:colcon.colcon_core.package_identification:_identify(.) by extensions ['cmake', 'python']
[1.682s] Level 1:colcon.colcon_core.package_identification:_identify(.) by extension 'cmake'
[1.682s] Level 1:colcon.colcon_core.package_identification:_identify(.) by extension 'python'
[1.682s] Level 1:colcon.colcon_core.package_identification:_identify(.) by extensions ['python_setup_py']
[1.682s] Level 1:colcon.colcon_core.package_identification:_identify(.) by extension 'python_setup_py'
[1.683s] Level 1:colcon.colcon_core.package_identification:_identify(build) by extensions ['ignore', 'ignore_ament_install']
[1.683s] Level 1:colcon.colcon_core.package_identification:_identify(build) by extension 'ignore'
[1.684s] Level 1:colcon.colcon_core.package_identification:_identify(build) ignored
[1.684s] Level 1:colcon.colcon_core.package_identification:_identify(images) by extensions ['ignore', 'ignore_ament_install']
[1.685s] Level 1:colcon.colcon_core.package_identification:_identify(images) by extension 'ignore'
[1.685s] Level 1:colcon.colcon_core.package_identification:_identify(images) by extension 'ignore_ament_install'
[1.685s] Level 1:colcon.colcon_core.package_identification:_identify(images) by extensions ['colcon_pkg']
[1.685s] Level 1:colcon.colcon_core.package_identification:_identify(images) by extension 'colcon_pkg'
[1.686s] Level 1:colcon.colcon_core.package_identification:_identify(images) by extensions ['colcon_meta']
[1.686s] Level 1:colcon.colcon_core.package_identification:_identify(images) by extension 'colcon_meta'
[1.686s] Level 1:colcon.colcon_core.package_identification:_identify(images) by extensions ['ros']
[1.686s] Level 1:colcon.colcon_core.package_identification:_identify(images) by extension 'ros'
[1.687s] Level 1:colcon.colcon_core.package_identification:_identify(images) by extensions ['cmake', 'python']
[1.687s] Level 1:colcon.colcon_core.package_identification:_identify(images) by extension 'cmake'
[1.687s] Level 1:colcon.colcon_core.package_identification:_identify(images) by extension 'python'
[1.687s] Level 1:colcon.colcon_core.package_identification:_identify(images) by extensions ['python_setup_py']
[1.687s] Level 1:colcon.colcon_core.package_identification:_identify(images) by extension 'python_setup_py'
[1.688s] Level 1:colcon.colcon_core.package_identification:_identify(install) by extensions ['ignore', 'ignore_ament_install']
[1.688s] Level 1:colcon.colcon_core.package_identification:_identify(install) by extension 'ignore'
[1.689s] Level 1:colcon.colcon_core.package_identification:_identify(install) ignored
[1.690s] Level 1:colcon.colcon_core.package_identification:_identify(log) by extensions ['ignore', 'ignore_ament_install']
[1.690s] Level 1:colcon.colcon_core.package_identification:_identify(log) by extension 'ignore'
[1.690s] Level 1:colcon.colcon_core.package_identification:_identify(log) ignored
[1.691s] Level 1:colcon.colcon_core.package_identification:_identify(rplidar_ros) by extensions ['ignore', 'ignore_ament_install']
[1.691s] Level 1:colcon.colcon_core.package_identification:_identify(rplidar_ros) by extension 'ignore'
[1.691s] Level 1:colcon.colcon_core.package_identification:_identify(rplidar_ros) by extension 'ignore_ament_install'
[1.691s] Level 1:colcon.colcon_core.package_identification:_identify(rplidar_ros) by extensions ['colcon_pkg']
[1.692s] Level 1:colcon.colcon_core.package_identification:_identify(rplidar_ros) by extension 'colcon_pkg'
[1.692s] Level 1:colcon.colcon_core.package_identification:_identify(rplidar_ros) by extensions ['colcon_meta']
[1.692s] Level 1:colcon.colcon_core.package_identification:_identify(rplidar_ros) by extension 'colcon_meta'
[1.692s] Level 1:colcon.colcon_core.package_identification:_identify(rplidar_ros) by extensions ['ros']
[1.692s] Level 1:colcon.colcon_core.package_identification:_identify(rplidar_ros) by extension 'ros'
[1.703s] DEBUG:colcon.colcon_core.package_identification:Package 'rplidar_ros' with type 'ros.ament_cmake' and name 'rplidar_ros'
[1.703s] Level 1:colcon.colcon_core.package_identification:_identify(servo_control) by extensions ['ignore', 'ignore_ament_install']
[1.704s] Level 1:colcon.colcon_core.package_identification:_identify(servo_control) by extension 'ignore'
[1.704s] Level 1:colcon.colcon_core.package_identification:_identify(servo_control) by extension 'ignore_ament_install'
[1.704s] Level 1:colcon.colcon_core.package_identification:_identify(servo_control) by extensions ['colcon_pkg']
[1.704s] Level 1:colcon.colcon_core.package_identification:_identify(servo_control) by extension 'colcon_pkg'
[1.704s] Level 1:colcon.colcon_core.package_identification:_identify(servo_control) by extensions ['colcon_meta']
[1.705s] Level 1:colcon.colcon_core.package_identification:_identify(servo_control) by extension 'colcon_meta'
[1.705s] Level 1:colcon.colcon_core.package_identification:_identify(servo_control) by extensions ['ros']
[1.705s] Level 1:colcon.colcon_core.package_identification:_identify(servo_control) by extension 'ros'
[1.710s] DEBUG:colcon.colcon_core.package_identification:Package 'servo_control' with type 'ros.ament_cmake' and name 'servo_control'
[1.710s] Level 1:colcon.colcon_core.package_discovery:discover_packages(recursive) using defaults
[1.710s] Level 1:colcon.colcon_core.package_discovery:discover_packages(ignore) discover
[1.710s] Level 1:colcon.colcon_core.package_discovery:discover_packages(ignore) using defaults
[1.711s] Level 1:colcon.colcon_core.package_discovery:discover_packages(path) discover
[1.711s] Level 1:colcon.colcon_core.package_discovery:discover_packages(path) using defaults
[1.798s] Level 5:colcon.colcon_core.verb:set package 'rplidar_ros' build argument 'cmake_args' from command line to 'None'
[1.799s] Level 5:colcon.colcon_core.verb:set package 'rplidar_ros' build argument 'cmake_target' from command line to 'None'
[1.799s] Level 5:colcon.colcon_core.verb:set package 'rplidar_ros' build argument 'cmake_target_skip_unavailable' from command line to 'False'
[1.799s] Level 5:colcon.colcon_core.verb:set package 'rplidar_ros' build argument 'cmake_clean_cache' from command line to 'False'
[1.799s] Level 5:colcon.colcon_core.verb:set package 'rplidar_ros' build argument 'cmake_clean_first' from command line to 'False'
[1.799s] Level 5:colcon.colcon_core.verb:set package 'rplidar_ros' build argument 'cmake_force_configure' from command line to 'False'
[1.799s] Level 5:colcon.colcon_core.verb:set package 'rplidar_ros' build argument 'ament_cmake_args' from command line to 'None'
[1.799s] Level 5:colcon.colcon_core.verb:set package 'rplidar_ros' build argument 'catkin_cmake_args' from command line to 'None'
[1.799s] Level 5:colcon.colcon_core.verb:set package 'rplidar_ros' build argument 'catkin_skip_building_tests' from command line to 'False'
[1.800s] DEBUG:colcon.colcon_core.verb:Building package 'rplidar_ros' with the following arguments: {'ament_cmake_args': None, 'build_base': '/root/lidar_system/build/rplidar_ros', 'catkin_cmake_args': None, 'catkin_skip_building_tests': False, 'cmake_args': None, 'cmake_clean_cache': False, 'cmake_clean_first': False, 'cmake_force_configure': False, 'cmake_target': None, 'cmake_target_skip_unavailable': False, 'install_base': '/root/lidar_system/install/rplidar_ros', 'merge_install': False, 'path': '/root/lidar_system/rplidar_ros', 'symlink_install': False, 'test_result_base': None}
[1.804s] Level 5:colcon.colcon_core.verb:set package 'servo_control' build argument 'cmake_args' from command line to 'None'
[1.804s] Level 5:colcon.colcon_core.verb:set package 'servo_control' build argument 'cmake_target' from command line to 'None'
[1.805s] Level 5:colcon.colcon_core.verb:set package 'servo_control' build argument 'cmake_target_skip_unavailable' from command line to 'False'
[1.805s] Level 5:colcon.colcon_core.verb:set package 'servo_control' build argument 'cmake_clean_cache' from command line to 'False'
[1.805s] Level 5:colcon.colcon_core.verb:set package 'servo_control' build argument 'cmake_clean_first' from command line to 'False'
[1.805s] Level 5:colcon.colcon_core.verb:set package 'servo_control' build argument 'cmake_force_configure' from command line to 'False'
[1.805s] Level 5:colcon.colcon_core.verb:set package 'servo_control' build argument 'ament_cmake_args' from command line to 'None'
[1.805s] Level 5:colcon.colcon_core.verb:set package 'servo_control' build argument 'catkin_cmake_args' from command line to 'None'
[1.805s] Level 5:colcon.colcon_core.verb:set package 'servo_control' build argument 'catkin_skip_building_tests' from command line to 'False'
[1.805s] DEBUG:colcon.colcon_core.verb:Building package 'servo_control' with the following arguments: {'ament_cmake_args': None, 'build_base': '/root/lidar_system/build/servo_control', 'catkin_cmake_args': None, 'catkin_skip_building_tests': False, 'cmake_args': None, 'cmake_clean_cache': False, 'cmake_clean_first': False, 'cmake_force_configure': False, 'cmake_target': None, 'cmake_target_skip_unavailable': False, 'install_base': '/root/lidar_system/install/servo_control', 'merge_install': False, 'path': '/root/lidar_system/servo_control', 'symlink_install': False, 'test_result_base': None}
[1.808s] INFO:colcon.colcon_core.executor:Executing jobs using 'parallel' executor
[1.825s] DEBUG:colcon.colcon_parallel_executor.executor.parallel:run_until_complete
[1.825s] INFO:colcon.colcon_ros.task.ament_cmake.build:Building ROS package in '/root/lidar_system/rplidar_ros' with build type 'ament_cmake'
[1.826s] INFO:colcon.colcon_cmake.task.cmake.build:Building CMake package in '/root/lidar_system/rplidar_ros'
[1.845s] INFO:colcon.colcon_core.plugin_system:Skipping extension 'colcon_core.shell.bat': Not used on non-Windows systems
[1.846s] INFO:colcon.colcon_core.shell:Skip shell extension 'powershell' for command environment: Not usable outside of PowerShell
[1.846s] DEBUG:colcon.colcon_core.shell:Skip shell extension 'dsv' for command environment
[1.875s] INFO:colcon.colcon_ros.task.ament_cmake.build:Building ROS package in '/root/lidar_system/servo_control' with build type 'ament_cmake'
[1.876s] INFO:colcon.colcon_cmake.task.cmake.build:Building CMake package in '/root/lidar_system/servo_control'
[1.884s] INFO:colcon.colcon_core.shell:Skip shell extension 'powershell' for command environment: Not usable outside of PowerShell
[1.885s] DEBUG:colcon.colcon_core.shell:Skip shell extension 'dsv' for command environment
[1.924s] DEBUG:colcon.colcon_core.event_handler.log_command:Invoking command in '/root/lidar_system/build/rplidar_ros': CMAKE_PREFIX_PATH=/opt/ros/foxy /usr/bin/cmake --build /root/lidar_system/build/rplidar_ros -- -j4 -l4
[1.940s] DEBUG:colcon.colcon_core.event_handler.log_command:Invoking command in '/root/lidar_system/build/servo_control': CMAKE_PREFIX_PATH=/opt/ros/foxy /usr/bin/cmake --build /root/lidar_system/build/servo_control -- -j4 -l4
[2.314s] DEBUG:colcon.colcon_core.event_handler.log_command:Invoked command in '/root/lidar_system/build/rplidar_ros' returned '0': CMAKE_PREFIX_PATH=/opt/ros/foxy /usr/bin/cmake --build /root/lidar_system/build/rplidar_ros -- -j4 -l4
[2.344s] DEBUG:colcon.colcon_core.event_handler.log_command:Invoked command in '/root/lidar_system/build/servo_control' returned '0': CMAKE_PREFIX_PATH=/opt/ros/foxy /usr/bin/cmake --build /root/lidar_system/build/servo_control -- -j4 -l4
[2.472s] DEBUG:colcon.colcon_core.event_handler.log_command:Invoking command in '/root/lidar_system/build/servo_control': CMAKE_PREFIX_PATH=/opt/ros/foxy /usr/bin/cmake --install /root/lidar_system/build/servo_control
[2.484s] DEBUG:colcon.colcon_core.event_handler.log_command:Invoking command in '/root/lidar_system/build/rplidar_ros': CMAKE_PREFIX_PATH=/opt/ros/foxy /usr/bin/cmake --install /root/lidar_system/build/rplidar_ros
[2.534s] Level 1:colcon.colcon_core.environment:create_environment_scripts_only(rplidar_ros)
[2.561s] DEBUG:colcon.colcon_core.event_handler.log_command:Invoked command in '/root/lidar_system/build/rplidar_ros' returned '0': CMAKE_PREFIX_PATH=/opt/ros/foxy /usr/bin/cmake --install /root/lidar_system/build/rplidar_ros
[2.571s] Level 1:colcon.colcon_core.environment:checking '/root/lidar_system/install/rplidar_ros' for CMake module files
[2.574s] Level 1:colcon.colcon_core.environment:checking '/root/lidar_system/install/rplidar_ros' for CMake config files
[2.575s] Level 1:colcon.colcon_core.shell:create_environment_hook('rplidar_ros', 'cmake_prefix_path')
[2.583s] INFO:colcon.colcon_core.shell:Creating environment hook '/root/lidar_system/install/rplidar_ros/share/rplidar_ros/hook/cmake_prefix_path.ps1'
[2.586s] INFO:colcon.colcon_core.shell:Creating environment descriptor '/root/lidar_system/install/rplidar_ros/share/rplidar_ros/hook/cmake_prefix_path.dsv'
[2.588s] INFO:colcon.colcon_core.shell:Creating environment hook '/root/lidar_system/install/rplidar_ros/share/rplidar_ros/hook/cmake_prefix_path.sh'
[2.591s] Level 1:colcon.colcon_core.environment:checking '/root/lidar_system/install/rplidar_ros/lib'
[2.592s] Level 1:colcon.colcon_core.environment:checking '/root/lidar_system/install/rplidar_ros/bin'
[2.593s] Level 1:colcon.colcon_core.environment:checking '/root/lidar_system/install/rplidar_ros/lib/pkgconfig/rplidar_ros.pc'
[2.596s] Level 1:colcon.colcon_core.environment:checking '/root/lidar_system/install/rplidar_ros/lib/python3.8/site-packages'
[2.596s] Level 1:colcon.colcon_core.environment:checking '/root/lidar_system/install/rplidar_ros/bin'
[2.604s] INFO:colcon.colcon_core.shell:Creating package script '/root/lidar_system/install/rplidar_ros/share/rplidar_ros/package.ps1'
[2.608s] INFO:colcon.colcon_core.shell:Creating package descriptor '/root/lidar_system/install/rplidar_ros/share/rplidar_ros/package.dsv'
[2.610s] INFO:colcon.colcon_core.shell:Creating package script '/root/lidar_system/install/rplidar_ros/share/rplidar_ros/package.sh'
[2.613s] INFO:colcon.colcon_core.shell:Creating package script '/root/lidar_system/install/rplidar_ros/share/rplidar_ros/package.bash'
[2.617s] INFO:colcon.colcon_core.shell:Creating package script '/root/lidar_system/install/rplidar_ros/share/rplidar_ros/package.zsh'
[2.620s] Level 1:colcon.colcon_core.environment:create_file_with_runtime_dependencies(/root/lidar_system/install/rplidar_ros/share/colcon-core/packages/rplidar_ros)
[2.658s] Level 1:colcon.colcon_core.environment:create_environment_scripts_only(servo_control)
[2.670s] Level 1:colcon.colcon_core.environment:checking '/root/lidar_system/install/servo_control' for CMake module files
[2.676s] DEBUG:colcon.colcon_core.event_handler.log_command:Invoked command in '/root/lidar_system/build/servo_control' returned '0': CMAKE_PREFIX_PATH=/opt/ros/foxy /usr/bin/cmake --install /root/lidar_system/build/servo_control
[2.677s] Level 1:colcon.colcon_core.environment:checking '/root/lidar_system/install/servo_control' for CMake config files
[2.679s] Level 1:colcon.colcon_core.shell:create_environment_hook('servo_control', 'cmake_prefix_path')
[2.686s] INFO:colcon.colcon_core.shell:Creating environment hook '/root/lidar_system/install/servo_control/share/servo_control/hook/cmake_prefix_path.ps1'
[2.689s] INFO:colcon.colcon_core.shell:Creating environment descriptor '/root/lidar_system/install/servo_control/share/servo_control/hook/cmake_prefix_path.dsv'
[2.690s] INFO:colcon.colcon_core.shell:Creating environment hook '/root/lidar_system/install/servo_control/share/servo_control/hook/cmake_prefix_path.sh'
[2.693s] Level 1:colcon.colcon_core.environment:checking '/root/lidar_system/install/servo_control/lib'
[2.693s] Level 1:colcon.colcon_core.environment:checking '/root/lidar_system/install/servo_control/bin'
[2.694s] Level 1:colcon.colcon_core.environment:checking '/root/lidar_system/install/servo_control/lib/pkgconfig/servo_control.pc'
[2.694s] Level 1:colcon.colcon_core.environment:checking '/root/lidar_system/install/servo_control/lib/python3.8/site-packages'
[2.695s] Level 1:colcon.colcon_core.shell:create_environment_hook('servo_control', 'pythonpath')
[2.702s] INFO:colcon.colcon_core.shell:Creating environment hook '/root/lidar_system/install/servo_control/share/servo_control/hook/pythonpath.ps1'
[2.704s] INFO:colcon.colcon_core.shell:Creating environment descriptor '/root/lidar_system/install/servo_control/share/servo_control/hook/pythonpath.dsv'
[2.706s] INFO:colcon.colcon_core.shell:Creating environment hook '/root/lidar_system/install/servo_control/share/servo_control/hook/pythonpath.sh'
[2.709s] Level 1:colcon.colcon_core.environment:checking '/root/lidar_system/install/servo_control/bin'
[2.717s] INFO:colcon.colcon_core.shell:Creating package script '/root/lidar_system/install/servo_control/share/servo_control/package.ps1'
[2.719s] INFO:colcon.colcon_core.shell:Creating package descriptor '/root/lidar_system/install/servo_control/share/servo_control/package.dsv'
[2.721s] INFO:colcon.colcon_core.shell:Creating package script '/root/lidar_system/install/servo_control/share/servo_control/package.sh'
[2.723s] INFO:colcon.colcon_core.shell:Creating package script '/root/lidar_system/install/servo_control/share/servo_control/package.bash'
[2.725s] INFO:colcon.colcon_core.shell:Creating package script '/root/lidar_system/install/servo_control/share/servo_control/package.zsh'
[2.727s] Level 1:colcon.colcon_core.environment:create_file_with_runtime_dependencies(/root/lidar_system/install/servo_control/share/colcon-core/packages/servo_control)
[2.792s] Level 1:colcon.colcon_core.environment:create_environment_scripts_only(rplidar_ros)
[2.803s] Level 1:colcon.colcon_core.environment:checking '/root/lidar_system/install/rplidar_ros' for CMake module files
[2.806s] Level 1:colcon.colcon_core.environment:checking '/root/lidar_system/install/rplidar_ros' for CMake config files
[2.808s] Level 1:colcon.colcon_core.shell:create_environment_hook('rplidar_ros', 'cmake_prefix_path')
[2.815s] INFO:colcon.colcon_core.shell:Creating environment hook '/root/lidar_system/install/rplidar_ros/share/rplidar_ros/hook/cmake_prefix_path.ps1'
[2.818s] INFO:colcon.colcon_core.shell:Creating environment descriptor '/root/lidar_system/install/rplidar_ros/share/rplidar_ros/hook/cmake_prefix_path.dsv'
[2.820s] INFO:colcon.colcon_core.shell:Creating environment hook '/root/lidar_system/install/rplidar_ros/share/rplidar_ros/hook/cmake_prefix_path.sh'
[2.822s] Level 1:colcon.colcon_core.environment:checking '/root/lidar_system/install/rplidar_ros/lib'
[2.822s] Level 1:colcon.colcon_core.environment:checking '/root/lidar_system/install/rplidar_ros/bin'
[2.823s] Level 1:colcon.colcon_core.environment:checking '/root/lidar_system/install/rplidar_ros/lib/pkgconfig/rplidar_ros.pc'
[2.823s] Level 1:colcon.colcon_core.environment:checking '/root/lidar_system/install/rplidar_ros/lib/python3.8/site-packages'
[2.824s] Level 1:colcon.colcon_core.environment:checking '/root/lidar_system/install/rplidar_ros/bin'
[2.831s] INFO:colcon.colcon_core.shell:Creating package script '/root/lidar_system/install/rplidar_ros/share/rplidar_ros/package.ps1'
[2.834s] INFO:colcon.colcon_core.shell:Creating package descriptor '/root/lidar_system/install/rplidar_ros/share/rplidar_ros/package.dsv'
[2.836s] INFO:colcon.colcon_core.shell:Creating package script '/root/lidar_system/install/rplidar_ros/share/rplidar_ros/package.sh'
[2.838s] INFO:colcon.colcon_core.shell:Creating package script '/root/lidar_system/install/rplidar_ros/share/rplidar_ros/package.bash'
[2.839s] INFO:colcon.colcon_core.shell:Creating package script '/root/lidar_system/install/rplidar_ros/share/rplidar_ros/package.zsh'
[2.841s] Level 1:colcon.colcon_core.environment:create_file_with_runtime_dependencies(/root/lidar_system/install/rplidar_ros/share/colcon-core/packages/rplidar_ros)
[2.851s] Level 1:colcon.colcon_core.environment:create_environment_scripts_only(servo_control)
[2.862s] Level 1:colcon.colcon_core.environment:checking '/root/lidar_system/install/servo_control' for CMake module files
[2.865s] Level 1:colcon.colcon_core.environment:checking '/root/lidar_system/install/servo_control' for CMake config files
[2.867s] Level 1:colcon.colcon_core.shell:create_environment_hook('servo_control', 'cmake_prefix_path')
[2.873s] INFO:colcon.colcon_core.shell:Creating environment hook '/root/lidar_system/install/servo_control/share/servo_control/hook/cmake_prefix_path.ps1'
[2.875s] INFO:colcon.colcon_core.shell:Creating environment descriptor '/root/lidar_system/install/servo_control/share/servo_control/hook/cmake_prefix_path.dsv'
[2.877s] INFO:colcon.colcon_core.shell:Creating environment hook '/root/lidar_system/install/servo_control/share/servo_control/hook/cmake_prefix_path.sh'
[2.879s] Level 1:colcon.colcon_core.environment:checking '/root/lidar_system/install/servo_control/lib'
[2.880s] Level 1:colcon.colcon_core.environment:checking '/root/lidar_system/install/servo_control/bin'
[2.880s] Level 1:colcon.colcon_core.environment:checking '/root/lidar_system/install/servo_control/lib/pkgconfig/servo_control.pc'
[2.881s] Level 1:colcon.colcon_core.environment:checking '/root/lidar_system/install/servo_control/lib/python3.8/site-packages'
[2.881s] Level 1:colcon.colcon_core.shell:create_environment_hook('servo_control', 'pythonpath')
[2.888s] INFO:colcon.colcon_core.shell:Creating environment hook '/root/lidar_system/install/servo_control/share/servo_control/hook/pythonpath.ps1'
[2.889s] INFO:colcon.colcon_core.shell:Creating environment descriptor '/root/lidar_system/install/servo_control/share/servo_control/hook/pythonpath.dsv'
[2.891s] INFO:colcon.colcon_core.shell:Creating environment hook '/root/lidar_system/install/servo_control/share/servo_control/hook/pythonpath.sh'
[2.893s] Level 1:colcon.colcon_core.environment:checking '/root/lidar_system/install/servo_control/bin'
[2.901s] INFO:colcon.colcon_core.shell:Creating package script '/root/lidar_system/install/servo_control/share/servo_control/package.ps1'
[2.903s] INFO:colcon.colcon_core.shell:Creating package descriptor '/root/lidar_system/install/servo_control/share/servo_control/package.dsv'
[2.906s] INFO:colcon.colcon_core.shell:Creating package script '/root/lidar_system/install/servo_control/share/servo_control/package.sh'
[2.907s] INFO:colcon.colcon_core.shell:Creating package script '/root/lidar_system/install/servo_control/share/servo_control/package.bash'
[2.909s] INFO:colcon.colcon_core.shell:Creating package script '/root/lidar_system/install/servo_control/share/servo_control/package.zsh'
[2.910s] Level 1:colcon.colcon_core.environment:create_file_with_runtime_dependencies(/root/lidar_system/install/servo_control/share/colcon-core/packages/servo_control)
[2.911s] DEBUG:colcon.colcon_parallel_executor.executor.parallel:closing loop
[2.912s] DEBUG:colcon.colcon_parallel_executor.executor.parallel:loop closed
[2.912s] DEBUG:colcon.colcon_parallel_executor.executor.parallel:run_until_complete finished with '0'
[2.912s] DEBUG:colcon.colcon_core.event_reactor:joining thread
[2.936s] INFO:colcon.colcon_core.plugin_system:Skipping extension 'colcon_notification.desktop_notification.notify_send': Could not find 'notify-send'
[2.937s] INFO:colcon.colcon_core.plugin_system:Skipping extension 'colcon_notification.desktop_notification.terminal_notifier': Not used on non-Darwin systems
[2.937s] INFO:colcon.colcon_core.plugin_system:Skipping extension 'colcon_notification.desktop_notification.win32': Not used on non-Windows systems
[2.938s] INFO:colcon.colcon_notification.desktop_notification:Sending desktop notification using 'notify2'
[2.964s] DEBUG:colcon.colcon_notification.desktop_notification.notify2:Failed to initialize notify2: org.freedesktop.DBus.Error.ServiceUnknown: The name org.freedesktop.Notifications was not provided by any .service files
[2.965s] DEBUG:colcon.colcon_core.event_reactor:joined thread
[2.972s] INFO:colcon.colcon_core.shell:Creating prefix script '/root/lidar_system/install/local_setup.ps1'
[2.976s] INFO:colcon.colcon_core.shell:Creating prefix util module '/root/lidar_system/install/_local_setup_util_ps1.py'
[2.982s] INFO:colcon.colcon_core.shell:Creating prefix chain script '/root/lidar_system/install/setup.ps1'
[2.988s] INFO:colcon.colcon_core.shell:Creating prefix script '/root/lidar_system/install/local_setup.sh'
[2.990s] INFO:colcon.colcon_core.shell:Creating prefix util module '/root/lidar_system/install/_local_setup_util_sh.py'
[2.991s] INFO:colcon.colcon_core.shell:Creating prefix chain script '/root/lidar_system/install/setup.sh'
[2.997s] INFO:colcon.colcon_core.shell:Creating prefix script '/root/lidar_system/install/local_setup.bash'
[2.999s] INFO:colcon.colcon_core.shell:Creating prefix chain script '/root/lidar_system/install/setup.bash'
[3.004s] INFO:colcon.colcon_core.shell:Creating prefix script '/root/lidar_system/install/local_setup.zsh'
[3.006s] INFO:colcon.colcon_core.shell:Creating prefix chain script '/root/lidar_system/install/setup.zsh'
