[1.894s] DEBUG:colcon:Command line arguments: ['/usr/bin/colcon', 'build']
[1.894s] DEBUG:colcon:Parsed command line arguments: Namespace(ament_cmake_args=None, base_paths=['.'], build_base='build', catkin_cmake_args=None, catkin_skip_building_tests=False, cmake_args=None, cmake_clean_cache=False, cmake_clean_first=False, cmake_force_configure=False, cmake_target=None, cmake_target_skip_unavailable=False, continue_on_error=False, event_handlers=None, executor='parallel', ignore_user_meta=False, install_base='install', log_base=None, log_level=None, main=<bound method BuildVerb.main of <colcon_core.verb.build.BuildVerb object at 0x7f9b23e850>>, merge_install=False, metas=['./colcon.meta'], mixin=None, mixin_files=None, mixin_verb=('build',), packages_above=None, packages_above_and_dependencies=None, packages_above_depth=None, packages_end=None, packages_ignore=None, packages_ignore_regex=None, packages_select=None, packages_select_build_failed=False, packages_select_by_dep=None, packages_select_regex=None, packages_select_test_failures=False, packages_skip=None, packages_skip_build_finished=False, packages_skip_by_dep=None, packages_skip_regex=None, packages_skip_test_passed=False, packages_skip_up_to=None, packages_start=None, packages_up_to=None, packages_up_to_regex=None, parallel_workers=4, paths=None, symlink_install=False, test_result_base=None, verb_extension=<colcon_core.verb.build.BuildVerb object at 0x7f9b23e850>, verb_name='build', verb_parser=<colcon_mixin.mixin.mixin_argument.MixinArgumentDecorator object at 0x7f9b23ee20>)
[2.061s] Level 1:colcon.colcon_core.package_discovery:discover_packages(colcon_meta) check parameters
[2.065s] INFO:colcon.colcon_metadata.package_discovery.colcon_meta:Using configuration from '/root/.colcon/metadata/default/Gazebo.meta'
[2.068s] INFO:colcon.colcon_metadata.package_discovery.colcon_meta:Using configuration from '/root/.colcon/metadata/default/fastdds.meta'
[2.071s] INFO:colcon.colcon_metadata.package_discovery.colcon_meta:Using configuration from '/root/.colcon/metadata/default/fastrtps.meta'
[2.071s] Level 1:colcon.colcon_core.package_discovery:discover_packages(recursive) check parameters
[2.072s] Level 1:colcon.colcon_core.package_discovery:discover_packages(ignore) check parameters
[2.072s] Level 1:colcon.colcon_core.package_discovery:discover_packages(path) check parameters
[2.072s] Level 1:colcon.colcon_core.package_discovery:discover_packages(colcon_meta) discover
[2.072s] Level 1:colcon.colcon_core.package_discovery:discover_packages(recursive) discover
[2.073s] INFO:colcon.colcon_core.package_discovery:Crawling recursively for packages in '/root/lidar_system'
[2.073s] Level 1:colcon.colcon_core.package_identification:_identify(.) by extensions ['ignore', 'ignore_ament_install']
[2.074s] Level 1:colcon.colcon_core.package_identification:_identify(.) by extension 'ignore'
[2.074s] Level 1:colcon.colcon_core.package_identification:_identify(.) by extension 'ignore_ament_install'
[2.074s] Level 1:colcon.colcon_core.package_identification:_identify(.) by extensions ['colcon_pkg']
[2.075s] Level 1:colcon.colcon_core.package_identification:_identify(.) by extension 'colcon_pkg'
[2.075s] Level 1:colcon.colcon_core.package_identification:_identify(.) by extensions ['colcon_meta']
[2.075s] Level 1:colcon.colcon_core.package_identification:_identify(.) by extension 'colcon_meta'
[2.076s] Level 1:colcon.colcon_core.package_identification:_identify(.) by extensions ['ros']
[2.076s] Level 1:colcon.colcon_core.package_identification:_identify(.) by extension 'ros'
[2.182s] Level 1:colcon.colcon_core.package_identification:_identify(.) by extensions ['cmake', 'python']
[2.182s] Level 1:colcon.colcon_core.package_identification:_identify(.) by extension 'cmake'
[2.182s] Level 1:colcon.colcon_core.package_identification:_identify(.) by extension 'python'
[2.183s] Level 1:colcon.colcon_core.package_identification:_identify(.) by extensions ['python_setup_py']
[2.183s] Level 1:colcon.colcon_core.package_identification:_identify(.) by extension 'python_setup_py'
[2.184s] Level 1:colcon.colcon_core.package_identification:_identify(build) by extensions ['ignore', 'ignore_ament_install']
[2.184s] Level 1:colcon.colcon_core.package_identification:_identify(build) by extension 'ignore'
[2.185s] Level 1:colcon.colcon_core.package_identification:_identify(build) ignored
[2.185s] Level 1:colcon.colcon_core.package_identification:_identify(install) by extensions ['ignore', 'ignore_ament_install']
[2.186s] Level 1:colcon.colcon_core.package_identification:_identify(install) by extension 'ignore'
[2.187s] Level 1:colcon.colcon_core.package_identification:_identify(install) ignored
[2.187s] Level 1:colcon.colcon_core.package_identification:_identify(log) by extensions ['ignore', 'ignore_ament_install']
[2.188s] Level 1:colcon.colcon_core.package_identification:_identify(log) by extension 'ignore'
[2.188s] Level 1:colcon.colcon_core.package_identification:_identify(log) ignored
[2.189s] Level 1:colcon.colcon_core.package_identification:_identify(rplidar_ros) by extensions ['ignore', 'ignore_ament_install']
[2.189s] Level 1:colcon.colcon_core.package_identification:_identify(rplidar_ros) by extension 'ignore'
[2.190s] Level 1:colcon.colcon_core.package_identification:_identify(rplidar_ros) by extension 'ignore_ament_install'
[2.190s] Level 1:colcon.colcon_core.package_identification:_identify(rplidar_ros) by extensions ['colcon_pkg']
[2.191s] Level 1:colcon.colcon_core.package_identification:_identify(rplidar_ros) by extension 'colcon_pkg'
[2.191s] Level 1:colcon.colcon_core.package_identification:_identify(rplidar_ros) by extensions ['colcon_meta']
[2.191s] Level 1:colcon.colcon_core.package_identification:_identify(rplidar_ros) by extension 'colcon_meta'
[2.191s] Level 1:colcon.colcon_core.package_identification:_identify(rplidar_ros) by extensions ['ros']
[2.192s] Level 1:colcon.colcon_core.package_identification:_identify(rplidar_ros) by extension 'ros'
[2.204s] DEBUG:colcon.colcon_core.package_identification:Package 'rplidar_ros' with type 'ros.ament_cmake' and name 'rplidar_ros'
[2.205s] Level 1:colcon.colcon_core.package_identification:_identify(servo_control) by extensions ['ignore', 'ignore_ament_install']
[2.205s] Level 1:colcon.colcon_core.package_identification:_identify(servo_control) by extension 'ignore'
[2.206s] Level 1:colcon.colcon_core.package_identification:_identify(servo_control) by extension 'ignore_ament_install'
[2.206s] Level 1:colcon.colcon_core.package_identification:_identify(servo_control) by extensions ['colcon_pkg']
[2.206s] Level 1:colcon.colcon_core.package_identification:_identify(servo_control) by extension 'colcon_pkg'
[2.207s] Level 1:colcon.colcon_core.package_identification:_identify(servo_control) by extensions ['colcon_meta']
[2.207s] Level 1:colcon.colcon_core.package_identification:_identify(servo_control) by extension 'colcon_meta'
[2.207s] Level 1:colcon.colcon_core.package_identification:_identify(servo_control) by extensions ['ros']
[2.207s] Level 1:colcon.colcon_core.package_identification:_identify(servo_control) by extension 'ros'
[2.214s] DEBUG:colcon.colcon_core.package_identification:Package 'servo_control' with type 'ros.ament_cmake' and name 'servo_control'
[2.214s] Level 1:colcon.colcon_core.package_discovery:discover_packages(recursive) using defaults
[2.214s] Level 1:colcon.colcon_core.package_discovery:discover_packages(ignore) discover
[2.215s] Level 1:colcon.colcon_core.package_discovery:discover_packages(ignore) using defaults
[2.215s] Level 1:colcon.colcon_core.package_discovery:discover_packages(path) discover
[2.215s] Level 1:colcon.colcon_core.package_discovery:discover_packages(path) using defaults
[2.327s] Level 5:colcon.colcon_core.verb:set package 'rplidar_ros' build argument 'cmake_args' from command line to 'None'
[2.327s] Level 5:colcon.colcon_core.verb:set package 'rplidar_ros' build argument 'cmake_target' from command line to 'None'
[2.328s] Level 5:colcon.colcon_core.verb:set package 'rplidar_ros' build argument 'cmake_target_skip_unavailable' from command line to 'False'
[2.328s] Level 5:colcon.colcon_core.verb:set package 'rplidar_ros' build argument 'cmake_clean_cache' from command line to 'False'
[2.328s] Level 5:colcon.colcon_core.verb:set package 'rplidar_ros' build argument 'cmake_clean_first' from command line to 'False'
[2.328s] Level 5:colcon.colcon_core.verb:set package 'rplidar_ros' build argument 'cmake_force_configure' from command line to 'False'
[2.328s] Level 5:colcon.colcon_core.verb:set package 'rplidar_ros' build argument 'ament_cmake_args' from command line to 'None'
[2.329s] Level 5:colcon.colcon_core.verb:set package 'rplidar_ros' build argument 'catkin_cmake_args' from command line to 'None'
[2.329s] Level 5:colcon.colcon_core.verb:set package 'rplidar_ros' build argument 'catkin_skip_building_tests' from command line to 'False'
[2.329s] DEBUG:colcon.colcon_core.verb:Building package 'rplidar_ros' with the following arguments: {'ament_cmake_args': None, 'build_base': '/root/lidar_system/build/rplidar_ros', 'catkin_cmake_args': None, 'catkin_skip_building_tests': False, 'cmake_args': None, 'cmake_clean_cache': False, 'cmake_clean_first': False, 'cmake_force_configure': False, 'cmake_target': None, 'cmake_target_skip_unavailable': False, 'install_base': '/root/lidar_system/install/rplidar_ros', 'merge_install': False, 'path': '/root/lidar_system/rplidar_ros', 'symlink_install': False, 'test_result_base': None}
[2.336s] Level 5:colcon.colcon_core.verb:set package 'servo_control' build argument 'cmake_args' from command line to 'None'
[2.336s] Level 5:colcon.colcon_core.verb:set package 'servo_control' build argument 'cmake_target' from command line to 'None'
[2.336s] Level 5:colcon.colcon_core.verb:set package 'servo_control' build argument 'cmake_target_skip_unavailable' from command line to 'False'
[2.336s] Level 5:colcon.colcon_core.verb:set package 'servo_control' build argument 'cmake_clean_cache' from command line to 'False'
[2.336s] Level 5:colcon.colcon_core.verb:set package 'servo_control' build argument 'cmake_clean_first' from command line to 'False'
[2.337s] Level 5:colcon.colcon_core.verb:set package 'servo_control' build argument 'cmake_force_configure' from command line to 'False'
[2.337s] Level 5:colcon.colcon_core.verb:set package 'servo_control' build argument 'ament_cmake_args' from command line to 'None'
[2.337s] Level 5:colcon.colcon_core.verb:set package 'servo_control' build argument 'catkin_cmake_args' from command line to 'None'
[2.337s] Level 5:colcon.colcon_core.verb:set package 'servo_control' build argument 'catkin_skip_building_tests' from command line to 'False'
[2.338s] DEBUG:colcon.colcon_core.verb:Building package 'servo_control' with the following arguments: {'ament_cmake_args': None, 'build_base': '/root/lidar_system/build/servo_control', 'catkin_cmake_args': None, 'catkin_skip_building_tests': False, 'cmake_args': None, 'cmake_clean_cache': False, 'cmake_clean_first': False, 'cmake_force_configure': False, 'cmake_target': None, 'cmake_target_skip_unavailable': False, 'install_base': '/root/lidar_system/install/servo_control', 'merge_install': False, 'path': '/root/lidar_system/servo_control', 'symlink_install': False, 'test_result_base': None}
[2.342s] INFO:colcon.colcon_core.executor:Executing jobs using 'parallel' executor
[2.374s] DEBUG:colcon.colcon_parallel_executor.executor.parallel:run_until_complete
[2.376s] INFO:colcon.colcon_ros.task.ament_cmake.build:Building ROS package in '/root/lidar_system/rplidar_ros' with build type 'ament_cmake'
[2.377s] INFO:colcon.colcon_cmake.task.cmake.build:Building CMake package in '/root/lidar_system/rplidar_ros'
[2.401s] INFO:colcon.colcon_core.plugin_system:Skipping extension 'colcon_core.shell.bat': Not used on non-Windows systems
[2.403s] INFO:colcon.colcon_core.shell:Skip shell extension 'powershell' for command environment: Not usable outside of PowerShell
[2.403s] DEBUG:colcon.colcon_core.shell:Skip shell extension 'dsv' for command environment
[2.437s] INFO:colcon.colcon_ros.task.ament_cmake.build:Building ROS package in '/root/lidar_system/servo_control' with build type 'ament_cmake'
[2.439s] INFO:colcon.colcon_cmake.task.cmake.build:Building CMake package in '/root/lidar_system/servo_control'
[2.449s] INFO:colcon.colcon_core.shell:Skip shell extension 'powershell' for command environment: Not usable outside of PowerShell
[2.450s] DEBUG:colcon.colcon_core.shell:Skip shell extension 'dsv' for command environment
[2.492s] DEBUG:colcon.colcon_core.event_handler.log_command:Invoking command in '/root/lidar_system/build/rplidar_ros': CMAKE_PREFIX_PATH=/opt/ros/foxy /usr/bin/cmake --build /root/lidar_system/build/rplidar_ros -- -j4 -l4
[2.528s] DEBUG:colcon.colcon_core.event_handler.log_command:Invoking command in '/root/lidar_system/build/servo_control': CMAKE_PREFIX_PATH=/opt/ros/foxy /usr/bin/cmake --build /root/lidar_system/build/servo_control -- -j4 -l4
[3.611s] DEBUG:colcon.colcon_core.event_handler.log_command:Invoked command in '/root/lidar_system/build/rplidar_ros' returned '0': CMAKE_PREFIX_PATH=/opt/ros/foxy /usr/bin/cmake --build /root/lidar_system/build/rplidar_ros -- -j4 -l4
[3.694s] DEBUG:colcon.colcon_core.event_handler.log_command:Invoked command in '/root/lidar_system/build/servo_control' returned '0': CMAKE_PREFIX_PATH=/opt/ros/foxy /usr/bin/cmake --build /root/lidar_system/build/servo_control -- -j4 -l4
[3.887s] DEBUG:colcon.colcon_core.event_handler.log_command:Invoking command in '/root/lidar_system/build/servo_control': CMAKE_PREFIX_PATH=/opt/ros/foxy /usr/bin/cmake --install /root/lidar_system/build/servo_control
[3.922s] DEBUG:colcon.colcon_core.event_handler.log_command:Invoking command in '/root/lidar_system/build/rplidar_ros': CMAKE_PREFIX_PATH=/opt/ros/foxy /usr/bin/cmake --install /root/lidar_system/build/rplidar_ros
[4.033s] Level 1:colcon.colcon_core.environment:create_environment_scripts_only(rplidar_ros)
[4.090s] DEBUG:colcon.colcon_core.event_handler.log_command:Invoked command in '/root/lidar_system/build/rplidar_ros' returned '0': CMAKE_PREFIX_PATH=/opt/ros/foxy /usr/bin/cmake --install /root/lidar_system/build/rplidar_ros
[4.106s] Level 1:colcon.colcon_core.environment:checking '/root/lidar_system/install/rplidar_ros' for CMake module files
[4.109s] Level 1:colcon.colcon_core.environment:checking '/root/lidar_system/install/rplidar_ros' for CMake config files
[4.111s] Level 1:colcon.colcon_core.shell:create_environment_hook('rplidar_ros', 'cmake_prefix_path')
[4.122s] INFO:colcon.colcon_core.shell:Creating environment hook '/root/lidar_system/install/rplidar_ros/share/rplidar_ros/hook/cmake_prefix_path.ps1'
[4.126s] INFO:colcon.colcon_core.shell:Creating environment descriptor '/root/lidar_system/install/rplidar_ros/share/rplidar_ros/hook/cmake_prefix_path.dsv'
[4.128s] INFO:colcon.colcon_core.shell:Creating environment hook '/root/lidar_system/install/rplidar_ros/share/rplidar_ros/hook/cmake_prefix_path.sh'
[4.133s] Level 1:colcon.colcon_core.environment:checking '/root/lidar_system/install/rplidar_ros/lib'
[4.134s] Level 1:colcon.colcon_core.environment:checking '/root/lidar_system/install/rplidar_ros/bin'
[4.135s] Level 1:colcon.colcon_core.environment:checking '/root/lidar_system/install/rplidar_ros/lib/pkgconfig/rplidar_ros.pc'
[4.139s] Level 1:colcon.colcon_core.environment:checking '/root/lidar_system/install/rplidar_ros/lib/python3.8/site-packages'
[4.140s] Level 1:colcon.colcon_core.environment:checking '/root/lidar_system/install/rplidar_ros/bin'
[4.150s] INFO:colcon.colcon_core.shell:Creating package script '/root/lidar_system/install/rplidar_ros/share/rplidar_ros/package.ps1'
[4.157s] INFO:colcon.colcon_core.shell:Creating package descriptor '/root/lidar_system/install/rplidar_ros/share/rplidar_ros/package.dsv'
[4.161s] INFO:colcon.colcon_core.shell:Creating package script '/root/lidar_system/install/rplidar_ros/share/rplidar_ros/package.sh'
[4.165s] INFO:colcon.colcon_core.shell:Creating package script '/root/lidar_system/install/rplidar_ros/share/rplidar_ros/package.bash'
[4.170s] INFO:colcon.colcon_core.shell:Creating package script '/root/lidar_system/install/rplidar_ros/share/rplidar_ros/package.zsh'
[4.174s] Level 1:colcon.colcon_core.environment:create_file_with_runtime_dependencies(/root/lidar_system/install/rplidar_ros/share/colcon-core/packages/rplidar_ros)
[4.250s] Level 1:colcon.colcon_core.environment:create_environment_scripts_only(servo_control)
[4.268s] Level 1:colcon.colcon_core.environment:checking '/root/lidar_system/install/servo_control' for CMake module files
[4.273s] DEBUG:colcon.colcon_core.event_handler.log_command:Invoked command in '/root/lidar_system/build/servo_control' returned '0': CMAKE_PREFIX_PATH=/opt/ros/foxy /usr/bin/cmake --install /root/lidar_system/build/servo_control
[4.278s] Level 1:colcon.colcon_core.environment:checking '/root/lidar_system/install/servo_control' for CMake config files
[4.280s] Level 1:colcon.colcon_core.shell:create_environment_hook('servo_control', 'cmake_prefix_path')
[4.289s] INFO:colcon.colcon_core.shell:Creating environment hook '/root/lidar_system/install/servo_control/share/servo_control/hook/cmake_prefix_path.ps1'
[4.292s] INFO:colcon.colcon_core.shell:Creating environment descriptor '/root/lidar_system/install/servo_control/share/servo_control/hook/cmake_prefix_path.dsv'
[4.295s] INFO:colcon.colcon_core.shell:Creating environment hook '/root/lidar_system/install/servo_control/share/servo_control/hook/cmake_prefix_path.sh'
[4.301s] Level 1:colcon.colcon_core.environment:checking '/root/lidar_system/install/servo_control/lib'
[4.302s] Level 1:colcon.colcon_core.environment:checking '/root/lidar_system/install/servo_control/bin'
[4.305s] Level 1:colcon.colcon_core.environment:checking '/root/lidar_system/install/servo_control/lib/pkgconfig/servo_control.pc'
[4.309s] Level 1:colcon.colcon_core.environment:checking '/root/lidar_system/install/servo_control/lib/python3.8/site-packages'
[4.310s] Level 1:colcon.colcon_core.shell:create_environment_hook('servo_control', 'pythonpath')
[4.319s] INFO:colcon.colcon_core.shell:Creating environment hook '/root/lidar_system/install/servo_control/share/servo_control/hook/pythonpath.ps1'
[4.321s] INFO:colcon.colcon_core.shell:Creating environment descriptor '/root/lidar_system/install/servo_control/share/servo_control/hook/pythonpath.dsv'
[4.323s] INFO:colcon.colcon_core.shell:Creating environment hook '/root/lidar_system/install/servo_control/share/servo_control/hook/pythonpath.sh'
[4.327s] Level 1:colcon.colcon_core.environment:checking '/root/lidar_system/install/servo_control/bin'
[4.339s] INFO:colcon.colcon_core.shell:Creating package script '/root/lidar_system/install/servo_control/share/servo_control/package.ps1'
[4.343s] INFO:colcon.colcon_core.shell:Creating package descriptor '/root/lidar_system/install/servo_control/share/servo_control/package.dsv'
[4.346s] INFO:colcon.colcon_core.shell:Creating package script '/root/lidar_system/install/servo_control/share/servo_control/package.sh'
[4.349s] INFO:colcon.colcon_core.shell:Creating package script '/root/lidar_system/install/servo_control/share/servo_control/package.bash'
[4.351s] INFO:colcon.colcon_core.shell:Creating package script '/root/lidar_system/install/servo_control/share/servo_control/package.zsh'
[4.353s] Level 1:colcon.colcon_core.environment:create_file_with_runtime_dependencies(/root/lidar_system/install/servo_control/share/colcon-core/packages/servo_control)
[4.505s] Level 1:colcon.colcon_core.environment:create_environment_scripts_only(servo_control)
[4.520s] Level 1:colcon.colcon_core.environment:checking '/root/lidar_system/install/servo_control' for CMake module files
[4.523s] Level 1:colcon.colcon_core.environment:checking '/root/lidar_system/install/servo_control' for CMake config files
[4.525s] Level 1:colcon.colcon_core.shell:create_environment_hook('servo_control', 'cmake_prefix_path')
[4.534s] INFO:colcon.colcon_core.shell:Creating environment hook '/root/lidar_system/install/servo_control/share/servo_control/hook/cmake_prefix_path.ps1'
[4.536s] INFO:colcon.colcon_core.shell:Creating environment descriptor '/root/lidar_system/install/servo_control/share/servo_control/hook/cmake_prefix_path.dsv'
[4.538s] INFO:colcon.colcon_core.shell:Creating environment hook '/root/lidar_system/install/servo_control/share/servo_control/hook/cmake_prefix_path.sh'
[4.541s] Level 1:colcon.colcon_core.environment:checking '/root/lidar_system/install/servo_control/lib'
[4.541s] Level 1:colcon.colcon_core.environment:checking '/root/lidar_system/install/servo_control/bin'
[4.542s] Level 1:colcon.colcon_core.environment:checking '/root/lidar_system/install/servo_control/lib/pkgconfig/servo_control.pc'
[4.544s] Level 1:colcon.colcon_core.environment:checking '/root/lidar_system/install/servo_control/lib/python3.8/site-packages'
[4.544s] Level 1:colcon.colcon_core.shell:create_environment_hook('servo_control', 'pythonpath')
[4.556s] INFO:colcon.colcon_core.shell:Creating environment hook '/root/lidar_system/install/servo_control/share/servo_control/hook/pythonpath.ps1'
[4.558s] INFO:colcon.colcon_core.shell:Creating environment descriptor '/root/lidar_system/install/servo_control/share/servo_control/hook/pythonpath.dsv'
[4.560s] INFO:colcon.colcon_core.shell:Creating environment hook '/root/lidar_system/install/servo_control/share/servo_control/hook/pythonpath.sh'
[4.562s] Level 1:colcon.colcon_core.environment:checking '/root/lidar_system/install/servo_control/bin'
[4.570s] INFO:colcon.colcon_core.shell:Creating package script '/root/lidar_system/install/servo_control/share/servo_control/package.ps1'
[4.573s] INFO:colcon.colcon_core.shell:Creating package descriptor '/root/lidar_system/install/servo_control/share/servo_control/package.dsv'
[4.577s] INFO:colcon.colcon_core.shell:Creating package script '/root/lidar_system/install/servo_control/share/servo_control/package.sh'
[4.580s] INFO:colcon.colcon_core.shell:Creating package script '/root/lidar_system/install/servo_control/share/servo_control/package.bash'
[4.583s] INFO:colcon.colcon_core.shell:Creating package script '/root/lidar_system/install/servo_control/share/servo_control/package.zsh'
[4.585s] Level 1:colcon.colcon_core.environment:create_file_with_runtime_dependencies(/root/lidar_system/install/servo_control/share/colcon-core/packages/servo_control)
[4.600s] Level 1:colcon.colcon_core.environment:create_environment_scripts_only(rplidar_ros)
[4.616s] Level 1:colcon.colcon_core.environment:checking '/root/lidar_system/install/rplidar_ros' for CMake module files
[4.620s] Level 1:colcon.colcon_core.environment:checking '/root/lidar_system/install/rplidar_ros' for CMake config files
[4.622s] Level 1:colcon.colcon_core.shell:create_environment_hook('rplidar_ros', 'cmake_prefix_path')
[4.630s] INFO:colcon.colcon_core.shell:Creating environment hook '/root/lidar_system/install/rplidar_ros/share/rplidar_ros/hook/cmake_prefix_path.ps1'
[4.632s] INFO:colcon.colcon_core.shell:Creating environment descriptor '/root/lidar_system/install/rplidar_ros/share/rplidar_ros/hook/cmake_prefix_path.dsv'
[4.634s] INFO:colcon.colcon_core.shell:Creating environment hook '/root/lidar_system/install/rplidar_ros/share/rplidar_ros/hook/cmake_prefix_path.sh'
[4.636s] Level 1:colcon.colcon_core.environment:checking '/root/lidar_system/install/rplidar_ros/lib'
[4.637s] Level 1:colcon.colcon_core.environment:checking '/root/lidar_system/install/rplidar_ros/bin'
[4.637s] Level 1:colcon.colcon_core.environment:checking '/root/lidar_system/install/rplidar_ros/lib/pkgconfig/rplidar_ros.pc'
[4.638s] Level 1:colcon.colcon_core.environment:checking '/root/lidar_system/install/rplidar_ros/lib/python3.8/site-packages'
[4.639s] Level 1:colcon.colcon_core.environment:checking '/root/lidar_system/install/rplidar_ros/bin'
[4.648s] INFO:colcon.colcon_core.shell:Creating package script '/root/lidar_system/install/rplidar_ros/share/rplidar_ros/package.ps1'
[4.651s] INFO:colcon.colcon_core.shell:Creating package descriptor '/root/lidar_system/install/rplidar_ros/share/rplidar_ros/package.dsv'
[4.654s] INFO:colcon.colcon_core.shell:Creating package script '/root/lidar_system/install/rplidar_ros/share/rplidar_ros/package.sh'
[4.656s] INFO:colcon.colcon_core.shell:Creating package script '/root/lidar_system/install/rplidar_ros/share/rplidar_ros/package.bash'
[4.659s] INFO:colcon.colcon_core.shell:Creating package script '/root/lidar_system/install/rplidar_ros/share/rplidar_ros/package.zsh'
[4.661s] Level 1:colcon.colcon_core.environment:create_file_with_runtime_dependencies(/root/lidar_system/install/rplidar_ros/share/colcon-core/packages/rplidar_ros)
[4.662s] DEBUG:colcon.colcon_parallel_executor.executor.parallel:closing loop
[4.664s] DEBUG:colcon.colcon_parallel_executor.executor.parallel:loop closed
[4.664s] DEBUG:colcon.colcon_parallel_executor.executor.parallel:run_until_complete finished with '0'
[4.665s] DEBUG:colcon.colcon_core.event_reactor:joining thread
[4.699s] INFO:colcon.colcon_core.plugin_system:Skipping extension 'colcon_notification.desktop_notification.notify_send': Could not find 'notify-send'
[4.700s] INFO:colcon.colcon_core.plugin_system:Skipping extension 'colcon_notification.desktop_notification.terminal_notifier': Not used on non-Darwin systems
[4.701s] INFO:colcon.colcon_core.plugin_system:Skipping extension 'colcon_notification.desktop_notification.win32': Not used on non-Windows systems
[4.701s] INFO:colcon.colcon_notification.desktop_notification:Sending desktop notification using 'notify2'
[4.736s] DEBUG:colcon.colcon_notification.desktop_notification.notify2:Failed to initialize notify2: org.freedesktop.DBus.Error.ServiceUnknown: The name org.freedesktop.Notifications was not provided by any .service files
[4.737s] DEBUG:colcon.colcon_core.event_reactor:joined thread
[4.750s] INFO:colcon.colcon_core.shell:Creating prefix script '/root/lidar_system/install/local_setup.ps1'
[4.756s] INFO:colcon.colcon_core.shell:Creating prefix util module '/root/lidar_system/install/_local_setup_util_ps1.py'
[4.762s] INFO:colcon.colcon_core.shell:Creating prefix chain script '/root/lidar_system/install/setup.ps1'
[4.769s] INFO:colcon.colcon_core.shell:Creating prefix script '/root/lidar_system/install/local_setup.sh'
[4.772s] INFO:colcon.colcon_core.shell:Creating prefix util module '/root/lidar_system/install/_local_setup_util_sh.py'
[4.775s] INFO:colcon.colcon_core.shell:Creating prefix chain script '/root/lidar_system/install/setup.sh'
[4.782s] INFO:colcon.colcon_core.shell:Creating prefix script '/root/lidar_system/install/local_setup.bash'
[4.785s] INFO:colcon.colcon_core.shell:Creating prefix chain script '/root/lidar_system/install/setup.bash'
[4.791s] INFO:colcon.colcon_core.shell:Creating prefix script '/root/lidar_system/install/local_setup.zsh'
[4.793s] INFO:colcon.colcon_core.shell:Creating prefix chain script '/root/lidar_system/install/setup.zsh'
