[0.106s] Invoking command in '/root/lidar_system/build/rplidar_ros': CMAKE_PREFIX_PATH=/opt/ros/foxy /usr/bin/cmake --build /root/lidar_system/build/rplidar_ros -- -j4 -l4
[0.365s] [  5%] Built target rplidar_client
[0.369s] [ 52%] Built target rplidar_composition
[0.398s] [100%] Built target rplidar_node
[0.439s] Invoked command in '/root/lidar_system/build/rplidar_ros' returned '0': CMAKE_PREFIX_PATH=/opt/ros/foxy /usr/bin/cmake --build /root/lidar_system/build/rplidar_ros -- -j4 -l4
[0.644s] Invoking command in '/root/lidar_system/build/rplidar_ros': CMAKE_PREFIX_PATH=/opt/ros/foxy /usr/bin/cmake --install /root/lidar_system/build/rplidar_ros
[0.682s] -- Install configuration: ""
[0.693s] -- Installing: /root/lidar_system/install/rplidar_ros/share/rplidar_ros/launch
[0.694s] -- Installing: /root/lidar_system/install/rplidar_ros/share/rplidar_ros/launch/rplidar_a3_launch.py
[0.695s] -- Installing: /root/lidar_system/install/rplidar_ros/share/rplidar_ros/launch/view_rplidar_a2m8_launch.py
[0.696s] -- Installing: /root/lidar_system/install/rplidar_ros/share/rplidar_ros/launch/view_rplidar_a2m7_launch.py
[0.697s] -- Installing: /root/lidar_system/install/rplidar_ros/share/rplidar_ros/launch/rplidar_s2_launch.py
[0.698s] -- Installing: /root/lidar_system/install/rplidar_ros/share/rplidar_ros/launch/rplidar_s1_tcp_launch.py
[0.699s] -- Installing: /root/lidar_system/install/rplidar_ros/share/rplidar_ros/launch/view_rplidar_a1_launch.py
[0.700s] -- Installing: /root/lidar_system/install/rplidar_ros/share/rplidar_ros/launch/rplidar_t1_launch.py
[0.701s] -- Installing: /root/lidar_system/install/rplidar_ros/share/rplidar_ros/launch/system_launch.py
[0.701s] -- Installing: /root/lidar_system/install/rplidar_ros/share/rplidar_ros/launch/rplidar_a1_launch.py
[0.702s] -- Installing: /root/lidar_system/install/rplidar_ros/share/rplidar_ros/launch/view_rplidar_s1_launch.py
[0.703s] -- Installing: /root/lidar_system/install/rplidar_ros/share/rplidar_ros/launch/view_rplidar_s2_launch.py
[0.704s] -- Installing: /root/lidar_system/install/rplidar_ros/share/rplidar_ros/launch/view_rplidar_s2e_launch.py
[0.705s] -- Installing: /root/lidar_system/install/rplidar_ros/share/rplidar_ros/launch/view_rplidar_a2m12_launch.py
[0.706s] -- Installing: /root/lidar_system/install/rplidar_ros/share/rplidar_ros/launch/rplidar_a2m7_launch.py
[0.706s] -- Installing: /root/lidar_system/install/rplidar_ros/share/rplidar_ros/launch/rplidar_s2e_launch.py
[0.707s] -- Installing: /root/lidar_system/install/rplidar_ros/share/rplidar_ros/launch/view_rplidar_s1_tcp_launch.py
[0.708s] -- Installing: /root/lidar_system/install/rplidar_ros/share/rplidar_ros/launch/rplidar_a2m12_launch.py
[0.709s] -- Installing: /root/lidar_system/install/rplidar_ros/share/rplidar_ros/launch/rplidar_s1_launch.py
[0.710s] -- Installing: /root/lidar_system/install/rplidar_ros/share/rplidar_ros/launch/rplidar_s3_launch.py
[0.711s] -- Installing: /root/lidar_system/install/rplidar_ros/share/rplidar_ros/launch/rplidar_a2m8_launch.py
[0.712s] -- Installing: /root/lidar_system/install/rplidar_ros/share/rplidar_ros/launch/view_rplidar_t1_launch.py
[0.712s] -- Installing: /root/lidar_system/install/rplidar_ros/share/rplidar_ros/launch/view_rplidar_a3_launch.py
[0.713s] -- Installing: /root/lidar_system/install/rplidar_ros/share/rplidar_ros/launch/rplidar_c1_launch.py
[0.714s] -- Installing: /root/lidar_system/install/rplidar_ros/share/rplidar_ros/launch/view_rplidar_s3_launch.py
[0.715s] -- Installing: /root/lidar_system/install/rplidar_ros/share/rplidar_ros/launch/view_rplidar_c1_launch.py
[0.716s] -- Installing: /root/lidar_system/install/rplidar_ros/share/rplidar_ros/rviz
[0.716s] -- Installing: /root/lidar_system/install/rplidar_ros/share/rplidar_ros/rviz/rplidar_ros.rviz
[0.718s] -- Installing: /root/lidar_system/install/rplidar_ros/lib/rplidar_ros/rplidar_node
[0.725s] -- Set runtime path of "/root/lidar_system/install/rplidar_ros/lib/rplidar_ros/rplidar_node" to ""
[0.725s] -- Installing: /root/lidar_system/install/rplidar_ros/lib/rplidar_ros/rplidar_composition
[0.733s] -- Set runtime path of "/root/lidar_system/install/rplidar_ros/lib/rplidar_ros/rplidar_composition" to ""
[0.734s] -- Installing: /root/lidar_system/install/rplidar_ros/lib/rplidar_ros/rplidar_client
[0.741s] -- Set runtime path of "/root/lidar_system/install/rplidar_ros/lib/rplidar_ros/rplidar_client" to ""
[0.742s] -- Installing: /root/lidar_system/install/rplidar_ros/share/ament_index/resource_index/package_run_dependencies/rplidar_ros
[0.743s] -- Installing: /root/lidar_system/install/rplidar_ros/share/ament_index/resource_index/parent_prefix_path/rplidar_ros
[0.744s] -- Installing: /root/lidar_system/install/rplidar_ros/share/rplidar_ros/environment/ament_prefix_path.sh
[0.745s] -- Installing: /root/lidar_system/install/rplidar_ros/share/rplidar_ros/environment/ament_prefix_path.dsv
[0.746s] -- Installing: /root/lidar_system/install/rplidar_ros/share/rplidar_ros/environment/path.sh
[0.747s] -- Installing: /root/lidar_system/install/rplidar_ros/share/rplidar_ros/environment/path.dsv
[0.747s] -- Installing: /root/lidar_system/install/rplidar_ros/share/rplidar_ros/local_setup.bash
[0.748s] -- Installing: /root/lidar_system/install/rplidar_ros/share/rplidar_ros/local_setup.sh
[0.748s] -- Installing: /root/lidar_system/install/rplidar_ros/share/rplidar_ros/local_setup.zsh
[0.749s] -- Installing: /root/lidar_system/install/rplidar_ros/share/rplidar_ros/local_setup.dsv
[0.750s] -- Installing: /root/lidar_system/install/rplidar_ros/share/rplidar_ros/package.dsv
[0.750s] -- Installing: /root/lidar_system/install/rplidar_ros/share/ament_index/resource_index/packages/rplidar_ros
[0.751s] -- Installing: /root/lidar_system/install/rplidar_ros/share/rplidar_ros/cmake/ament_cmake_export_dependencies-extras.cmake
[0.752s] -- Installing: /root/lidar_system/install/rplidar_ros/share/rplidar_ros/cmake/ament_cmake_export_include_directories-extras.cmake
[0.752s] -- Installing: /root/lidar_system/install/rplidar_ros/share/rplidar_ros/cmake/rplidar_rosConfig.cmake
[0.753s] -- Installing: /root/lidar_system/install/rplidar_ros/share/rplidar_ros/cmake/rplidar_rosConfig-version.cmake
[0.753s] -- Installing: /root/lidar_system/install/rplidar_ros/share/rplidar_ros/package.xml
[0.762s] Invoked command in '/root/lidar_system/build/rplidar_ros' returned '0': CMAKE_PREFIX_PATH=/opt/ros/foxy /usr/bin/cmake --install /root/lidar_system/build/rplidar_ros
