[0.121s] Invoking command in '/root/lidar_system/build/servo_control': CMAKE_PREFIX_PATH=/opt/ros/foxy /usr/bin/cmake --build /root/lidar_system/build/servo_control -- -j4 -l4
[1.022s] [ 33%] Built target scan_sequence_node
[1.120s] [ 66%] Built target lidar_pointcloud_node
[1.121s] [100%] Built target dynamic_tf_broadcaster
[1.170s] Invoked command in '/root/lidar_system/build/servo_control' returned '0': CMAKE_PREFIX_PATH=/opt/ros/foxy /usr/bin/cmake --build /root/lidar_system/build/servo_control -- -j4 -l4
[1.328s] Invoking command in '/root/lidar_system/build/servo_control': CMAKE_PREFIX_PATH=/opt/ros/foxy /usr/bin/cmake --install /root/lidar_system/build/servo_control
[1.371s] -- Install configuration: ""
[1.376s] -- Up-to-date: /root/lidar_system/install/servo_control/lib/servo_control/dynamic_tf_broadcaster
[1.379s] -- Up-to-date: /root/lidar_system/install/servo_control/lib/servo_control/lidar_pointcloud_node
[1.383s] -- Up-to-date: /root/lidar_system/install/servo_control/lib/servo_control/scan_sequence_node
[1.385s] -- Up-to-date: /root/lidar_system/install/servo_control/share/servo_control/environment/pythonpath.sh
[1.386s] -- Up-to-date: /root/lidar_system/install/servo_control/share/servo_control/environment/pythonpath.dsv
[1.387s] -- Up-to-date: /root/lidar_system/install/servo_control/lib/python3.8/site-packages/servo_control
[1.389s] -- Up-to-date: /root/lidar_system/install/servo_control/lib/python3.8/site-packages/servo_control/__init__.py
[1.642s] Listing '/root/lidar_system/install/servo_control/lib/python3.8/site-packages/servo_control'...
[1.643s] -- Up-to-date: /root/lidar_system/install/servo_control/lib/servo_control/servo_motor_node.py
[1.643s] -- Up-to-date: /root/lidar_system/install/servo_control/share/ament_index/resource_index/package_run_dependencies/servo_control
[1.647s] -- Up-to-date: /root/lidar_system/install/servo_control/share/ament_index/resource_index/parent_prefix_path/servo_control
[1.647s] -- Up-to-date: /root/lidar_system/install/servo_control/share/servo_control/environment/ament_prefix_path.sh
[1.650s] -- Up-to-date: /root/lidar_system/install/servo_control/share/servo_control/environment/ament_prefix_path.dsv
[1.651s] -- Up-to-date: /root/lidar_system/install/servo_control/share/servo_control/environment/path.sh
[1.651s] -- Up-to-date: /root/lidar_system/install/servo_control/share/servo_control/environment/path.dsv
[1.652s] -- Up-to-date: /root/lidar_system/install/servo_control/share/servo_control/local_setup.bash
[1.652s] -- Up-to-date: /root/lidar_system/install/servo_control/share/servo_control/local_setup.sh
[1.653s] -- Up-to-date: /root/lidar_system/install/servo_control/share/servo_control/local_setup.zsh
[1.653s] -- Up-to-date: /root/lidar_system/install/servo_control/share/servo_control/local_setup.dsv
[1.654s] -- Installing: /root/lidar_system/install/servo_control/share/servo_control/package.dsv
[1.654s] -- Up-to-date: /root/lidar_system/install/servo_control/share/ament_index/resource_index/packages/servo_control
[1.655s] -- Up-to-date: /root/lidar_system/install/servo_control/share/servo_control/cmake/servo_controlConfig.cmake
[1.671s] -- Up-to-date: /root/lidar_system/install/servo_control/share/servo_control/cmake/servo_controlConfig-version.cmake
[1.671s] -- Up-to-date: /root/lidar_system/install/servo_control/share/servo_control/package.xml
[1.672s] Invoked command in '/root/lidar_system/build/servo_control' returned '0': CMAKE_PREFIX_PATH=/opt/ros/foxy /usr/bin/cmake --install /root/lidar_system/build/servo_control
