[0.075s] Invoking command in '/root/lidar_system/build/servo_control': CMAKE_PREFIX_PATH=${CMAKE_PREFIX_PATH}:/opt/ros/foxy /usr/bin/cmake --build /root/lidar_system/build/servo_control -- -j4 -l4
[0.400s] [ 33%] Built target scan_sequence_node
[0.424s] [ 66%] Built target dynamic_tf_broadcaster
[0.436s] [100%] Built target lidar_pointcloud_node
[0.484s] Invoked command in '/root/lidar_system/build/servo_control' returned '0': CMAKE_PREFIX_PATH=${CMAKE_PREFIX_PATH}:/opt/ros/foxy /usr/bin/cmake --build /root/lidar_system/build/servo_control -- -j4 -l4
[0.614s] Invoking command in '/root/lidar_system/build/servo_control': CMAKE_PREFIX_PATH=${CMAKE_PREFIX_PATH}:/opt/ros/foxy /usr/bin/cmake --install /root/lidar_system/build/servo_control
[0.652s] -- Install configuration: ""
[0.653s] -- Up-to-date: /root/lidar_system/install/servo_control/lib/servo_control/dynamic_tf_broadcaster
[0.655s] -- Up-to-date: /root/lidar_system/install/servo_control/lib/servo_control/lidar_pointcloud_node
[0.656s] -- Up-to-date: /root/lidar_system/install/servo_control/lib/servo_control/scan_sequence_node
[0.657s] -- Up-to-date: /root/lidar_system/install/servo_control/share/servo_control/environment/pythonpath.sh
[0.657s] -- Up-to-date: /root/lidar_system/install/servo_control/share/servo_control/environment/pythonpath.dsv
[0.658s] -- Up-to-date: /root/lidar_system/install/servo_control/lib/python3.8/site-packages/servo_control
[0.658s] -- Up-to-date: /root/lidar_system/install/servo_control/lib/python3.8/site-packages/servo_control/__init__.py
[0.790s] Listing '/root/lidar_system/install/servo_control/lib/python3.8/site-packages/servo_control'...
[0.805s] -- Up-to-date: /root/lidar_system/install/servo_control/lib/servo_control/servo_motor_node.py
[0.806s] -- Installing: /root/lidar_system/install/servo_control/lib/servo_control/lidar_bbox_open3d.py
[0.807s] -- Up-to-date: /root/lidar_system/install/servo_control/share/ament_index/resource_index/package_run_dependencies/servo_control
[0.807s] -- Up-to-date: /root/lidar_system/install/servo_control/share/ament_index/resource_index/parent_prefix_path/servo_control
[0.808s] -- Up-to-date: /root/lidar_system/install/servo_control/share/servo_control/environment/ament_prefix_path.sh
[0.808s] -- Up-to-date: /root/lidar_system/install/servo_control/share/servo_control/environment/ament_prefix_path.dsv
[0.809s] -- Up-to-date: /root/lidar_system/install/servo_control/share/servo_control/environment/path.sh
[0.809s] -- Up-to-date: /root/lidar_system/install/servo_control/share/servo_control/environment/path.dsv
[0.810s] -- Up-to-date: /root/lidar_system/install/servo_control/share/servo_control/local_setup.bash
[0.810s] -- Up-to-date: /root/lidar_system/install/servo_control/share/servo_control/local_setup.sh
[0.811s] -- Up-to-date: /root/lidar_system/install/servo_control/share/servo_control/local_setup.zsh
[0.811s] -- Up-to-date: /root/lidar_system/install/servo_control/share/servo_control/local_setup.dsv
[0.812s] -- Installing: /root/lidar_system/install/servo_control/share/servo_control/package.dsv
[0.812s] -- Up-to-date: /root/lidar_system/install/servo_control/share/ament_index/resource_index/packages/servo_control
[0.812s] -- Up-to-date: /root/lidar_system/install/servo_control/share/servo_control/cmake/servo_controlConfig.cmake
[0.813s] -- Up-to-date: /root/lidar_system/install/servo_control/share/servo_control/cmake/servo_controlConfig-version.cmake
[0.813s] -- Up-to-date: /root/lidar_system/install/servo_control/share/servo_control/package.xml
[0.829s] Invoked command in '/root/lidar_system/build/servo_control' returned '0': CMAKE_PREFIX_PATH=${CMAKE_PREFIX_PATH}:/opt/ros/foxy /usr/bin/cmake --install /root/lidar_system/build/servo_control
