[0.113s] Invoking command in '/root/lidar_system/build/rplidar_ros': CMAKE_PREFIX_PATH=/opt/ros/foxy /usr/bin/cmake --build /root/lidar_system/build/rplidar_ros -- -j4 -l4
[0.994s] [ 47%] Built target rplidar_node
[1.012s] [ 52%] Built target rplidar_client
[1.030s] [100%] Built target rplidar_composition
[1.070s] Invoked command in '/root/lidar_system/build/rplidar_ros' returned '0': CMAKE_PREFIX_PATH=/opt/ros/foxy /usr/bin/cmake --build /root/lidar_system/build/rplidar_ros -- -j4 -l4
[1.233s] Invoking command in '/root/lidar_system/build/rplidar_ros': CMAKE_PREFIX_PATH=/opt/ros/foxy /usr/bin/cmake --install /root/lidar_system/build/rplidar_ros
[1.264s] -- Install configuration: ""
[1.266s] -- Up-to-date: /root/lidar_system/install/rplidar_ros/share/rplidar_ros/launch
[1.269s] -- Up-to-date: /root/lidar_system/install/rplidar_ros/share/rplidar_ros/launch/rplidar_a3_launch.py
[1.270s] -- Up-to-date: /root/lidar_system/install/rplidar_ros/share/rplidar_ros/launch/view_rplidar_a2m8_launch.py
[1.270s] -- Up-to-date: /root/lidar_system/install/rplidar_ros/share/rplidar_ros/launch/view_rplidar_a2m7_launch.py
[1.271s] -- Up-to-date: /root/lidar_system/install/rplidar_ros/share/rplidar_ros/launch/rplidar_s2_launch.py
[1.272s] -- Up-to-date: /root/lidar_system/install/rplidar_ros/share/rplidar_ros/launch/rplidar_s1_tcp_launch.py
[1.273s] -- Up-to-date: /root/lidar_system/install/rplidar_ros/share/rplidar_ros/launch/view_rplidar_a1_launch.py
[1.273s] -- Up-to-date: /root/lidar_system/install/rplidar_ros/share/rplidar_ros/launch/rplidar_t1_launch.py
[1.274s] -- Up-to-date: /root/lidar_system/install/rplidar_ros/share/rplidar_ros/launch/system_launch.py
[1.274s] -- Up-to-date: /root/lidar_system/install/rplidar_ros/share/rplidar_ros/launch/rplidar_a1_launch.py
[1.274s] -- Up-to-date: /root/lidar_system/install/rplidar_ros/share/rplidar_ros/launch/view_rplidar_s1_launch.py
[1.275s] -- Up-to-date: /root/lidar_system/install/rplidar_ros/share/rplidar_ros/launch/view_rplidar_s2_launch.py
[1.276s] -- Up-to-date: /root/lidar_system/install/rplidar_ros/share/rplidar_ros/launch/view_rplidar_s2e_launch.py
[1.276s] -- Up-to-date: /root/lidar_system/install/rplidar_ros/share/rplidar_ros/launch/view_rplidar_a2m12_launch.py
[1.277s] -- Up-to-date: /root/lidar_system/install/rplidar_ros/share/rplidar_ros/launch/rplidar_a2m7_launch.py
[1.277s] -- Up-to-date: /root/lidar_system/install/rplidar_ros/share/rplidar_ros/launch/rplidar_s2e_launch.py
[1.278s] -- Up-to-date: /root/lidar_system/install/rplidar_ros/share/rplidar_ros/launch/view_rplidar_s1_tcp_launch.py
[1.278s] -- Up-to-date: /root/lidar_system/install/rplidar_ros/share/rplidar_ros/launch/rplidar_a2m12_launch.py
[1.279s] -- Up-to-date: /root/lidar_system/install/rplidar_ros/share/rplidar_ros/launch/rplidar_s1_launch.py
[1.279s] -- Up-to-date: /root/lidar_system/install/rplidar_ros/share/rplidar_ros/launch/__pycache__
[1.279s] -- Installing: /root/lidar_system/install/rplidar_ros/share/rplidar_ros/launch/__pycache__/system_launch.cpython-38.pyc
[1.280s] -- Up-to-date: /root/lidar_system/install/rplidar_ros/share/rplidar_ros/launch/rplidar_s3_launch.py
[1.280s] -- Up-to-date: /root/lidar_system/install/rplidar_ros/share/rplidar_ros/launch/rplidar_a2m8_launch.py
[1.281s] -- Up-to-date: /root/lidar_system/install/rplidar_ros/share/rplidar_ros/launch/view_rplidar_t1_launch.py
[1.281s] -- Up-to-date: /root/lidar_system/install/rplidar_ros/share/rplidar_ros/launch/view_rplidar_a3_launch.py
[1.282s] -- Up-to-date: /root/lidar_system/install/rplidar_ros/share/rplidar_ros/launch/rplidar_c1_launch.py
[1.282s] -- Up-to-date: /root/lidar_system/install/rplidar_ros/share/rplidar_ros/launch/view_rplidar_s3_launch.py
[1.282s] -- Up-to-date: /root/lidar_system/install/rplidar_ros/share/rplidar_ros/launch/view_rplidar_c1_launch.py
[1.283s] -- Up-to-date: /root/lidar_system/install/rplidar_ros/share/rplidar_ros/rviz
[1.283s] -- Up-to-date: /root/lidar_system/install/rplidar_ros/share/rplidar_ros/rviz/rplidar_ros.rviz
[1.284s] -- Up-to-date: /root/lidar_system/install/rplidar_ros/lib/rplidar_ros/rplidar_node
[1.284s] -- Up-to-date: /root/lidar_system/install/rplidar_ros/lib/rplidar_ros/rplidar_composition
[1.285s] -- Up-to-date: /root/lidar_system/install/rplidar_ros/lib/rplidar_ros/rplidar_client
[1.286s] -- Up-to-date: /root/lidar_system/install/rplidar_ros/share/ament_index/resource_index/package_run_dependencies/rplidar_ros
[1.287s] -- Up-to-date: /root/lidar_system/install/rplidar_ros/share/ament_index/resource_index/parent_prefix_path/rplidar_ros
[1.288s] -- Up-to-date: /root/lidar_system/install/rplidar_ros/share/rplidar_ros/environment/ament_prefix_path.sh
[1.289s] -- Up-to-date: /root/lidar_system/install/rplidar_ros/share/rplidar_ros/environment/ament_prefix_path.dsv
[1.290s] -- Up-to-date: /root/lidar_system/install/rplidar_ros/share/rplidar_ros/environment/path.sh
[1.290s] -- Up-to-date: /root/lidar_system/install/rplidar_ros/share/rplidar_ros/environment/path.dsv
[1.291s] -- Up-to-date: /root/lidar_system/install/rplidar_ros/share/rplidar_ros/local_setup.bash
[1.292s] -- Up-to-date: /root/lidar_system/install/rplidar_ros/share/rplidar_ros/local_setup.sh
[1.293s] -- Up-to-date: /root/lidar_system/install/rplidar_ros/share/rplidar_ros/local_setup.zsh
[1.294s] -- Up-to-date: /root/lidar_system/install/rplidar_ros/share/rplidar_ros/local_setup.dsv
[1.294s] -- Installing: /root/lidar_system/install/rplidar_ros/share/rplidar_ros/package.dsv
[1.294s] -- Up-to-date: /root/lidar_system/install/rplidar_ros/share/ament_index/resource_index/packages/rplidar_ros
[1.295s] -- Up-to-date: /root/lidar_system/install/rplidar_ros/share/rplidar_ros/cmake/ament_cmake_export_dependencies-extras.cmake
[1.295s] -- Up-to-date: /root/lidar_system/install/rplidar_ros/share/rplidar_ros/cmake/ament_cmake_export_include_directories-extras.cmake
[1.296s] -- Up-to-date: /root/lidar_system/install/rplidar_ros/share/rplidar_ros/cmake/rplidar_rosConfig.cmake
[1.297s] -- Up-to-date: /root/lidar_system/install/rplidar_ros/share/rplidar_ros/cmake/rplidar_rosConfig-version.cmake
[1.297s] -- Up-to-date: /root/lidar_system/install/rplidar_ros/share/rplidar_ros/package.xml
[1.301s] Invoked command in '/root/lidar_system/build/rplidar_ros' returned '0': CMAKE_PREFIX_PATH=/opt/ros/foxy /usr/bin/cmake --install /root/lidar_system/build/rplidar_ros
