[0.121s] Invoking command in '/root/lidar_system/build/rplidar_ros': CMAKE_PREFIX_PATH=/opt/ros/foxy /usr/bin/cmake --build /root/lidar_system/build/rplidar_ros -- -j4 -l4
[1.108s] [  5%] Built target rplidar_client
[1.117s] [ 52%] Built target rplidar_composition
[1.141s] [100%] Built target rplidar_node
[1.188s] Invoked command in '/root/lidar_system/build/rplidar_ros' returned '0': CMAKE_PREFIX_PATH=/opt/ros/foxy /usr/bin/cmake --build /root/lidar_system/build/rplidar_ros -- -j4 -l4
[1.371s] Invoking command in '/root/lidar_system/build/rplidar_ros': CMAKE_PREFIX_PATH=/opt/ros/foxy /usr/bin/cmake --install /root/lidar_system/build/rplidar_ros
[1.401s] -- Install configuration: ""
[1.411s] -- Up-to-date: /root/lidar_system/install/rplidar_ros/share/rplidar_ros/launch
[1.412s] -- Up-to-date: /root/lidar_system/install/rplidar_ros/share/rplidar_ros/launch/rplidar_a3_launch.py
[1.414s] -- Up-to-date: /root/lidar_system/install/rplidar_ros/share/rplidar_ros/launch/view_rplidar_a2m8_launch.py
[1.415s] -- Up-to-date: /root/lidar_system/install/rplidar_ros/share/rplidar_ros/launch/view_rplidar_a2m7_launch.py
[1.415s] -- Up-to-date: /root/lidar_system/install/rplidar_ros/share/rplidar_ros/launch/rplidar_s2_launch.py
[1.416s] -- Up-to-date: /root/lidar_system/install/rplidar_ros/share/rplidar_ros/launch/rplidar_s1_tcp_launch.py
[1.416s] -- Up-to-date: /root/lidar_system/install/rplidar_ros/share/rplidar_ros/launch/view_rplidar_a1_launch.py
[1.417s] -- Up-to-date: /root/lidar_system/install/rplidar_ros/share/rplidar_ros/launch/rplidar_t1_launch.py
[1.418s] -- Up-to-date: /root/lidar_system/install/rplidar_ros/share/rplidar_ros/launch/system_launch.py
[1.418s] -- Up-to-date: /root/lidar_system/install/rplidar_ros/share/rplidar_ros/launch/rplidar_a1_launch.py
[1.418s] -- Up-to-date: /root/lidar_system/install/rplidar_ros/share/rplidar_ros/launch/view_rplidar_s1_launch.py
[1.419s] -- Up-to-date: /root/lidar_system/install/rplidar_ros/share/rplidar_ros/launch/view_rplidar_s2_launch.py
[1.419s] -- Up-to-date: /root/lidar_system/install/rplidar_ros/share/rplidar_ros/launch/view_rplidar_s2e_launch.py
[1.420s] -- Up-to-date: /root/lidar_system/install/rplidar_ros/share/rplidar_ros/launch/view_rplidar_a2m12_launch.py
[1.421s] -- Up-to-date: /root/lidar_system/install/rplidar_ros/share/rplidar_ros/launch/rplidar_a2m7_launch.py
[1.421s] -- Up-to-date: /root/lidar_system/install/rplidar_ros/share/rplidar_ros/launch/rplidar_s2e_launch.py
[1.422s] -- Up-to-date: /root/lidar_system/install/rplidar_ros/share/rplidar_ros/launch/view_rplidar_s1_tcp_launch.py
[1.422s] -- Up-to-date: /root/lidar_system/install/rplidar_ros/share/rplidar_ros/launch/rplidar_a2m12_launch.py
[1.423s] -- Up-to-date: /root/lidar_system/install/rplidar_ros/share/rplidar_ros/launch/rplidar_s1_launch.py
[1.423s] -- Up-to-date: /root/lidar_system/install/rplidar_ros/share/rplidar_ros/launch/__pycache__
[1.424s] -- Installing: /root/lidar_system/install/rplidar_ros/share/rplidar_ros/launch/__pycache__/system_launch.cpython-38.pyc
[1.424s] -- Up-to-date: /root/lidar_system/install/rplidar_ros/share/rplidar_ros/launch/rplidar_s3_launch.py
[1.424s] -- Up-to-date: /root/lidar_system/install/rplidar_ros/share/rplidar_ros/launch/rplidar_a2m8_launch.py
[1.425s] -- Up-to-date: /root/lidar_system/install/rplidar_ros/share/rplidar_ros/launch/view_rplidar_t1_launch.py
[1.425s] -- Up-to-date: /root/lidar_system/install/rplidar_ros/share/rplidar_ros/launch/view_rplidar_a3_launch.py
[1.426s] -- Up-to-date: /root/lidar_system/install/rplidar_ros/share/rplidar_ros/launch/rplidar_c1_launch.py
[1.426s] -- Up-to-date: /root/lidar_system/install/rplidar_ros/share/rplidar_ros/launch/view_rplidar_s3_launch.py
[1.426s] -- Up-to-date: /root/lidar_system/install/rplidar_ros/share/rplidar_ros/launch/view_rplidar_c1_launch.py
[1.427s] -- Up-to-date: /root/lidar_system/install/rplidar_ros/share/rplidar_ros/rviz
[1.427s] -- Up-to-date: /root/lidar_system/install/rplidar_ros/share/rplidar_ros/rviz/rplidar_ros.rviz
[1.428s] -- Up-to-date: /root/lidar_system/install/rplidar_ros/lib/rplidar_ros/rplidar_node
[1.430s] -- Up-to-date: /root/lidar_system/install/rplidar_ros/lib/rplidar_ros/rplidar_composition
[1.433s] -- Up-to-date: /root/lidar_system/install/rplidar_ros/lib/rplidar_ros/rplidar_client
[1.436s] -- Up-to-date: /root/lidar_system/install/rplidar_ros/share/ament_index/resource_index/package_run_dependencies/rplidar_ros
[1.437s] -- Up-to-date: /root/lidar_system/install/rplidar_ros/share/ament_index/resource_index/parent_prefix_path/rplidar_ros
[1.437s] -- Up-to-date: /root/lidar_system/install/rplidar_ros/share/rplidar_ros/environment/ament_prefix_path.sh
[1.438s] -- Up-to-date: /root/lidar_system/install/rplidar_ros/share/rplidar_ros/environment/ament_prefix_path.dsv
[1.442s] -- Up-to-date: /root/lidar_system/install/rplidar_ros/share/rplidar_ros/environment/path.sh
[1.443s] -- Up-to-date: /root/lidar_system/install/rplidar_ros/share/rplidar_ros/environment/path.dsv
[1.443s] -- Up-to-date: /root/lidar_system/install/rplidar_ros/share/rplidar_ros/local_setup.bash
[1.444s] -- Up-to-date: /root/lidar_system/install/rplidar_ros/share/rplidar_ros/local_setup.sh
[1.444s] -- Up-to-date: /root/lidar_system/install/rplidar_ros/share/rplidar_ros/local_setup.zsh
[1.445s] -- Up-to-date: /root/lidar_system/install/rplidar_ros/share/rplidar_ros/local_setup.dsv
[1.445s] -- Installing: /root/lidar_system/install/rplidar_ros/share/rplidar_ros/package.dsv
[1.446s] -- Up-to-date: /root/lidar_system/install/rplidar_ros/share/ament_index/resource_index/packages/rplidar_ros
[1.446s] -- Up-to-date: /root/lidar_system/install/rplidar_ros/share/rplidar_ros/cmake/ament_cmake_export_dependencies-extras.cmake
[1.446s] -- Up-to-date: /root/lidar_system/install/rplidar_ros/share/rplidar_ros/cmake/ament_cmake_export_include_directories-extras.cmake
[1.447s] -- Up-to-date: /root/lidar_system/install/rplidar_ros/share/rplidar_ros/cmake/rplidar_rosConfig.cmake
[1.448s] -- Up-to-date: /root/lidar_system/install/rplidar_ros/share/rplidar_ros/cmake/rplidar_rosConfig-version.cmake
[1.449s] -- Up-to-date: /root/lidar_system/install/rplidar_ros/share/rplidar_ros/package.xml
[1.452s] Invoked command in '/root/lidar_system/build/rplidar_ros' returned '0': CMAKE_PREFIX_PATH=/opt/ros/foxy /usr/bin/cmake --install /root/lidar_system/build/rplidar_ros
