[0.071s] Invoking command in '/root/lidar_system/build/servo_control': CMAKE_PREFIX_PATH=/opt/ros/foxy /usr/bin/cmake --build /root/lidar_system/build/servo_control -- -j4 -l4
[0.441s] [ 33%] Built target scan_sequence_node
[0.569s] Scanning dependencies of target dynamic_tf_broadcaster
[0.636s] [ 50%] Building CXX object CMakeFiles/dynamic_tf_broadcaster.dir/src/dynamic_tf_broadcaster.cpp.o
[32.398s] [ 66%] Linking CXX executable dynamic_tf_broadcaster
[34.142s] [ 66%] Built target dynamic_tf_broadcaster
[34.788s] [100%] Built target lidar_pointcloud_node
[34.830s] Invoked command in '/root/lidar_system/build/servo_control' returned '0': CMAKE_PREFIX_PATH=/opt/ros/foxy /usr/bin/cmake --build /root/lidar_system/build/servo_control -- -j4 -l4
[34.936s] Invoking command in '/root/lidar_system/build/servo_control': CMAKE_PREFIX_PATH=/opt/ros/foxy /usr/bin/cmake --install /root/lidar_system/build/servo_control
[34.975s] -- Install configuration: ""
[34.980s] -- Installing: /root/lidar_system/install/servo_control/lib/servo_control/dynamic_tf_broadcaster
[34.993s] -- Set runtime path of "/root/lidar_system/install/servo_control/lib/servo_control/dynamic_tf_broadcaster" to ""
[34.996s] -- Up-to-date: /root/lidar_system/install/servo_control/lib/servo_control/lidar_pointcloud_node
[35.000s] -- Up-to-date: /root/lidar_system/install/servo_control/lib/servo_control/scan_sequence_node
[35.001s] -- Up-to-date: /root/lidar_system/install/servo_control/share/servo_control/environment/pythonpath.sh
[35.002s] -- Up-to-date: /root/lidar_system/install/servo_control/share/servo_control/environment/pythonpath.dsv
[35.003s] -- Up-to-date: /root/lidar_system/install/servo_control/lib/python3.8/site-packages/servo_control
[35.004s] -- Up-to-date: /root/lidar_system/install/servo_control/lib/python3.8/site-packages/servo_control/__init__.py
[35.129s] Listing '/root/lidar_system/install/servo_control/lib/python3.8/site-packages/servo_control'...
[35.152s] -- Up-to-date: /root/lidar_system/install/servo_control/lib/servo_control/servo_motor_node.py
[35.153s] -- Up-to-date: /root/lidar_system/install/servo_control/share/ament_index/resource_index/package_run_dependencies/servo_control
[35.154s] -- Up-to-date: /root/lidar_system/install/servo_control/share/ament_index/resource_index/parent_prefix_path/servo_control
[35.155s] -- Up-to-date: /root/lidar_system/install/servo_control/share/servo_control/environment/ament_prefix_path.sh
[35.155s] -- Up-to-date: /root/lidar_system/install/servo_control/share/servo_control/environment/ament_prefix_path.dsv
[35.156s] -- Up-to-date: /root/lidar_system/install/servo_control/share/servo_control/environment/path.sh
[35.157s] -- Up-to-date: /root/lidar_system/install/servo_control/share/servo_control/environment/path.dsv
[35.158s] -- Up-to-date: /root/lidar_system/install/servo_control/share/servo_control/local_setup.bash
[35.159s] -- Up-to-date: /root/lidar_system/install/servo_control/share/servo_control/local_setup.sh
[35.159s] -- Up-to-date: /root/lidar_system/install/servo_control/share/servo_control/local_setup.zsh
[35.160s] -- Up-to-date: /root/lidar_system/install/servo_control/share/servo_control/local_setup.dsv
[35.160s] -- Installing: /root/lidar_system/install/servo_control/share/servo_control/package.dsv
[35.161s] -- Up-to-date: /root/lidar_system/install/servo_control/share/ament_index/resource_index/packages/servo_control
[35.162s] -- Up-to-date: /root/lidar_system/install/servo_control/share/servo_control/cmake/servo_controlConfig.cmake
[35.170s] -- Up-to-date: /root/lidar_system/install/servo_control/share/servo_control/cmake/servo_controlConfig-version.cmake
[35.180s] -- Up-to-date: /root/lidar_system/install/servo_control/share/servo_control/package.xml
[35.181s] Invoked command in '/root/lidar_system/build/servo_control' returned '0': CMAKE_PREFIX_PATH=/opt/ros/foxy /usr/bin/cmake --install /root/lidar_system/build/servo_control
