[0.000000] (-) TimerEvent: {}
[0.000360] (rplidar_ros) JobQueued: {'identifier': 'rplidar_ros', 'dependencies': OrderedDict()}
[0.000490] (servo_control) JobQueued: {'identifier': 'servo_control', 'dependencies': OrderedDict()}
[0.001865] (rplidar_ros) JobStarted: {'identifier': 'rplidar_ros'}
[0.054367] (servo_control) JobStarted: {'identifier': 'servo_control'}
[0.091619] (rplidar_ros) JobProgress: {'identifier': 'rplidar_ros', 'progress': 'cmake'}
[0.094849] (rplidar_ros) JobProgress: {'identifier': 'rplidar_ros', 'progress': 'build'}
[0.097942] (rplidar_ros) Command: {'cmd': ['/usr/bin/cmake', '--build', '/root/lidar_system/build/rplidar_ros', '--', '-j4', '-l4'], 'cwd': '/root/lidar_system/build/rplidar_ros', 'env': OrderedDict([('HOSTNAME', 'ubuntu-desktop'), ('SHLVL', '1'), ('LD_LIBRARY_PATH', '/opt/ros/foxy/opt/yaml_cpp_vendor/lib:/opt/ros/foxy/opt/rviz_ogre_vendor/lib:/opt/ros/foxy/lib/aarch64-linux-gnu:/opt/ros/foxy/lib'), ('HOME', '/root'), ('OLDPWD', '/'), ('ROS_PYTHON_VERSION', '3'), ('ROS_DISTRO', 'foxy'), ('_', '/usr/bin/colcon'), ('ROS_VERSION', '2'), ('ROS_LOCALHOST_ONLY', '0'), ('QT_X11_NO_MITSHM', '1'), ('PATH', '/opt/ros/foxy/bin:/usr/local/sbin:/usr/local/bin:/usr/sbin:/usr/bin:/sbin:/bin'), ('FASTRTPS_DEFAULT_PROFILES_FILE', '/fastdds_lidar.xml'), ('DISPLAY', ':0'), ('LANG', 'C.UTF-8'), ('RMW_IMPLEMENTATION', 'rmw_fastrtps_cpp'), ('ROS_DOMAIN_ID', '0'), ('AMENT_PREFIX_PATH', '/opt/ros/foxy'), ('PWD', '/root/lidar_system/build/rplidar_ros'), ('LC_ALL', 'C.UTF-8'), ('PYTHONPATH', '/opt/ros/foxy/lib/python3.8/site-packages'), ('COLCON', '1'), ('CMAKE_PREFIX_PATH', '/opt/ros/foxy')]), 'shell': False}
[0.105060] (-) TimerEvent: {}
[0.120743] (servo_control) JobProgress: {'identifier': 'servo_control', 'progress': 'cmake'}
[0.125344] (servo_control) JobProgress: {'identifier': 'servo_control', 'progress': 'build'}
[0.127052] (servo_control) Command: {'cmd': ['/usr/bin/cmake', '--build', '/root/lidar_system/build/servo_control', '--', '-j4', '-l4'], 'cwd': '/root/lidar_system/build/servo_control', 'env': OrderedDict([('HOSTNAME', 'ubuntu-desktop'), ('SHLVL', '1'), ('LD_LIBRARY_PATH', '/opt/ros/foxy/opt/yaml_cpp_vendor/lib:/opt/ros/foxy/opt/rviz_ogre_vendor/lib:/opt/ros/foxy/lib/aarch64-linux-gnu:/opt/ros/foxy/lib'), ('HOME', '/root'), ('OLDPWD', '/'), ('ROS_PYTHON_VERSION', '3'), ('ROS_DISTRO', 'foxy'), ('_', '/usr/bin/colcon'), ('ROS_VERSION', '2'), ('ROS_LOCALHOST_ONLY', '0'), ('QT_X11_NO_MITSHM', '1'), ('PATH', '/opt/ros/foxy/bin:/usr/local/sbin:/usr/local/bin:/usr/sbin:/usr/bin:/sbin:/bin'), ('FASTRTPS_DEFAULT_PROFILES_FILE', '/fastdds_lidar.xml'), ('DISPLAY', ':0'), ('LANG', 'C.UTF-8'), ('RMW_IMPLEMENTATION', 'rmw_fastrtps_cpp'), ('ROS_DOMAIN_ID', '0'), ('AMENT_PREFIX_PATH', '/opt/ros/foxy'), ('PWD', '/root/lidar_system/build/servo_control'), ('LC_ALL', 'C.UTF-8'), ('PYTHONPATH', '/opt/ros/foxy/lib/python3.8/site-packages'), ('COLCON', '1'), ('CMAKE_PREFIX_PATH', '/opt/ros/foxy')]), 'shell': False}
[0.205269] (-) TimerEvent: {}
[0.305662] (-) TimerEvent: {}
[0.406363] (-) TimerEvent: {}
[0.506838] (-) TimerEvent: {}
[0.581288] (rplidar_ros) StdoutLine: {'line': b'[  5%] Built target rplidar_client\n'}
[0.596070] (servo_control) StdoutLine: {'line': b'[ 33%] Built target scan_sequence_node\n'}
[0.607017] (-) TimerEvent: {}
[0.607977] (rplidar_ros) StdoutLine: {'line': b'[ 52%] Built target rplidar_composition\n'}
[0.609524] (rplidar_ros) StdoutLine: {'line': b'[100%] Built target rplidar_node\n'}
[0.618884] (servo_control) StdoutLine: {'line': b'[ 66%] Built target lidar_pointcloud_node\n'}
[0.625802] (servo_control) StdoutLine: {'line': b'[100%] Built target dynamic_tf_broadcaster\n'}
[0.654258] (rplidar_ros) CommandEnded: {'returncode': 0}
[0.668150] (servo_control) CommandEnded: {'returncode': 0}
[0.707329] (-) TimerEvent: {}
[0.765584] (servo_control) JobProgress: {'identifier': 'servo_control', 'progress': 'install'}
[0.806209] (servo_control) Command: {'cmd': ['/usr/bin/cmake', '--install', '/root/lidar_system/build/servo_control'], 'cwd': '/root/lidar_system/build/servo_control', 'env': OrderedDict([('HOSTNAME', 'ubuntu-desktop'), ('SHLVL', '1'), ('LD_LIBRARY_PATH', '/opt/ros/foxy/opt/yaml_cpp_vendor/lib:/opt/ros/foxy/opt/rviz_ogre_vendor/lib:/opt/ros/foxy/lib/aarch64-linux-gnu:/opt/ros/foxy/lib'), ('HOME', '/root'), ('OLDPWD', '/'), ('ROS_PYTHON_VERSION', '3'), ('ROS_DISTRO', 'foxy'), ('_', '/usr/bin/colcon'), ('ROS_VERSION', '2'), ('ROS_LOCALHOST_ONLY', '0'), ('QT_X11_NO_MITSHM', '1'), ('PATH', '/opt/ros/foxy/bin:/usr/local/sbin:/usr/local/bin:/usr/sbin:/usr/bin:/sbin:/bin'), ('FASTRTPS_DEFAULT_PROFILES_FILE', '/fastdds_lidar.xml'), ('DISPLAY', ':0'), ('LANG', 'C.UTF-8'), ('RMW_IMPLEMENTATION', 'rmw_fastrtps_cpp'), ('ROS_DOMAIN_ID', '0'), ('AMENT_PREFIX_PATH', '/opt/ros/foxy'), ('PWD', '/root/lidar_system/build/servo_control'), ('LC_ALL', 'C.UTF-8'), ('PYTHONPATH', '/opt/ros/foxy/lib/python3.8/site-packages'), ('COLCON', '1'), ('CMAKE_PREFIX_PATH', '/opt/ros/foxy')]), 'shell': False}
[0.808301] (-) TimerEvent: {}
[0.829943] (rplidar_ros) JobProgress: {'identifier': 'rplidar_ros', 'progress': 'install'}
[0.832077] (rplidar_ros) Command: {'cmd': ['/usr/bin/cmake', '--install', '/root/lidar_system/build/rplidar_ros'], 'cwd': '/root/lidar_system/build/rplidar_ros', 'env': OrderedDict([('HOSTNAME', 'ubuntu-desktop'), ('SHLVL', '1'), ('LD_LIBRARY_PATH', '/opt/ros/foxy/opt/yaml_cpp_vendor/lib:/opt/ros/foxy/opt/rviz_ogre_vendor/lib:/opt/ros/foxy/lib/aarch64-linux-gnu:/opt/ros/foxy/lib'), ('HOME', '/root'), ('OLDPWD', '/'), ('ROS_PYTHON_VERSION', '3'), ('ROS_DISTRO', 'foxy'), ('_', '/usr/bin/colcon'), ('ROS_VERSION', '2'), ('ROS_LOCALHOST_ONLY', '0'), ('QT_X11_NO_MITSHM', '1'), ('PATH', '/opt/ros/foxy/bin:/usr/local/sbin:/usr/local/bin:/usr/sbin:/usr/bin:/sbin:/bin'), ('FASTRTPS_DEFAULT_PROFILES_FILE', '/fastdds_lidar.xml'), ('DISPLAY', ':0'), ('LANG', 'C.UTF-8'), ('RMW_IMPLEMENTATION', 'rmw_fastrtps_cpp'), ('ROS_DOMAIN_ID', '0'), ('AMENT_PREFIX_PATH', '/opt/ros/foxy'), ('PWD', '/root/lidar_system/build/rplidar_ros'), ('LC_ALL', 'C.UTF-8'), ('PYTHONPATH', '/opt/ros/foxy/lib/python3.8/site-packages'), ('COLCON', '1'), ('CMAKE_PREFIX_PATH', '/opt/ros/foxy')]), 'shell': False}
[0.848008] (servo_control) StdoutLine: {'line': b'-- Install configuration: ""\n'}
[0.849020] (servo_control) StdoutLine: {'line': b'-- Up-to-date: /root/lidar_system/install/servo_control/lib/servo_control/dynamic_tf_broadcaster\n'}
[0.850275] (servo_control) StdoutLine: {'line': b'-- Up-to-date: /root/lidar_system/install/servo_control/lib/servo_control/lidar_pointcloud_node\n'}
[0.852931] (servo_control) StdoutLine: {'line': b'-- Up-to-date: /root/lidar_system/install/servo_control/lib/servo_control/scan_sequence_node\n'}
[0.854136] (servo_control) StdoutLine: {'line': b'-- Up-to-date: /root/lidar_system/install/servo_control/share/servo_control/environment/pythonpath.sh\n'}
[0.855099] (servo_control) StdoutLine: {'line': b'-- Up-to-date: /root/lidar_system/install/servo_control/share/servo_control/environment/pythonpath.dsv\n'}
[0.855504] (servo_control) StdoutLine: {'line': b'-- Up-to-date: /root/lidar_system/install/servo_control/lib/python3.8/site-packages/servo_control\n'}
[0.855937] (servo_control) StdoutLine: {'line': b'-- Up-to-date: /root/lidar_system/install/servo_control/lib/python3.8/site-packages/servo_control/__init__.py\n'}
[0.871932] (rplidar_ros) StdoutLine: {'line': b'-- Install configuration: ""\n'}
[0.874978] (rplidar_ros) StdoutLine: {'line': b'-- Up-to-date: /root/lidar_system/install/rplidar_ros/share/rplidar_ros/launch\n'}
[0.876688] (rplidar_ros) StdoutLine: {'line': b'-- Up-to-date: /root/lidar_system/install/rplidar_ros/share/rplidar_ros/launch/rplidar_a3_launch.py\n'}
[0.877590] (rplidar_ros) StdoutLine: {'line': b'-- Up-to-date: /root/lidar_system/install/rplidar_ros/share/rplidar_ros/launch/view_rplidar_a2m8_launch.py\n'}
[0.877984] (rplidar_ros) StdoutLine: {'line': b'-- Up-to-date: /root/lidar_system/install/rplidar_ros/share/rplidar_ros/launch/view_rplidar_a2m7_launch.py\n'}
[0.878748] (rplidar_ros) StdoutLine: {'line': b'-- Up-to-date: /root/lidar_system/install/rplidar_ros/share/rplidar_ros/launch/rplidar_s2_launch.py\n'}
[0.879186] (rplidar_ros) StdoutLine: {'line': b'-- Up-to-date: /root/lidar_system/install/rplidar_ros/share/rplidar_ros/launch/rplidar_s1_tcp_launch.py\n'}
[0.879739] (rplidar_ros) StdoutLine: {'line': b'-- Up-to-date: /root/lidar_system/install/rplidar_ros/share/rplidar_ros/launch/view_rplidar_a1_launch.py\n'}
[0.880708] (rplidar_ros) StdoutLine: {'line': b'-- Up-to-date: /root/lidar_system/install/rplidar_ros/share/rplidar_ros/launch/rplidar_t1_launch.py\n'}
[0.882048] (rplidar_ros) StdoutLine: {'line': b'-- Up-to-date: /root/lidar_system/install/rplidar_ros/share/rplidar_ros/launch/system_launch.py\n'}
[0.883383] (rplidar_ros) StdoutLine: {'line': b'-- Up-to-date: /root/lidar_system/install/rplidar_ros/share/rplidar_ros/launch/rplidar_a1_launch.py\n'}
[0.885086] (rplidar_ros) StdoutLine: {'line': b'-- Up-to-date: /root/lidar_system/install/rplidar_ros/share/rplidar_ros/launch/view_rplidar_s1_launch.py\n'}
[0.885594] (rplidar_ros) StdoutLine: {'line': b'-- Up-to-date: /root/lidar_system/install/rplidar_ros/share/rplidar_ros/launch/view_rplidar_s2_launch.py\n'}
[0.886021] (rplidar_ros) StdoutLine: {'line': b'-- Up-to-date: /root/lidar_system/install/rplidar_ros/share/rplidar_ros/launch/view_rplidar_s2e_launch.py\n'}
[0.886529] (rplidar_ros) StdoutLine: {'line': b'-- Up-to-date: /root/lidar_system/install/rplidar_ros/share/rplidar_ros/launch/view_rplidar_a2m12_launch.py\n'}
[0.886999] (rplidar_ros) StdoutLine: {'line': b'-- Up-to-date: /root/lidar_system/install/rplidar_ros/share/rplidar_ros/launch/rplidar_a2m7_launch.py\n'}
[0.887413] (rplidar_ros) StdoutLine: {'line': b'-- Up-to-date: /root/lidar_system/install/rplidar_ros/share/rplidar_ros/launch/rplidar_s2e_launch.py\n'}
[0.887838] (rplidar_ros) StdoutLine: {'line': b'-- Up-to-date: /root/lidar_system/install/rplidar_ros/share/rplidar_ros/launch/view_rplidar_s1_tcp_launch.py\n'}
[0.888229] (rplidar_ros) StdoutLine: {'line': b'-- Up-to-date: /root/lidar_system/install/rplidar_ros/share/rplidar_ros/launch/rplidar_a2m12_launch.py\n'}
[0.888983] (rplidar_ros) StdoutLine: {'line': b'-- Up-to-date: /root/lidar_system/install/rplidar_ros/share/rplidar_ros/launch/rplidar_s1_launch.py\n'}
[0.889961] (rplidar_ros) StdoutLine: {'line': b'-- Up-to-date: /root/lidar_system/install/rplidar_ros/share/rplidar_ros/launch/__pycache__\n'}
[0.894036] (rplidar_ros) StdoutLine: {'line': b'-- Installing: /root/lidar_system/install/rplidar_ros/share/rplidar_ros/launch/__pycache__/system_launch.cpython-38.pyc\n'}
[0.894833] (rplidar_ros) StdoutLine: {'line': b'-- Up-to-date: /root/lidar_system/install/rplidar_ros/share/rplidar_ros/launch/rplidar_s3_launch.py\n'}
[0.899181] (rplidar_ros) StdoutLine: {'line': b'-- Up-to-date: /root/lidar_system/install/rplidar_ros/share/rplidar_ros/launch/rplidar_a2m8_launch.py\n'}
[0.899884] (rplidar_ros) StdoutLine: {'line': b'-- Up-to-date: /root/lidar_system/install/rplidar_ros/share/rplidar_ros/launch/view_rplidar_t1_launch.py\n'}
[0.900704] (rplidar_ros) StdoutLine: {'line': b'-- Up-to-date: /root/lidar_system/install/rplidar_ros/share/rplidar_ros/launch/view_rplidar_a3_launch.py\n'}
[0.901196] (rplidar_ros) StdoutLine: {'line': b'-- Up-to-date: /root/lidar_system/install/rplidar_ros/share/rplidar_ros/launch/rplidar_c1_launch.py\n'}
[0.901863] (rplidar_ros) StdoutLine: {'line': b'-- Up-to-date: /root/lidar_system/install/rplidar_ros/share/rplidar_ros/launch/view_rplidar_s3_launch.py\n'}
[0.902523] (rplidar_ros) StdoutLine: {'line': b'-- Up-to-date: /root/lidar_system/install/rplidar_ros/share/rplidar_ros/launch/view_rplidar_c1_launch.py\n'}
[0.903255] (rplidar_ros) StdoutLine: {'line': b'-- Up-to-date: /root/lidar_system/install/rplidar_ros/share/rplidar_ros/rviz\n'}
[0.904101] (rplidar_ros) StdoutLine: {'line': b'-- Up-to-date: /root/lidar_system/install/rplidar_ros/share/rplidar_ros/rviz/rplidar_ros.rviz\n'}
[0.904709] (rplidar_ros) StdoutLine: {'line': b'-- Up-to-date: /root/lidar_system/install/rplidar_ros/lib/rplidar_ros/rplidar_node\n'}
[0.905310] (rplidar_ros) StdoutLine: {'line': b'-- Up-to-date: /root/lidar_system/install/rplidar_ros/lib/rplidar_ros/rplidar_composition\n'}
[0.906305] (rplidar_ros) StdoutLine: {'line': b'-- Up-to-date: /root/lidar_system/install/rplidar_ros/lib/rplidar_ros/rplidar_client\n'}
[0.907382] (rplidar_ros) StdoutLine: {'line': b'-- Up-to-date: /root/lidar_system/install/rplidar_ros/share/ament_index/resource_index/package_run_dependencies/rplidar_ros\n'}
[0.909756] (-) TimerEvent: {}
[0.909998] (rplidar_ros) StdoutLine: {'line': b'-- Up-to-date: /root/lidar_system/install/rplidar_ros/share/ament_index/resource_index/parent_prefix_path/rplidar_ros\n'}
[0.911446] (rplidar_ros) StdoutLine: {'line': b'-- Up-to-date: /root/lidar_system/install/rplidar_ros/share/rplidar_ros/environment/ament_prefix_path.sh\n'}
[0.912091] (rplidar_ros) StdoutLine: {'line': b'-- Up-to-date: /root/lidar_system/install/rplidar_ros/share/rplidar_ros/environment/ament_prefix_path.dsv\n'}
[0.912592] (rplidar_ros) StdoutLine: {'line': b'-- Up-to-date: /root/lidar_system/install/rplidar_ros/share/rplidar_ros/environment/path.sh\n'}
[0.913112] (rplidar_ros) StdoutLine: {'line': b'-- Up-to-date: /root/lidar_system/install/rplidar_ros/share/rplidar_ros/environment/path.dsv\n'}
[0.913750] (rplidar_ros) StdoutLine: {'line': b'-- Up-to-date: /root/lidar_system/install/rplidar_ros/share/rplidar_ros/local_setup.bash\n'}
[0.914708] (rplidar_ros) StdoutLine: {'line': b'-- Up-to-date: /root/lidar_system/install/rplidar_ros/share/rplidar_ros/local_setup.sh\n'}
[0.915509] (rplidar_ros) StdoutLine: {'line': b'-- Up-to-date: /root/lidar_system/install/rplidar_ros/share/rplidar_ros/local_setup.zsh\n'}
[0.916496] (rplidar_ros) StdoutLine: {'line': b'-- Up-to-date: /root/lidar_system/install/rplidar_ros/share/rplidar_ros/local_setup.dsv\n'}
[0.917061] (rplidar_ros) StdoutLine: {'line': b'-- Installing: /root/lidar_system/install/rplidar_ros/share/rplidar_ros/package.dsv\n'}
[0.920061] (rplidar_ros) StdoutLine: {'line': b'-- Up-to-date: /root/lidar_system/install/rplidar_ros/share/ament_index/resource_index/packages/rplidar_ros\n'}
[0.920740] (rplidar_ros) StdoutLine: {'line': b'-- Up-to-date: /root/lidar_system/install/rplidar_ros/share/rplidar_ros/cmake/ament_cmake_export_dependencies-extras.cmake\n'}
[0.921229] (rplidar_ros) StdoutLine: {'line': b'-- Up-to-date: /root/lidar_system/install/rplidar_ros/share/rplidar_ros/cmake/ament_cmake_export_include_directories-extras.cmake\n'}
[0.923574] (rplidar_ros) StdoutLine: {'line': b'-- Up-to-date: /root/lidar_system/install/rplidar_ros/share/rplidar_ros/cmake/rplidar_rosConfig.cmake\n'}
[0.927442] (rplidar_ros) StdoutLine: {'line': b'-- Up-to-date: /root/lidar_system/install/rplidar_ros/share/rplidar_ros/cmake/rplidar_rosConfig-version.cmake\n'}
[0.928038] (rplidar_ros) StdoutLine: {'line': b'-- Up-to-date: /root/lidar_system/install/rplidar_ros/share/rplidar_ros/package.xml\n'}
[0.928660] (rplidar_ros) CommandEnded: {'returncode': 0}
[0.996459] (servo_control) StdoutLine: {'line': b"Listing '/root/lidar_system/install/servo_control/lib/python3.8/site-packages/servo_control'...\n"}
[1.010045] (-) TimerEvent: {}
[1.016367] (servo_control) StdoutLine: {'line': b'-- Up-to-date: /root/lidar_system/install/servo_control/lib/servo_control/servo_motor_node.py\n'}
[1.029448] (servo_control) StdoutLine: {'line': b'-- Up-to-date: /root/lidar_system/install/servo_control/share/ament_index/resource_index/package_run_dependencies/servo_control\n'}
[1.032872] (servo_control) StdoutLine: {'line': b'-- Up-to-date: /root/lidar_system/install/servo_control/share/ament_index/resource_index/parent_prefix_path/servo_control\n'}
[1.033520] (servo_control) StdoutLine: {'line': b'-- Up-to-date: /root/lidar_system/install/servo_control/share/servo_control/environment/ament_prefix_path.sh\n'}
[1.034176] (servo_control) StdoutLine: {'line': b'-- Up-to-date: /root/lidar_system/install/servo_control/share/servo_control/environment/ament_prefix_path.dsv\n'}
[1.034897] (servo_control) StdoutLine: {'line': b'-- Up-to-date: /root/lidar_system/install/servo_control/share/servo_control/environment/path.sh\n'}
[1.035595] (servo_control) StdoutLine: {'line': b'-- Up-to-date: /root/lidar_system/install/servo_control/share/servo_control/environment/path.dsv\n'}
[1.036143] (servo_control) StdoutLine: {'line': b'-- Up-to-date: /root/lidar_system/install/servo_control/share/servo_control/local_setup.bash\n'}
[1.036717] (servo_control) StdoutLine: {'line': b'-- Up-to-date: /root/lidar_system/install/servo_control/share/servo_control/local_setup.sh\n'}
[1.037268] (servo_control) StdoutLine: {'line': b'-- Up-to-date: /root/lidar_system/install/servo_control/share/servo_control/local_setup.zsh\n'}
[1.037937] (servo_control) StdoutLine: {'line': b'-- Up-to-date: /root/lidar_system/install/servo_control/share/servo_control/local_setup.dsv\n'}
[1.038652] (servo_control) StdoutLine: {'line': b'-- Installing: /root/lidar_system/install/servo_control/share/servo_control/package.dsv\n'}
[1.039334] (servo_control) StdoutLine: {'line': b'-- Up-to-date: /root/lidar_system/install/servo_control/share/ament_index/resource_index/packages/servo_control\n'}
[1.040025] (servo_control) StdoutLine: {'line': b'-- Up-to-date: /root/lidar_system/install/servo_control/share/servo_control/cmake/servo_controlConfig.cmake\n'}
[1.040588] (servo_control) StdoutLine: {'line': b'-- Up-to-date: /root/lidar_system/install/servo_control/share/servo_control/cmake/servo_controlConfig-version.cmake\n'}
[1.041091] (servo_control) StdoutLine: {'line': b'-- Up-to-date: /root/lidar_system/install/servo_control/share/servo_control/package.xml\n'}
[1.042037] (servo_control) CommandEnded: {'returncode': 0}
[1.110285] (-) TimerEvent: {}
[1.215432] (-) TimerEvent: {}
[1.225387] (rplidar_ros) JobEnded: {'identifier': 'rplidar_ros', 'rc': 0}
[1.294390] (servo_control) JobEnded: {'identifier': 'servo_control', 'rc': 0}
[1.297033] (-) EventReactorShutdown: {}
