[0.086s] Invoking command in '/root/lidar_system/build/servo_control': CMAKE_PREFIX_PATH=/opt/ros/foxy /usr/bin/cmake --build /root/lidar_system/build/servo_control -- -j4 -l4
[0.323s] [35m[1mScanning dependencies of target dynamic_tf_broadcaster[0m
[0.478s] [ 33%] Built target scan_sequence_node
[0.479s] [ 66%] Built target lidar_pointcloud_node
[0.501s] [ 83%] [32mBuilding CXX object CMakeFiles/dynamic_tf_broadcaster.dir/src/dynamic_tf_broadcaster.cpp.o[0m
[31.101s] [100%] [32m[1mLinking CXX executable dynamic_tf_broadcaster[0m
[32.860s] [100%] Built target dynamic_tf_broadcaster
[32.903s] Invoked command in '/root/lidar_system/build/servo_control' returned '0': CMAKE_PREFIX_PATH=/opt/ros/foxy /usr/bin/cmake --build /root/lidar_system/build/servo_control -- -j4 -l4
[33.001s] Invoking command in '/root/lidar_system/build/servo_control': CMAKE_PREFIX_PATH=/opt/ros/foxy /usr/bin/cmake --install /root/lidar_system/build/servo_control
[33.037s] -- Install configuration: ""
[33.040s] -- Installing: /root/lidar_system/install/servo_control/lib/servo_control/dynamic_tf_broadcaster
[33.054s] -- Set runtime path of "/root/lidar_system/install/servo_control/lib/servo_control/dynamic_tf_broadcaster" to ""
[33.056s] -- Up-to-date: /root/lidar_system/install/servo_control/lib/servo_control/lidar_pointcloud_node
[33.060s] -- Up-to-date: /root/lidar_system/install/servo_control/lib/servo_control/scan_sequence_node
[33.062s] -- Up-to-date: /root/lidar_system/install/servo_control/share/servo_control/environment/pythonpath.sh
[33.062s] -- Up-to-date: /root/lidar_system/install/servo_control/share/servo_control/environment/pythonpath.dsv
[33.063s] -- Up-to-date: /root/lidar_system/install/servo_control/lib/python3.8/site-packages/servo_control
[33.064s] -- Up-to-date: /root/lidar_system/install/servo_control/lib/python3.8/site-packages/servo_control/__init__.py
[33.187s] Listing '/root/lidar_system/install/servo_control/lib/python3.8/site-packages/servo_control'...
[33.209s] -- Up-to-date: /root/lidar_system/install/servo_control/lib/servo_control/servo_motor_node.py
[33.211s] -- Up-to-date: /root/lidar_system/install/servo_control/share/ament_index/resource_index/package_run_dependencies/servo_control
[33.211s] -- Up-to-date: /root/lidar_system/install/servo_control/share/ament_index/resource_index/parent_prefix_path/servo_control
[33.212s] -- Up-to-date: /root/lidar_system/install/servo_control/share/servo_control/environment/ament_prefix_path.sh
[33.212s] -- Up-to-date: /root/lidar_system/install/servo_control/share/servo_control/environment/ament_prefix_path.dsv
[33.213s] -- Up-to-date: /root/lidar_system/install/servo_control/share/servo_control/environment/path.sh
[33.213s] -- Up-to-date: /root/lidar_system/install/servo_control/share/servo_control/environment/path.dsv
[33.214s] -- Up-to-date: /root/lidar_system/install/servo_control/share/servo_control/local_setup.bash
[33.214s] -- Up-to-date: /root/lidar_system/install/servo_control/share/servo_control/local_setup.sh
[33.215s] -- Up-to-date: /root/lidar_system/install/servo_control/share/servo_control/local_setup.zsh
[33.215s] -- Up-to-date: /root/lidar_system/install/servo_control/share/servo_control/local_setup.dsv
[33.216s] -- Installing: /root/lidar_system/install/servo_control/share/servo_control/package.dsv
[33.216s] -- Up-to-date: /root/lidar_system/install/servo_control/share/ament_index/resource_index/packages/servo_control
[33.216s] -- Up-to-date: /root/lidar_system/install/servo_control/share/servo_control/cmake/servo_controlConfig.cmake
[33.217s] -- Up-to-date: /root/lidar_system/install/servo_control/share/servo_control/cmake/servo_controlConfig-version.cmake
[33.217s] -- Up-to-date: /root/lidar_system/install/servo_control/share/servo_control/package.xml
[33.233s] Invoked command in '/root/lidar_system/build/servo_control' returned '0': CMAKE_PREFIX_PATH=/opt/ros/foxy /usr/bin/cmake --install /root/lidar_system/build/servo_control
