[1.439s] DEBUG:colcon:Command line arguments: ['/usr/bin/colcon', 'build']
[1.440s] DEBUG:colcon:Parsed command line arguments: Namespace(ament_cmake_args=None, base_paths=['.'], build_base='build', catkin_cmake_args=None, catkin_skip_building_tests=False, cmake_args=None, cmake_clean_cache=False, cmake_clean_first=False, cmake_force_configure=False, cmake_target=None, cmake_target_skip_unavailable=False, continue_on_error=False, event_handlers=None, executor='parallel', ignore_user_meta=False, install_base='install', log_base=None, log_level=None, main=<bound method BuildVerb.main of <colcon_core.verb.build.BuildVerb object at 0x7f97ad84f0>>, merge_install=False, metas=['./colcon.meta'], mixin=None, mixin_files=None, mixin_verb=('build',), packages_above=None, packages_above_and_dependencies=None, packages_above_depth=None, packages_end=None, packages_ignore=None, packages_ignore_regex=None, packages_select=None, packages_select_build_failed=False, packages_select_by_dep=None, packages_select_regex=None, packages_select_test_failures=False, packages_skip=None, packages_skip_build_finished=False, packages_skip_by_dep=None, packages_skip_regex=None, packages_skip_test_passed=False, packages_skip_up_to=None, packages_start=None, packages_up_to=None, packages_up_to_regex=None, parallel_workers=4, paths=None, symlink_install=False, test_result_base=None, verb_extension=<colcon_core.verb.build.BuildVerb object at 0x7f97ad84f0>, verb_name='build', verb_parser=<colcon_mixin.mixin.mixin_argument.MixinArgumentDecorator object at 0x7f97ad8b50>)
[1.553s] Level 1:colcon.colcon_core.package_discovery:discover_packages(colcon_meta) check parameters
[1.556s] INFO:colcon.colcon_metadata.package_discovery.colcon_meta:Using configuration from '/root/.colcon/metadata/default/Gazebo.meta'
[1.559s] INFO:colcon.colcon_metadata.package_discovery.colcon_meta:Using configuration from '/root/.colcon/metadata/default/fastdds.meta'
[1.561s] INFO:colcon.colcon_metadata.package_discovery.colcon_meta:Using configuration from '/root/.colcon/metadata/default/fastrtps.meta'
[1.561s] Level 1:colcon.colcon_core.package_discovery:discover_packages(recursive) check parameters
[1.561s] Level 1:colcon.colcon_core.package_discovery:discover_packages(ignore) check parameters
[1.561s] Level 1:colcon.colcon_core.package_discovery:discover_packages(path) check parameters
[1.561s] Level 1:colcon.colcon_core.package_discovery:discover_packages(colcon_meta) discover
[1.562s] Level 1:colcon.colcon_core.package_discovery:discover_packages(recursive) discover
[1.562s] INFO:colcon.colcon_core.package_discovery:Crawling recursively for packages in '/root/lidar_system'
[1.562s] Level 1:colcon.colcon_core.package_identification:_identify(.) by extensions ['ignore', 'ignore_ament_install']
[1.563s] Level 1:colcon.colcon_core.package_identification:_identify(.) by extension 'ignore'
[1.563s] Level 1:colcon.colcon_core.package_identification:_identify(.) by extension 'ignore_ament_install'
[1.563s] Level 1:colcon.colcon_core.package_identification:_identify(.) by extensions ['colcon_pkg']
[1.563s] Level 1:colcon.colcon_core.package_identification:_identify(.) by extension 'colcon_pkg'
[1.564s] Level 1:colcon.colcon_core.package_identification:_identify(.) by extensions ['colcon_meta']
[1.564s] Level 1:colcon.colcon_core.package_identification:_identify(.) by extension 'colcon_meta'
[1.564s] Level 1:colcon.colcon_core.package_identification:_identify(.) by extensions ['ros']
[1.564s] Level 1:colcon.colcon_core.package_identification:_identify(.) by extension 'ros'
[1.654s] Level 1:colcon.colcon_core.package_identification:_identify(.) by extensions ['cmake', 'python']
[1.654s] Level 1:colcon.colcon_core.package_identification:_identify(.) by extension 'cmake'
[1.654s] Level 1:colcon.colcon_core.package_identification:_identify(.) by extension 'python'
[1.655s] Level 1:colcon.colcon_core.package_identification:_identify(.) by extensions ['python_setup_py']
[1.655s] Level 1:colcon.colcon_core.package_identification:_identify(.) by extension 'python_setup_py'
[1.655s] Level 1:colcon.colcon_core.package_identification:_identify(build) by extensions ['ignore', 'ignore_ament_install']
[1.656s] Level 1:colcon.colcon_core.package_identification:_identify(build) by extension 'ignore'
[1.656s] Level 1:colcon.colcon_core.package_identification:_identify(build) ignored
[1.657s] Level 1:colcon.colcon_core.package_identification:_identify(images) by extensions ['ignore', 'ignore_ament_install']
[1.657s] Level 1:colcon.colcon_core.package_identification:_identify(images) by extension 'ignore'
[1.657s] Level 1:colcon.colcon_core.package_identification:_identify(images) by extension 'ignore_ament_install'
[1.658s] Level 1:colcon.colcon_core.package_identification:_identify(images) by extensions ['colcon_pkg']
[1.658s] Level 1:colcon.colcon_core.package_identification:_identify(images) by extension 'colcon_pkg'
[1.658s] Level 1:colcon.colcon_core.package_identification:_identify(images) by extensions ['colcon_meta']
[1.658s] Level 1:colcon.colcon_core.package_identification:_identify(images) by extension 'colcon_meta'
[1.659s] Level 1:colcon.colcon_core.package_identification:_identify(images) by extensions ['ros']
[1.659s] Level 1:colcon.colcon_core.package_identification:_identify(images) by extension 'ros'
[1.659s] Level 1:colcon.colcon_core.package_identification:_identify(images) by extensions ['cmake', 'python']
[1.659s] Level 1:colcon.colcon_core.package_identification:_identify(images) by extension 'cmake'
[1.660s] Level 1:colcon.colcon_core.package_identification:_identify(images) by extension 'python'
[1.660s] Level 1:colcon.colcon_core.package_identification:_identify(images) by extensions ['python_setup_py']
[1.660s] Level 1:colcon.colcon_core.package_identification:_identify(images) by extension 'python_setup_py'
[1.661s] Level 1:colcon.colcon_core.package_identification:_identify(install) by extensions ['ignore', 'ignore_ament_install']
[1.661s] Level 1:colcon.colcon_core.package_identification:_identify(install) by extension 'ignore'
[1.661s] Level 1:colcon.colcon_core.package_identification:_identify(install) ignored
[1.662s] Level 1:colcon.colcon_core.package_identification:_identify(log) by extensions ['ignore', 'ignore_ament_install']
[1.663s] Level 1:colcon.colcon_core.package_identification:_identify(log) by extension 'ignore'
[1.663s] Level 1:colcon.colcon_core.package_identification:_identify(log) ignored
[1.663s] Level 1:colcon.colcon_core.package_identification:_identify(rplidar_ros) by extensions ['ignore', 'ignore_ament_install']
[1.663s] Level 1:colcon.colcon_core.package_identification:_identify(rplidar_ros) by extension 'ignore'
[1.664s] Level 1:colcon.colcon_core.package_identification:_identify(rplidar_ros) by extension 'ignore_ament_install'
[1.664s] Level 1:colcon.colcon_core.package_identification:_identify(rplidar_ros) by extensions ['colcon_pkg']
[1.664s] Level 1:colcon.colcon_core.package_identification:_identify(rplidar_ros) by extension 'colcon_pkg'
[1.664s] Level 1:colcon.colcon_core.package_identification:_identify(rplidar_ros) by extensions ['colcon_meta']
[1.664s] Level 1:colcon.colcon_core.package_identification:_identify(rplidar_ros) by extension 'colcon_meta'
[1.665s] Level 1:colcon.colcon_core.package_identification:_identify(rplidar_ros) by extensions ['ros']
[1.665s] Level 1:colcon.colcon_core.package_identification:_identify(rplidar_ros) by extension 'ros'
[1.677s] DEBUG:colcon.colcon_core.package_identification:Package 'rplidar_ros' with type 'ros.ament_cmake' and name 'rplidar_ros'
[1.678s] Level 1:colcon.colcon_core.package_identification:_identify(servo_control) by extensions ['ignore', 'ignore_ament_install']
[1.678s] Level 1:colcon.colcon_core.package_identification:_identify(servo_control) by extension 'ignore'
[1.678s] Level 1:colcon.colcon_core.package_identification:_identify(servo_control) by extension 'ignore_ament_install'
[1.679s] Level 1:colcon.colcon_core.package_identification:_identify(servo_control) by extensions ['colcon_pkg']
[1.679s] Level 1:colcon.colcon_core.package_identification:_identify(servo_control) by extension 'colcon_pkg'
[1.679s] Level 1:colcon.colcon_core.package_identification:_identify(servo_control) by extensions ['colcon_meta']
[1.679s] Level 1:colcon.colcon_core.package_identification:_identify(servo_control) by extension 'colcon_meta'
[1.679s] Level 1:colcon.colcon_core.package_identification:_identify(servo_control) by extensions ['ros']
[1.679s] Level 1:colcon.colcon_core.package_identification:_identify(servo_control) by extension 'ros'
[1.685s] DEBUG:colcon.colcon_core.package_identification:Package 'servo_control' with type 'ros.ament_cmake' and name 'servo_control'
[1.685s] Level 1:colcon.colcon_core.package_discovery:discover_packages(recursive) using defaults
[1.686s] Level 1:colcon.colcon_core.package_discovery:discover_packages(ignore) discover
[1.686s] Level 1:colcon.colcon_core.package_discovery:discover_packages(ignore) using defaults
[1.686s] Level 1:colcon.colcon_core.package_discovery:discover_packages(path) discover
[1.686s] Level 1:colcon.colcon_core.package_discovery:discover_packages(path) using defaults
[1.770s] Level 5:colcon.colcon_core.verb:set package 'rplidar_ros' build argument 'cmake_args' from command line to 'None'
[1.771s] Level 5:colcon.colcon_core.verb:set package 'rplidar_ros' build argument 'cmake_target' from command line to 'None'
[1.771s] Level 5:colcon.colcon_core.verb:set package 'rplidar_ros' build argument 'cmake_target_skip_unavailable' from command line to 'False'
[1.771s] Level 5:colcon.colcon_core.verb:set package 'rplidar_ros' build argument 'cmake_clean_cache' from command line to 'False'
[1.771s] Level 5:colcon.colcon_core.verb:set package 'rplidar_ros' build argument 'cmake_clean_first' from command line to 'False'
[1.771s] Level 5:colcon.colcon_core.verb:set package 'rplidar_ros' build argument 'cmake_force_configure' from command line to 'False'
[1.771s] Level 5:colcon.colcon_core.verb:set package 'rplidar_ros' build argument 'ament_cmake_args' from command line to 'None'
[1.771s] Level 5:colcon.colcon_core.verb:set package 'rplidar_ros' build argument 'catkin_cmake_args' from command line to 'None'
[1.772s] Level 5:colcon.colcon_core.verb:set package 'rplidar_ros' build argument 'catkin_skip_building_tests' from command line to 'False'
[1.772s] DEBUG:colcon.colcon_core.verb:Building package 'rplidar_ros' with the following arguments: {'ament_cmake_args': None, 'build_base': '/root/lidar_system/build/rplidar_ros', 'catkin_cmake_args': None, 'catkin_skip_building_tests': False, 'cmake_args': None, 'cmake_clean_cache': False, 'cmake_clean_first': False, 'cmake_force_configure': False, 'cmake_target': None, 'cmake_target_skip_unavailable': False, 'install_base': '/root/lidar_system/install/rplidar_ros', 'merge_install': False, 'path': '/root/lidar_system/rplidar_ros', 'symlink_install': False, 'test_result_base': None}
[1.776s] Level 5:colcon.colcon_core.verb:set package 'servo_control' build argument 'cmake_args' from command line to 'None'
[1.776s] Level 5:colcon.colcon_core.verb:set package 'servo_control' build argument 'cmake_target' from command line to 'None'
[1.777s] Level 5:colcon.colcon_core.verb:set package 'servo_control' build argument 'cmake_target_skip_unavailable' from command line to 'False'
[1.777s] Level 5:colcon.colcon_core.verb:set package 'servo_control' build argument 'cmake_clean_cache' from command line to 'False'
[1.777s] Level 5:colcon.colcon_core.verb:set package 'servo_control' build argument 'cmake_clean_first' from command line to 'False'
[1.777s] Level 5:colcon.colcon_core.verb:set package 'servo_control' build argument 'cmake_force_configure' from command line to 'False'
[1.777s] Level 5:colcon.colcon_core.verb:set package 'servo_control' build argument 'ament_cmake_args' from command line to 'None'
[1.777s] Level 5:colcon.colcon_core.verb:set package 'servo_control' build argument 'catkin_cmake_args' from command line to 'None'
[1.777s] Level 5:colcon.colcon_core.verb:set package 'servo_control' build argument 'catkin_skip_building_tests' from command line to 'False'
[1.778s] DEBUG:colcon.colcon_core.verb:Building package 'servo_control' with the following arguments: {'ament_cmake_args': None, 'build_base': '/root/lidar_system/build/servo_control', 'catkin_cmake_args': None, 'catkin_skip_building_tests': False, 'cmake_args': None, 'cmake_clean_cache': False, 'cmake_clean_first': False, 'cmake_force_configure': False, 'cmake_target': None, 'cmake_target_skip_unavailable': False, 'install_base': '/root/lidar_system/install/servo_control', 'merge_install': False, 'path': '/root/lidar_system/servo_control', 'symlink_install': False, 'test_result_base': None}
[1.781s] INFO:colcon.colcon_core.executor:Executing jobs using 'parallel' executor
[1.801s] DEBUG:colcon.colcon_parallel_executor.executor.parallel:run_until_complete
[1.802s] INFO:colcon.colcon_ros.task.ament_cmake.build:Building ROS package in '/root/lidar_system/rplidar_ros' with build type 'ament_cmake'
[1.804s] INFO:colcon.colcon_cmake.task.cmake.build:Building CMake package in '/root/lidar_system/rplidar_ros'
[1.823s] INFO:colcon.colcon_core.plugin_system:Skipping extension 'colcon_core.shell.bat': Not used on non-Windows systems
[1.824s] INFO:colcon.colcon_core.shell:Skip shell extension 'powershell' for command environment: Not usable outside of PowerShell
[1.824s] DEBUG:colcon.colcon_core.shell:Skip shell extension 'dsv' for command environment
[1.850s] INFO:colcon.colcon_ros.task.ament_cmake.build:Building ROS package in '/root/lidar_system/servo_control' with build type 'ament_cmake'
[1.851s] INFO:colcon.colcon_cmake.task.cmake.build:Building CMake package in '/root/lidar_system/servo_control'
[1.859s] INFO:colcon.colcon_core.shell:Skip shell extension 'powershell' for command environment: Not usable outside of PowerShell
[1.859s] DEBUG:colcon.colcon_core.shell:Skip shell extension 'dsv' for command environment
[1.899s] DEBUG:colcon.colcon_core.event_handler.log_command:Invoking command in '/root/lidar_system/build/rplidar_ros': CMAKE_PREFIX_PATH=/opt/ros/foxy /usr/bin/cmake --build /root/lidar_system/build/rplidar_ros -- -j4 -l4
[1.917s] DEBUG:colcon.colcon_core.event_handler.log_command:Invoking command in '/root/lidar_system/build/servo_control': CMAKE_PREFIX_PATH=/opt/ros/foxy /usr/bin/cmake --build /root/lidar_system/build/servo_control -- -j4 -l4
[2.545s] DEBUG:colcon.colcon_core.event_handler.log_command:Invoked command in '/root/lidar_system/build/rplidar_ros' returned '0': CMAKE_PREFIX_PATH=/opt/ros/foxy /usr/bin/cmake --build /root/lidar_system/build/rplidar_ros -- -j4 -l4
[2.573s] DEBUG:colcon.colcon_core.event_handler.log_command:Invoked command in '/root/lidar_system/build/servo_control' returned '0': CMAKE_PREFIX_PATH=/opt/ros/foxy /usr/bin/cmake --build /root/lidar_system/build/servo_control -- -j4 -l4
[2.723s] DEBUG:colcon.colcon_core.event_handler.log_command:Invoking command in '/root/lidar_system/build/servo_control': CMAKE_PREFIX_PATH=/opt/ros/foxy /usr/bin/cmake --install /root/lidar_system/build/servo_control
[2.733s] DEBUG:colcon.colcon_core.event_handler.log_command:Invoking command in '/root/lidar_system/build/rplidar_ros': CMAKE_PREFIX_PATH=/opt/ros/foxy /usr/bin/cmake --install /root/lidar_system/build/rplidar_ros
[2.791s] Level 1:colcon.colcon_core.environment:create_environment_scripts_only(rplidar_ros)
[2.810s] DEBUG:colcon.colcon_core.event_handler.log_command:Invoked command in '/root/lidar_system/build/rplidar_ros' returned '0': CMAKE_PREFIX_PATH=/opt/ros/foxy /usr/bin/cmake --install /root/lidar_system/build/rplidar_ros
[2.825s] Level 1:colcon.colcon_core.environment:checking '/root/lidar_system/install/rplidar_ros' for CMake module files
[2.828s] Level 1:colcon.colcon_core.environment:checking '/root/lidar_system/install/rplidar_ros' for CMake config files
[2.830s] Level 1:colcon.colcon_core.shell:create_environment_hook('rplidar_ros', 'cmake_prefix_path')
[2.836s] INFO:colcon.colcon_core.shell:Creating environment hook '/root/lidar_system/install/rplidar_ros/share/rplidar_ros/hook/cmake_prefix_path.ps1'
[2.839s] INFO:colcon.colcon_core.shell:Creating environment descriptor '/root/lidar_system/install/rplidar_ros/share/rplidar_ros/hook/cmake_prefix_path.dsv'
[2.841s] INFO:colcon.colcon_core.shell:Creating environment hook '/root/lidar_system/install/rplidar_ros/share/rplidar_ros/hook/cmake_prefix_path.sh'
[2.845s] Level 1:colcon.colcon_core.environment:checking '/root/lidar_system/install/rplidar_ros/lib'
[2.845s] Level 1:colcon.colcon_core.environment:checking '/root/lidar_system/install/rplidar_ros/bin'
[2.846s] Level 1:colcon.colcon_core.environment:checking '/root/lidar_system/install/rplidar_ros/lib/pkgconfig/rplidar_ros.pc'
[2.849s] Level 1:colcon.colcon_core.environment:checking '/root/lidar_system/install/rplidar_ros/lib/python3.8/site-packages'
[2.850s] Level 1:colcon.colcon_core.environment:checking '/root/lidar_system/install/rplidar_ros/bin'
[2.857s] INFO:colcon.colcon_core.shell:Creating package script '/root/lidar_system/install/rplidar_ros/share/rplidar_ros/package.ps1'
[2.861s] INFO:colcon.colcon_core.shell:Creating package descriptor '/root/lidar_system/install/rplidar_ros/share/rplidar_ros/package.dsv'
[2.863s] INFO:colcon.colcon_core.shell:Creating package script '/root/lidar_system/install/rplidar_ros/share/rplidar_ros/package.sh'
[2.866s] INFO:colcon.colcon_core.shell:Creating package script '/root/lidar_system/install/rplidar_ros/share/rplidar_ros/package.bash'
[2.870s] INFO:colcon.colcon_core.shell:Creating package script '/root/lidar_system/install/rplidar_ros/share/rplidar_ros/package.zsh'
[2.873s] Level 1:colcon.colcon_core.environment:create_file_with_runtime_dependencies(/root/lidar_system/install/rplidar_ros/share/colcon-core/packages/rplidar_ros)
[2.909s] Level 1:colcon.colcon_core.environment:create_environment_scripts_only(servo_control)
[2.921s] Level 1:colcon.colcon_core.environment:checking '/root/lidar_system/install/servo_control' for CMake module files
[2.924s] DEBUG:colcon.colcon_core.event_handler.log_command:Invoked command in '/root/lidar_system/build/servo_control' returned '0': CMAKE_PREFIX_PATH=/opt/ros/foxy /usr/bin/cmake --install /root/lidar_system/build/servo_control
[2.926s] Level 1:colcon.colcon_core.environment:checking '/root/lidar_system/install/servo_control' for CMake config files
[2.927s] Level 1:colcon.colcon_core.shell:create_environment_hook('servo_control', 'cmake_prefix_path')
[2.934s] INFO:colcon.colcon_core.shell:Creating environment hook '/root/lidar_system/install/servo_control/share/servo_control/hook/cmake_prefix_path.ps1'
[2.936s] INFO:colcon.colcon_core.shell:Creating environment descriptor '/root/lidar_system/install/servo_control/share/servo_control/hook/cmake_prefix_path.dsv'
[2.938s] INFO:colcon.colcon_core.shell:Creating environment hook '/root/lidar_system/install/servo_control/share/servo_control/hook/cmake_prefix_path.sh'
[2.940s] Level 1:colcon.colcon_core.environment:checking '/root/lidar_system/install/servo_control/lib'
[2.941s] Level 1:colcon.colcon_core.environment:checking '/root/lidar_system/install/servo_control/bin'
[2.941s] Level 1:colcon.colcon_core.environment:checking '/root/lidar_system/install/servo_control/lib/pkgconfig/servo_control.pc'
[2.942s] Level 1:colcon.colcon_core.environment:checking '/root/lidar_system/install/servo_control/lib/python3.8/site-packages'
[2.942s] Level 1:colcon.colcon_core.shell:create_environment_hook('servo_control', 'pythonpath')
[2.949s] INFO:colcon.colcon_core.shell:Creating environment hook '/root/lidar_system/install/servo_control/share/servo_control/hook/pythonpath.ps1'
[2.951s] INFO:colcon.colcon_core.shell:Creating environment descriptor '/root/lidar_system/install/servo_control/share/servo_control/hook/pythonpath.dsv'
[2.952s] INFO:colcon.colcon_core.shell:Creating environment hook '/root/lidar_system/install/servo_control/share/servo_control/hook/pythonpath.sh'
[2.954s] Level 1:colcon.colcon_core.environment:checking '/root/lidar_system/install/servo_control/bin'
[2.962s] INFO:colcon.colcon_core.shell:Creating package script '/root/lidar_system/install/servo_control/share/servo_control/package.ps1'
[2.964s] INFO:colcon.colcon_core.shell:Creating package descriptor '/root/lidar_system/install/servo_control/share/servo_control/package.dsv'
[2.966s] INFO:colcon.colcon_core.shell:Creating package script '/root/lidar_system/install/servo_control/share/servo_control/package.sh'
[2.968s] INFO:colcon.colcon_core.shell:Creating package script '/root/lidar_system/install/servo_control/share/servo_control/package.bash'
[2.969s] INFO:colcon.colcon_core.shell:Creating package script '/root/lidar_system/install/servo_control/share/servo_control/package.zsh'
[2.971s] Level 1:colcon.colcon_core.environment:create_file_with_runtime_dependencies(/root/lidar_system/install/servo_control/share/colcon-core/packages/servo_control)
[3.040s] Level 1:colcon.colcon_core.environment:create_environment_scripts_only(rplidar_ros)
[3.051s] Level 1:colcon.colcon_core.environment:checking '/root/lidar_system/install/rplidar_ros' for CMake module files
[3.054s] Level 1:colcon.colcon_core.environment:checking '/root/lidar_system/install/rplidar_ros' for CMake config files
[3.056s] Level 1:colcon.colcon_core.shell:create_environment_hook('rplidar_ros', 'cmake_prefix_path')
[3.063s] INFO:colcon.colcon_core.shell:Creating environment hook '/root/lidar_system/install/rplidar_ros/share/rplidar_ros/hook/cmake_prefix_path.ps1'
[3.065s] INFO:colcon.colcon_core.shell:Creating environment descriptor '/root/lidar_system/install/rplidar_ros/share/rplidar_ros/hook/cmake_prefix_path.dsv'
[3.067s] INFO:colcon.colcon_core.shell:Creating environment hook '/root/lidar_system/install/rplidar_ros/share/rplidar_ros/hook/cmake_prefix_path.sh'
[3.069s] Level 1:colcon.colcon_core.environment:checking '/root/lidar_system/install/rplidar_ros/lib'
[3.069s] Level 1:colcon.colcon_core.environment:checking '/root/lidar_system/install/rplidar_ros/bin'
[3.069s] Level 1:colcon.colcon_core.environment:checking '/root/lidar_system/install/rplidar_ros/lib/pkgconfig/rplidar_ros.pc'
[3.070s] Level 1:colcon.colcon_core.environment:checking '/root/lidar_system/install/rplidar_ros/lib/python3.8/site-packages'
[3.071s] Level 1:colcon.colcon_core.environment:checking '/root/lidar_system/install/rplidar_ros/bin'
[3.078s] INFO:colcon.colcon_core.shell:Creating package script '/root/lidar_system/install/rplidar_ros/share/rplidar_ros/package.ps1'
[3.080s] INFO:colcon.colcon_core.shell:Creating package descriptor '/root/lidar_system/install/rplidar_ros/share/rplidar_ros/package.dsv'
[3.082s] INFO:colcon.colcon_core.shell:Creating package script '/root/lidar_system/install/rplidar_ros/share/rplidar_ros/package.sh'
[3.083s] INFO:colcon.colcon_core.shell:Creating package script '/root/lidar_system/install/rplidar_ros/share/rplidar_ros/package.bash'
[3.085s] INFO:colcon.colcon_core.shell:Creating package script '/root/lidar_system/install/rplidar_ros/share/rplidar_ros/package.zsh'
[3.086s] Level 1:colcon.colcon_core.environment:create_file_with_runtime_dependencies(/root/lidar_system/install/rplidar_ros/share/colcon-core/packages/rplidar_ros)
[3.096s] Level 1:colcon.colcon_core.environment:create_environment_scripts_only(servo_control)
[3.106s] Level 1:colcon.colcon_core.environment:checking '/root/lidar_system/install/servo_control' for CMake module files
[3.109s] Level 1:colcon.colcon_core.environment:checking '/root/lidar_system/install/servo_control' for CMake config files
[3.110s] Level 1:colcon.colcon_core.shell:create_environment_hook('servo_control', 'cmake_prefix_path')
[3.116s] INFO:colcon.colcon_core.shell:Creating environment hook '/root/lidar_system/install/servo_control/share/servo_control/hook/cmake_prefix_path.ps1'
[3.118s] INFO:colcon.colcon_core.shell:Creating environment descriptor '/root/lidar_system/install/servo_control/share/servo_control/hook/cmake_prefix_path.dsv'
[3.119s] INFO:colcon.colcon_core.shell:Creating environment hook '/root/lidar_system/install/servo_control/share/servo_control/hook/cmake_prefix_path.sh'
[3.121s] Level 1:colcon.colcon_core.environment:checking '/root/lidar_system/install/servo_control/lib'
[3.122s] Level 1:colcon.colcon_core.environment:checking '/root/lidar_system/install/servo_control/bin'
[3.122s] Level 1:colcon.colcon_core.environment:checking '/root/lidar_system/install/servo_control/lib/pkgconfig/servo_control.pc'
[3.123s] Level 1:colcon.colcon_core.environment:checking '/root/lidar_system/install/servo_control/lib/python3.8/site-packages'
[3.123s] Level 1:colcon.colcon_core.shell:create_environment_hook('servo_control', 'pythonpath')
[3.129s] INFO:colcon.colcon_core.shell:Creating environment hook '/root/lidar_system/install/servo_control/share/servo_control/hook/pythonpath.ps1'
[3.131s] INFO:colcon.colcon_core.shell:Creating environment descriptor '/root/lidar_system/install/servo_control/share/servo_control/hook/pythonpath.dsv'
[3.132s] INFO:colcon.colcon_core.shell:Creating environment hook '/root/lidar_system/install/servo_control/share/servo_control/hook/pythonpath.sh'
[3.134s] Level 1:colcon.colcon_core.environment:checking '/root/lidar_system/install/servo_control/bin'
[3.141s] INFO:colcon.colcon_core.shell:Creating package script '/root/lidar_system/install/servo_control/share/servo_control/package.ps1'
[3.143s] INFO:colcon.colcon_core.shell:Creating package descriptor '/root/lidar_system/install/servo_control/share/servo_control/package.dsv'
[3.145s] INFO:colcon.colcon_core.shell:Creating package script '/root/lidar_system/install/servo_control/share/servo_control/package.sh'
[3.147s] INFO:colcon.colcon_core.shell:Creating package script '/root/lidar_system/install/servo_control/share/servo_control/package.bash'
[3.149s] INFO:colcon.colcon_core.shell:Creating package script '/root/lidar_system/install/servo_control/share/servo_control/package.zsh'
[3.150s] Level 1:colcon.colcon_core.environment:create_file_with_runtime_dependencies(/root/lidar_system/install/servo_control/share/colcon-core/packages/servo_control)
[3.151s] DEBUG:colcon.colcon_parallel_executor.executor.parallel:closing loop
[3.151s] DEBUG:colcon.colcon_parallel_executor.executor.parallel:loop closed
[3.151s] DEBUG:colcon.colcon_parallel_executor.executor.parallel:run_until_complete finished with '0'
[3.152s] DEBUG:colcon.colcon_core.event_reactor:joining thread
[3.173s] INFO:colcon.colcon_core.plugin_system:Skipping extension 'colcon_notification.desktop_notification.notify_send': Could not find 'notify-send'
[3.173s] INFO:colcon.colcon_core.plugin_system:Skipping extension 'colcon_notification.desktop_notification.terminal_notifier': Not used on non-Darwin systems
[3.174s] INFO:colcon.colcon_core.plugin_system:Skipping extension 'colcon_notification.desktop_notification.win32': Not used on non-Windows systems
[3.174s] INFO:colcon.colcon_notification.desktop_notification:Sending desktop notification using 'notify2'
[3.202s] DEBUG:colcon.colcon_notification.desktop_notification.notify2:Failed to initialize notify2: org.freedesktop.DBus.Error.ServiceUnknown: The name org.freedesktop.Notifications was not provided by any .service files
[3.202s] DEBUG:colcon.colcon_core.event_reactor:joined thread
[3.210s] INFO:colcon.colcon_core.shell:Creating prefix script '/root/lidar_system/install/local_setup.ps1'
[3.214s] INFO:colcon.colcon_core.shell:Creating prefix util module '/root/lidar_system/install/_local_setup_util_ps1.py'
[3.220s] INFO:colcon.colcon_core.shell:Creating prefix chain script '/root/lidar_system/install/setup.ps1'
[3.226s] INFO:colcon.colcon_core.shell:Creating prefix script '/root/lidar_system/install/local_setup.sh'
[3.228s] INFO:colcon.colcon_core.shell:Creating prefix util module '/root/lidar_system/install/_local_setup_util_sh.py'
[3.229s] INFO:colcon.colcon_core.shell:Creating prefix chain script '/root/lidar_system/install/setup.sh'
[3.235s] INFO:colcon.colcon_core.shell:Creating prefix script '/root/lidar_system/install/local_setup.bash'
[3.237s] INFO:colcon.colcon_core.shell:Creating prefix chain script '/root/lidar_system/install/setup.bash'
[3.243s] INFO:colcon.colcon_core.shell:Creating prefix script '/root/lidar_system/install/local_setup.zsh'
[3.244s] INFO:colcon.colcon_core.shell:Creating prefix chain script '/root/lidar_system/install/setup.zsh'
