[0.070s] Invoking command in '/root/lidar_system/build/servo_control': /usr/bin/cmake /root/lidar_system/servo_control -DCMAKE_INSTALL_PREFIX=/root/lidar_system/install/servo_control
[1.051s] -- The C compiler identification is GNU 9.4.0
[1.602s] -- The CXX compiler identification is GNU 9.4.0
[1.627s] -- Check for working C compiler: /usr/bin/cc
[1.872s] -- Check for working C compiler: /usr/bin/cc -- works
[1.879s] -- Detecting C compiler ABI info
[2.120s] -- Detecting C compiler ABI info - done
[2.169s] -- Detecting C compile features
[2.170s] -- Detecting C compile features - done
[2.181s] -- Check for working CXX compiler: /usr/bin/c++
[2.455s] -- Check for working CXX compiler: /usr/bin/c++ -- works
[2.459s] -- Detecting CXX compiler ABI info
[2.737s] -- Detecting CXX compiler ABI info - done
[2.785s] -- Detecting CXX compile features
[2.786s] -- Detecting CXX compile features - done
[2.819s] CMake Error at CMakeLists.txt:9 (find_package):
[2.820s]   By not providing "Findament_cmake.cmake" in CMAKE_MODULE_PATH this project
[2.821s]   has asked CMake to find a package configuration file provided by
[2.821s]   "ament_cmake", but CMake did not find one.
[2.822s] 
[2.822s]   Could not find a package configuration file provided by "ament_cmake" with
[2.822s]   any of the following names:
[2.823s] 
[2.823s]     ament_cmakeConfig.cmake
[2.824s]     ament_cmake-config.cmake
[2.824s] 
[2.825s]   Add the installation prefix of "ament_cmake" to CMAKE_PREFIX_PATH or set
[2.825s]   "ament_cmake_DIR" to a directory containing one of the above files.  If
[2.826s]   "ament_cmake" provides a separate development package or SDK, be sure it
[2.826s]   has been installed.
[2.827s] 
[2.844s] 
[2.845s] -- Configuring incomplete, errors occurred!
[2.846s] See also "/root/lidar_system/build/servo_control/CMakeFiles/CMakeOutput.log".
[2.853s] Invoked command in '/root/lidar_system/build/servo_control' returned '1': /usr/bin/cmake /root/lidar_system/servo_control -DCMAKE_INSTALL_PREFIX=/root/lidar_system/install/servo_control
