[0.054s] Invoking command in '/root/lidar_system/build/servo_control': CMAKE_PREFIX_PATH=/opt/ros/foxy /usr/bin/cmake --build /root/lidar_system/build/servo_control -- -j4 -l4
[0.344s] Scanning dependencies of target dynamic_tf_broadcaster
[0.410s] [ 33%] Built target scan_sequence_node
[0.418s] [ 66%] Built target lidar_pointcloud_node
[0.444s] [ 83%] Building CXX object CMakeFiles/dynamic_tf_broadcaster.dir/src/dynamic_tf_broadcaster.cpp.o
[29.080s] [100%] Linking CXX executable dynamic_tf_broadcaster
[30.705s] [100%] Built target dynamic_tf_broadcaster
[30.742s] Invoked command in '/root/lidar_system/build/servo_control' returned '0': CMAKE_PREFIX_PATH=/opt/ros/foxy /usr/bin/cmake --build /root/lidar_system/build/servo_control -- -j4 -l4
[30.827s] Invoking command in '/root/lidar_system/build/servo_control': CMAKE_PREFIX_PATH=/opt/ros/foxy /usr/bin/cmake --install /root/lidar_system/build/servo_control
[30.864s] -- Install configuration: ""
[30.865s] -- Installing: /root/lidar_system/install/servo_control/lib/servo_control/dynamic_tf_broadcaster
[30.879s] -- Set runtime path of "/root/lidar_system/install/servo_control/lib/servo_control/dynamic_tf_broadcaster" to ""
[30.880s] -- Up-to-date: /root/lidar_system/install/servo_control/lib/servo_control/lidar_pointcloud_node
[30.881s] -- Up-to-date: /root/lidar_system/install/servo_control/lib/servo_control/scan_sequence_node
[30.882s] -- Up-to-date: /root/lidar_system/install/servo_control/share/servo_control/environment/pythonpath.sh
[30.883s] -- Up-to-date: /root/lidar_system/install/servo_control/share/servo_control/environment/pythonpath.dsv
[30.883s] -- Up-to-date: /root/lidar_system/install/servo_control/lib/python3.8/site-packages/servo_control
[30.883s] -- Up-to-date: /root/lidar_system/install/servo_control/lib/python3.8/site-packages/servo_control/__init__.py
[30.992s] Listing '/root/lidar_system/install/servo_control/lib/python3.8/site-packages/servo_control'...
[31.012s] -- Up-to-date: /root/lidar_system/install/servo_control/lib/servo_control/servo_motor_node.py
[31.014s] -- Up-to-date: /root/lidar_system/install/servo_control/share/ament_index/resource_index/package_run_dependencies/servo_control
[31.014s] -- Up-to-date: /root/lidar_system/install/servo_control/share/ament_index/resource_index/parent_prefix_path/servo_control
[31.014s] -- Up-to-date: /root/lidar_system/install/servo_control/share/servo_control/environment/ament_prefix_path.sh
[31.015s] -- Up-to-date: /root/lidar_system/install/servo_control/share/servo_control/environment/ament_prefix_path.dsv
[31.016s] -- Up-to-date: /root/lidar_system/install/servo_control/share/servo_control/environment/path.sh
[31.016s] -- Up-to-date: /root/lidar_system/install/servo_control/share/servo_control/environment/path.dsv
[31.017s] -- Up-to-date: /root/lidar_system/install/servo_control/share/servo_control/local_setup.bash
[31.017s] -- Up-to-date: /root/lidar_system/install/servo_control/share/servo_control/local_setup.sh
[31.017s] -- Up-to-date: /root/lidar_system/install/servo_control/share/servo_control/local_setup.zsh
[31.018s] -- Up-to-date: /root/lidar_system/install/servo_control/share/servo_control/local_setup.dsv
[31.018s] -- Installing: /root/lidar_system/install/servo_control/share/servo_control/package.dsv
[31.018s] -- Up-to-date: /root/lidar_system/install/servo_control/share/ament_index/resource_index/packages/servo_control
[31.019s] -- Up-to-date: /root/lidar_system/install/servo_control/share/servo_control/cmake/servo_controlConfig.cmake
[31.020s] -- Up-to-date: /root/lidar_system/install/servo_control/share/servo_control/cmake/servo_controlConfig-version.cmake
[31.020s] -- Up-to-date: /root/lidar_system/install/servo_control/share/servo_control/package.xml
[31.032s] Invoked command in '/root/lidar_system/build/servo_control' returned '0': CMAKE_PREFIX_PATH=/opt/ros/foxy /usr/bin/cmake --install /root/lidar_system/build/servo_control
