[1.530s] DEBUG:colcon:Command line arguments: ['/usr/bin/colcon', 'build']
[1.531s] DEBUG:colcon:Parsed command line arguments: Namespace(ament_cmake_args=None, base_paths=['.'], build_base='build', catkin_cmake_args=None, catkin_skip_building_tests=False, cmake_args=None, cmake_clean_cache=False, cmake_clean_first=False, cmake_force_configure=False, cmake_target=None, cmake_target_skip_unavailable=False, continue_on_error=False, event_handlers=None, executor='parallel', ignore_user_meta=False, install_base='install', log_base=None, log_level=None, main=<bound method BuildVerb.main of <colcon_core.verb.build.BuildVerb object at 0x7f80bb3550>>, merge_install=False, metas=['./colcon.meta'], mixin=None, mixin_files=None, mixin_verb=('build',), packages_above=None, packages_above_and_dependencies=None, packages_above_depth=None, packages_end=None, packages_ignore=None, packages_ignore_regex=None, packages_select=None, packages_select_build_failed=False, packages_select_by_dep=None, packages_select_regex=None, packages_select_test_failures=False, packages_skip=None, packages_skip_build_finished=False, packages_skip_by_dep=None, packages_skip_regex=None, packages_skip_test_passed=False, packages_skip_up_to=None, packages_start=None, packages_up_to=None, packages_up_to_regex=None, parallel_workers=4, paths=None, symlink_install=False, test_result_base=None, verb_extension=<colcon_core.verb.build.BuildVerb object at 0x7f80bb3550>, verb_name='build', verb_parser=<colcon_mixin.mixin.mixin_argument.MixinArgumentDecorator object at 0x7f80bb3bb0>)
[1.683s] Level 1:colcon.colcon_core.package_discovery:discover_packages(colcon_meta) check parameters
[1.687s] INFO:colcon.colcon_metadata.package_discovery.colcon_meta:Using configuration from '/root/.colcon/metadata/default/Gazebo.meta'
[1.689s] INFO:colcon.colcon_metadata.package_discovery.colcon_meta:Using configuration from '/root/.colcon/metadata/default/fastdds.meta'
[1.692s] INFO:colcon.colcon_metadata.package_discovery.colcon_meta:Using configuration from '/root/.colcon/metadata/default/fastrtps.meta'
[1.692s] Level 1:colcon.colcon_core.package_discovery:discover_packages(recursive) check parameters
[1.692s] Level 1:colcon.colcon_core.package_discovery:discover_packages(ignore) check parameters
[1.693s] Level 1:colcon.colcon_core.package_discovery:discover_packages(path) check parameters
[1.693s] Level 1:colcon.colcon_core.package_discovery:discover_packages(colcon_meta) discover
[1.693s] Level 1:colcon.colcon_core.package_discovery:discover_packages(recursive) discover
[1.693s] INFO:colcon.colcon_core.package_discovery:Crawling recursively for packages in '/root/lidar_system'
[1.694s] Level 1:colcon.colcon_core.package_identification:_identify(.) by extensions ['ignore', 'ignore_ament_install']
[1.694s] Level 1:colcon.colcon_core.package_identification:_identify(.) by extension 'ignore'
[1.694s] Level 1:colcon.colcon_core.package_identification:_identify(.) by extension 'ignore_ament_install'
[1.694s] Level 1:colcon.colcon_core.package_identification:_identify(.) by extensions ['colcon_pkg']
[1.695s] Level 1:colcon.colcon_core.package_identification:_identify(.) by extension 'colcon_pkg'
[1.695s] Level 1:colcon.colcon_core.package_identification:_identify(.) by extensions ['colcon_meta']
[1.695s] Level 1:colcon.colcon_core.package_identification:_identify(.) by extension 'colcon_meta'
[1.695s] Level 1:colcon.colcon_core.package_identification:_identify(.) by extensions ['ros']
[1.695s] Level 1:colcon.colcon_core.package_identification:_identify(.) by extension 'ros'
[1.794s] Level 1:colcon.colcon_core.package_identification:_identify(.) by extensions ['cmake', 'python']
[1.795s] Level 1:colcon.colcon_core.package_identification:_identify(.) by extension 'cmake'
[1.795s] Level 1:colcon.colcon_core.package_identification:_identify(.) by extension 'python'
[1.795s] Level 1:colcon.colcon_core.package_identification:_identify(.) by extensions ['python_setup_py']
[1.795s] Level 1:colcon.colcon_core.package_identification:_identify(.) by extension 'python_setup_py'
[1.796s] Level 1:colcon.colcon_core.package_identification:_identify(build) by extensions ['ignore', 'ignore_ament_install']
[1.796s] Level 1:colcon.colcon_core.package_identification:_identify(build) by extension 'ignore'
[1.796s] Level 1:colcon.colcon_core.package_identification:_identify(build) ignored
[1.797s] Level 1:colcon.colcon_core.package_identification:_identify(images) by extensions ['ignore', 'ignore_ament_install']
[1.797s] Level 1:colcon.colcon_core.package_identification:_identify(images) by extension 'ignore'
[1.797s] Level 1:colcon.colcon_core.package_identification:_identify(images) by extension 'ignore_ament_install'
[1.798s] Level 1:colcon.colcon_core.package_identification:_identify(images) by extensions ['colcon_pkg']
[1.798s] Level 1:colcon.colcon_core.package_identification:_identify(images) by extension 'colcon_pkg'
[1.798s] Level 1:colcon.colcon_core.package_identification:_identify(images) by extensions ['colcon_meta']
[1.798s] Level 1:colcon.colcon_core.package_identification:_identify(images) by extension 'colcon_meta'
[1.798s] Level 1:colcon.colcon_core.package_identification:_identify(images) by extensions ['ros']
[1.798s] Level 1:colcon.colcon_core.package_identification:_identify(images) by extension 'ros'
[1.799s] Level 1:colcon.colcon_core.package_identification:_identify(images) by extensions ['cmake', 'python']
[1.799s] Level 1:colcon.colcon_core.package_identification:_identify(images) by extension 'cmake'
[1.799s] Level 1:colcon.colcon_core.package_identification:_identify(images) by extension 'python'
[1.799s] Level 1:colcon.colcon_core.package_identification:_identify(images) by extensions ['python_setup_py']
[1.799s] Level 1:colcon.colcon_core.package_identification:_identify(images) by extension 'python_setup_py'
[1.800s] Level 1:colcon.colcon_core.package_identification:_identify(install) by extensions ['ignore', 'ignore_ament_install']
[1.800s] Level 1:colcon.colcon_core.package_identification:_identify(install) by extension 'ignore'
[1.800s] Level 1:colcon.colcon_core.package_identification:_identify(install) ignored
[1.801s] Level 1:colcon.colcon_core.package_identification:_identify(log) by extensions ['ignore', 'ignore_ament_install']
[1.802s] Level 1:colcon.colcon_core.package_identification:_identify(log) by extension 'ignore'
[1.802s] Level 1:colcon.colcon_core.package_identification:_identify(log) ignored
[1.802s] Level 1:colcon.colcon_core.package_identification:_identify(rplidar_ros) by extensions ['ignore', 'ignore_ament_install']
[1.803s] Level 1:colcon.colcon_core.package_identification:_identify(rplidar_ros) by extension 'ignore'
[1.803s] Level 1:colcon.colcon_core.package_identification:_identify(rplidar_ros) by extension 'ignore_ament_install'
[1.803s] Level 1:colcon.colcon_core.package_identification:_identify(rplidar_ros) by extensions ['colcon_pkg']
[1.803s] Level 1:colcon.colcon_core.package_identification:_identify(rplidar_ros) by extension 'colcon_pkg'
[1.803s] Level 1:colcon.colcon_core.package_identification:_identify(rplidar_ros) by extensions ['colcon_meta']
[1.803s] Level 1:colcon.colcon_core.package_identification:_identify(rplidar_ros) by extension 'colcon_meta'
[1.804s] Level 1:colcon.colcon_core.package_identification:_identify(rplidar_ros) by extensions ['ros']
[1.804s] Level 1:colcon.colcon_core.package_identification:_identify(rplidar_ros) by extension 'ros'
[1.817s] DEBUG:colcon.colcon_core.package_identification:Package 'rplidar_ros' with type 'ros.ament_cmake' and name 'rplidar_ros'
[1.817s] Level 1:colcon.colcon_core.package_identification:_identify(servo_control) by extensions ['ignore', 'ignore_ament_install']
[1.818s] Level 1:colcon.colcon_core.package_identification:_identify(servo_control) by extension 'ignore'
[1.818s] Level 1:colcon.colcon_core.package_identification:_identify(servo_control) by extension 'ignore_ament_install'
[1.818s] Level 1:colcon.colcon_core.package_identification:_identify(servo_control) by extensions ['colcon_pkg']
[1.818s] Level 1:colcon.colcon_core.package_identification:_identify(servo_control) by extension 'colcon_pkg'
[1.819s] Level 1:colcon.colcon_core.package_identification:_identify(servo_control) by extensions ['colcon_meta']
[1.819s] Level 1:colcon.colcon_core.package_identification:_identify(servo_control) by extension 'colcon_meta'
[1.819s] Level 1:colcon.colcon_core.package_identification:_identify(servo_control) by extensions ['ros']
[1.819s] Level 1:colcon.colcon_core.package_identification:_identify(servo_control) by extension 'ros'
[1.825s] DEBUG:colcon.colcon_core.package_identification:Package 'servo_control' with type 'ros.ament_cmake' and name 'servo_control'
[1.825s] Level 1:colcon.colcon_core.package_discovery:discover_packages(recursive) using defaults
[1.825s] Level 1:colcon.colcon_core.package_discovery:discover_packages(ignore) discover
[1.825s] Level 1:colcon.colcon_core.package_discovery:discover_packages(ignore) using defaults
[1.825s] Level 1:colcon.colcon_core.package_discovery:discover_packages(path) discover
[1.825s] Level 1:colcon.colcon_core.package_discovery:discover_packages(path) using defaults
[1.918s] Level 5:colcon.colcon_core.verb:set package 'rplidar_ros' build argument 'cmake_args' from command line to 'None'
[1.918s] Level 5:colcon.colcon_core.verb:set package 'rplidar_ros' build argument 'cmake_target' from command line to 'None'
[1.918s] Level 5:colcon.colcon_core.verb:set package 'rplidar_ros' build argument 'cmake_target_skip_unavailable' from command line to 'False'
[1.918s] Level 5:colcon.colcon_core.verb:set package 'rplidar_ros' build argument 'cmake_clean_cache' from command line to 'False'
[1.918s] Level 5:colcon.colcon_core.verb:set package 'rplidar_ros' build argument 'cmake_clean_first' from command line to 'False'
[1.918s] Level 5:colcon.colcon_core.verb:set package 'rplidar_ros' build argument 'cmake_force_configure' from command line to 'False'
[1.918s] Level 5:colcon.colcon_core.verb:set package 'rplidar_ros' build argument 'ament_cmake_args' from command line to 'None'
[1.919s] Level 5:colcon.colcon_core.verb:set package 'rplidar_ros' build argument 'catkin_cmake_args' from command line to 'None'
[1.919s] Level 5:colcon.colcon_core.verb:set package 'rplidar_ros' build argument 'catkin_skip_building_tests' from command line to 'False'
[1.919s] DEBUG:colcon.colcon_core.verb:Building package 'rplidar_ros' with the following arguments: {'ament_cmake_args': None, 'build_base': '/root/lidar_system/build/rplidar_ros', 'catkin_cmake_args': None, 'catkin_skip_building_tests': False, 'cmake_args': None, 'cmake_clean_cache': False, 'cmake_clean_first': False, 'cmake_force_configure': False, 'cmake_target': None, 'cmake_target_skip_unavailable': False, 'install_base': '/root/lidar_system/install/rplidar_ros', 'merge_install': False, 'path': '/root/lidar_system/rplidar_ros', 'symlink_install': False, 'test_result_base': None}
[1.923s] Level 5:colcon.colcon_core.verb:set package 'servo_control' build argument 'cmake_args' from command line to 'None'
[1.924s] Level 5:colcon.colcon_core.verb:set package 'servo_control' build argument 'cmake_target' from command line to 'None'
[1.924s] Level 5:colcon.colcon_core.verb:set package 'servo_control' build argument 'cmake_target_skip_unavailable' from command line to 'False'
[1.924s] Level 5:colcon.colcon_core.verb:set package 'servo_control' build argument 'cmake_clean_cache' from command line to 'False'
[1.924s] Level 5:colcon.colcon_core.verb:set package 'servo_control' build argument 'cmake_clean_first' from command line to 'False'
[1.924s] Level 5:colcon.colcon_core.verb:set package 'servo_control' build argument 'cmake_force_configure' from command line to 'False'
[1.924s] Level 5:colcon.colcon_core.verb:set package 'servo_control' build argument 'ament_cmake_args' from command line to 'None'
[1.924s] Level 5:colcon.colcon_core.verb:set package 'servo_control' build argument 'catkin_cmake_args' from command line to 'None'
[1.925s] Level 5:colcon.colcon_core.verb:set package 'servo_control' build argument 'catkin_skip_building_tests' from command line to 'False'
[1.925s] DEBUG:colcon.colcon_core.verb:Building package 'servo_control' with the following arguments: {'ament_cmake_args': None, 'build_base': '/root/lidar_system/build/servo_control', 'catkin_cmake_args': None, 'catkin_skip_building_tests': False, 'cmake_args': None, 'cmake_clean_cache': False, 'cmake_clean_first': False, 'cmake_force_configure': False, 'cmake_target': None, 'cmake_target_skip_unavailable': False, 'install_base': '/root/lidar_system/install/servo_control', 'merge_install': False, 'path': '/root/lidar_system/servo_control', 'symlink_install': False, 'test_result_base': None}
[1.928s] INFO:colcon.colcon_core.executor:Executing jobs using 'parallel' executor
[1.948s] DEBUG:colcon.colcon_parallel_executor.executor.parallel:run_until_complete
[1.949s] INFO:colcon.colcon_ros.task.ament_cmake.build:Building ROS package in '/root/lidar_system/rplidar_ros' with build type 'ament_cmake'
[1.950s] INFO:colcon.colcon_cmake.task.cmake.build:Building CMake package in '/root/lidar_system/rplidar_ros'
[1.973s] INFO:colcon.colcon_core.plugin_system:Skipping extension 'colcon_core.shell.bat': Not used on non-Windows systems
[1.973s] INFO:colcon.colcon_core.shell:Skip shell extension 'powershell' for command environment: Not usable outside of PowerShell
[1.974s] DEBUG:colcon.colcon_core.shell:Skip shell extension 'dsv' for command environment
[2.003s] INFO:colcon.colcon_ros.task.ament_cmake.build:Building ROS package in '/root/lidar_system/servo_control' with build type 'ament_cmake'
[2.004s] INFO:colcon.colcon_cmake.task.cmake.build:Building CMake package in '/root/lidar_system/servo_control'
[2.013s] INFO:colcon.colcon_core.shell:Skip shell extension 'powershell' for command environment: Not usable outside of PowerShell
[2.013s] DEBUG:colcon.colcon_core.shell:Skip shell extension 'dsv' for command environment
[2.053s] DEBUG:colcon.colcon_core.event_handler.log_command:Invoking command in '/root/lidar_system/build/rplidar_ros': CMAKE_PREFIX_PATH=/opt/ros/foxy /usr/bin/cmake --build /root/lidar_system/build/rplidar_ros -- -j4 -l4
[2.081s] DEBUG:colcon.colcon_core.event_handler.log_command:Invoking command in '/root/lidar_system/build/servo_control': CMAKE_PREFIX_PATH=/opt/ros/foxy /usr/bin/cmake --build /root/lidar_system/build/servo_control -- -j4 -l4
[2.700s] DEBUG:colcon.colcon_core.event_handler.log_command:Invoked command in '/root/lidar_system/build/rplidar_ros' returned '0': CMAKE_PREFIX_PATH=/opt/ros/foxy /usr/bin/cmake --build /root/lidar_system/build/rplidar_ros -- -j4 -l4
[2.902s] DEBUG:colcon.colcon_core.event_handler.log_command:Invoking command in '/root/lidar_system/build/rplidar_ros': CMAKE_PREFIX_PATH=/opt/ros/foxy /usr/bin/cmake --install /root/lidar_system/build/rplidar_ros
[2.951s] Level 1:colcon.colcon_core.environment:create_environment_scripts_only(rplidar_ros)
[2.975s] DEBUG:colcon.colcon_core.event_handler.log_command:Invoked command in '/root/lidar_system/build/rplidar_ros' returned '0': CMAKE_PREFIX_PATH=/opt/ros/foxy /usr/bin/cmake --install /root/lidar_system/build/rplidar_ros
[2.992s] Level 1:colcon.colcon_core.environment:checking '/root/lidar_system/install/rplidar_ros' for CMake module files
[2.995s] Level 1:colcon.colcon_core.environment:checking '/root/lidar_system/install/rplidar_ros' for CMake config files
[2.996s] Level 1:colcon.colcon_core.shell:create_environment_hook('rplidar_ros', 'cmake_prefix_path')
[3.003s] INFO:colcon.colcon_core.shell:Creating environment hook '/root/lidar_system/install/rplidar_ros/share/rplidar_ros/hook/cmake_prefix_path.ps1'
[3.006s] INFO:colcon.colcon_core.shell:Creating environment descriptor '/root/lidar_system/install/rplidar_ros/share/rplidar_ros/hook/cmake_prefix_path.dsv'
[3.008s] INFO:colcon.colcon_core.shell:Creating environment hook '/root/lidar_system/install/rplidar_ros/share/rplidar_ros/hook/cmake_prefix_path.sh'
[3.011s] Level 1:colcon.colcon_core.environment:checking '/root/lidar_system/install/rplidar_ros/lib'
[3.012s] Level 1:colcon.colcon_core.environment:checking '/root/lidar_system/install/rplidar_ros/bin'
[3.013s] Level 1:colcon.colcon_core.environment:checking '/root/lidar_system/install/rplidar_ros/lib/pkgconfig/rplidar_ros.pc'
[3.016s] Level 1:colcon.colcon_core.environment:checking '/root/lidar_system/install/rplidar_ros/lib/python3.8/site-packages'
[3.016s] Level 1:colcon.colcon_core.environment:checking '/root/lidar_system/install/rplidar_ros/bin'
[3.024s] INFO:colcon.colcon_core.shell:Creating package script '/root/lidar_system/install/rplidar_ros/share/rplidar_ros/package.ps1'
[3.028s] INFO:colcon.colcon_core.shell:Creating package descriptor '/root/lidar_system/install/rplidar_ros/share/rplidar_ros/package.dsv'
[3.030s] INFO:colcon.colcon_core.shell:Creating package script '/root/lidar_system/install/rplidar_ros/share/rplidar_ros/package.sh'
[3.033s] INFO:colcon.colcon_core.shell:Creating package script '/root/lidar_system/install/rplidar_ros/share/rplidar_ros/package.bash'
[3.037s] INFO:colcon.colcon_core.shell:Creating package script '/root/lidar_system/install/rplidar_ros/share/rplidar_ros/package.zsh'
[3.040s] Level 1:colcon.colcon_core.environment:create_file_with_runtime_dependencies(/root/lidar_system/install/rplidar_ros/share/colcon-core/packages/rplidar_ros)
[3.207s] Level 1:colcon.colcon_core.environment:create_environment_scripts_only(rplidar_ros)
[3.218s] Level 1:colcon.colcon_core.environment:checking '/root/lidar_system/install/rplidar_ros' for CMake module files
[3.221s] Level 1:colcon.colcon_core.environment:checking '/root/lidar_system/install/rplidar_ros' for CMake config files
[3.222s] Level 1:colcon.colcon_core.shell:create_environment_hook('rplidar_ros', 'cmake_prefix_path')
[3.229s] INFO:colcon.colcon_core.shell:Creating environment hook '/root/lidar_system/install/rplidar_ros/share/rplidar_ros/hook/cmake_prefix_path.ps1'
[3.231s] INFO:colcon.colcon_core.shell:Creating environment descriptor '/root/lidar_system/install/rplidar_ros/share/rplidar_ros/hook/cmake_prefix_path.dsv'
[3.232s] INFO:colcon.colcon_core.shell:Creating environment hook '/root/lidar_system/install/rplidar_ros/share/rplidar_ros/hook/cmake_prefix_path.sh'
[3.235s] Level 1:colcon.colcon_core.environment:checking '/root/lidar_system/install/rplidar_ros/lib'
[3.235s] Level 1:colcon.colcon_core.environment:checking '/root/lidar_system/install/rplidar_ros/bin'
[3.235s] Level 1:colcon.colcon_core.environment:checking '/root/lidar_system/install/rplidar_ros/lib/pkgconfig/rplidar_ros.pc'
[3.236s] Level 1:colcon.colcon_core.environment:checking '/root/lidar_system/install/rplidar_ros/lib/python3.8/site-packages'
[3.237s] Level 1:colcon.colcon_core.environment:checking '/root/lidar_system/install/rplidar_ros/bin'
[3.245s] INFO:colcon.colcon_core.shell:Creating package script '/root/lidar_system/install/rplidar_ros/share/rplidar_ros/package.ps1'
[3.248s] INFO:colcon.colcon_core.shell:Creating package descriptor '/root/lidar_system/install/rplidar_ros/share/rplidar_ros/package.dsv'
[3.250s] INFO:colcon.colcon_core.shell:Creating package script '/root/lidar_system/install/rplidar_ros/share/rplidar_ros/package.sh'
[3.252s] INFO:colcon.colcon_core.shell:Creating package script '/root/lidar_system/install/rplidar_ros/share/rplidar_ros/package.bash'
[3.253s] INFO:colcon.colcon_core.shell:Creating package script '/root/lidar_system/install/rplidar_ros/share/rplidar_ros/package.zsh'
[3.255s] Level 1:colcon.colcon_core.environment:create_file_with_runtime_dependencies(/root/lidar_system/install/rplidar_ros/share/colcon-core/packages/rplidar_ros)
[32.698s] DEBUG:colcon.colcon_core.event_handler.log_command:Invoked command in '/root/lidar_system/build/servo_control' returned '0': CMAKE_PREFIX_PATH=/opt/ros/foxy /usr/bin/cmake --build /root/lidar_system/build/servo_control -- -j4 -l4
[32.788s] DEBUG:colcon.colcon_core.event_handler.log_command:Invoking command in '/root/lidar_system/build/servo_control': CMAKE_PREFIX_PATH=/opt/ros/foxy /usr/bin/cmake --install /root/lidar_system/build/servo_control
[32.983s] Level 1:colcon.colcon_core.environment:create_environment_scripts_only(servo_control)
[32.994s] Level 1:colcon.colcon_core.environment:checking '/root/lidar_system/install/servo_control' for CMake module files
[32.996s] DEBUG:colcon.colcon_core.event_handler.log_command:Invoked command in '/root/lidar_system/build/servo_control' returned '0': CMAKE_PREFIX_PATH=/opt/ros/foxy /usr/bin/cmake --install /root/lidar_system/build/servo_control
[32.998s] Level 1:colcon.colcon_core.environment:checking '/root/lidar_system/install/servo_control' for CMake config files
[32.999s] Level 1:colcon.colcon_core.shell:create_environment_hook('servo_control', 'cmake_prefix_path')
[33.006s] INFO:colcon.colcon_core.shell:Creating environment hook '/root/lidar_system/install/servo_control/share/servo_control/hook/cmake_prefix_path.ps1'
[33.008s] INFO:colcon.colcon_core.shell:Creating environment descriptor '/root/lidar_system/install/servo_control/share/servo_control/hook/cmake_prefix_path.dsv'
[33.009s] INFO:colcon.colcon_core.shell:Creating environment hook '/root/lidar_system/install/servo_control/share/servo_control/hook/cmake_prefix_path.sh'
[33.012s] Level 1:colcon.colcon_core.environment:checking '/root/lidar_system/install/servo_control/lib'
[33.012s] Level 1:colcon.colcon_core.environment:checking '/root/lidar_system/install/servo_control/bin'
[33.012s] Level 1:colcon.colcon_core.environment:checking '/root/lidar_system/install/servo_control/lib/pkgconfig/servo_control.pc'
[33.013s] Level 1:colcon.colcon_core.environment:checking '/root/lidar_system/install/servo_control/lib/python3.8/site-packages'
[33.013s] Level 1:colcon.colcon_core.shell:create_environment_hook('servo_control', 'pythonpath')
[33.020s] INFO:colcon.colcon_core.shell:Creating environment hook '/root/lidar_system/install/servo_control/share/servo_control/hook/pythonpath.ps1'
[33.021s] INFO:colcon.colcon_core.shell:Creating environment descriptor '/root/lidar_system/install/servo_control/share/servo_control/hook/pythonpath.dsv'
[33.023s] INFO:colcon.colcon_core.shell:Creating environment hook '/root/lidar_system/install/servo_control/share/servo_control/hook/pythonpath.sh'
[33.025s] Level 1:colcon.colcon_core.environment:checking '/root/lidar_system/install/servo_control/bin'
[33.031s] INFO:colcon.colcon_core.shell:Creating package script '/root/lidar_system/install/servo_control/share/servo_control/package.ps1'
[33.033s] INFO:colcon.colcon_core.shell:Creating package descriptor '/root/lidar_system/install/servo_control/share/servo_control/package.dsv'
[33.035s] INFO:colcon.colcon_core.shell:Creating package script '/root/lidar_system/install/servo_control/share/servo_control/package.sh'
[33.037s] INFO:colcon.colcon_core.shell:Creating package script '/root/lidar_system/install/servo_control/share/servo_control/package.bash'
[33.038s] INFO:colcon.colcon_core.shell:Creating package script '/root/lidar_system/install/servo_control/share/servo_control/package.zsh'
[33.039s] Level 1:colcon.colcon_core.environment:create_file_with_runtime_dependencies(/root/lidar_system/install/servo_control/share/colcon-core/packages/servo_control)
[33.129s] Level 1:colcon.colcon_core.environment:create_environment_scripts_only(servo_control)
[33.138s] Level 1:colcon.colcon_core.environment:checking '/root/lidar_system/install/servo_control' for CMake module files
[33.141s] Level 1:colcon.colcon_core.environment:checking '/root/lidar_system/install/servo_control' for CMake config files
[33.142s] Level 1:colcon.colcon_core.shell:create_environment_hook('servo_control', 'cmake_prefix_path')
[33.149s] INFO:colcon.colcon_core.shell:Creating environment hook '/root/lidar_system/install/servo_control/share/servo_control/hook/cmake_prefix_path.ps1'
[33.156s] INFO:colcon.colcon_core.shell:Creating environment descriptor '/root/lidar_system/install/servo_control/share/servo_control/hook/cmake_prefix_path.dsv'
[33.157s] INFO:colcon.colcon_core.shell:Creating environment hook '/root/lidar_system/install/servo_control/share/servo_control/hook/cmake_prefix_path.sh'
[33.159s] Level 1:colcon.colcon_core.environment:checking '/root/lidar_system/install/servo_control/lib'
[33.160s] Level 1:colcon.colcon_core.environment:checking '/root/lidar_system/install/servo_control/bin'
[33.160s] Level 1:colcon.colcon_core.environment:checking '/root/lidar_system/install/servo_control/lib/pkgconfig/servo_control.pc'
[33.161s] Level 1:colcon.colcon_core.environment:checking '/root/lidar_system/install/servo_control/lib/python3.8/site-packages'
[33.161s] Level 1:colcon.colcon_core.shell:create_environment_hook('servo_control', 'pythonpath')
[33.168s] INFO:colcon.colcon_core.shell:Creating environment hook '/root/lidar_system/install/servo_control/share/servo_control/hook/pythonpath.ps1'
[33.169s] INFO:colcon.colcon_core.shell:Creating environment descriptor '/root/lidar_system/install/servo_control/share/servo_control/hook/pythonpath.dsv'
[33.170s] INFO:colcon.colcon_core.shell:Creating environment hook '/root/lidar_system/install/servo_control/share/servo_control/hook/pythonpath.sh'
[33.172s] Level 1:colcon.colcon_core.environment:checking '/root/lidar_system/install/servo_control/bin'
[33.180s] INFO:colcon.colcon_core.shell:Creating package script '/root/lidar_system/install/servo_control/share/servo_control/package.ps1'
[33.182s] INFO:colcon.colcon_core.shell:Creating package descriptor '/root/lidar_system/install/servo_control/share/servo_control/package.dsv'
[33.184s] INFO:colcon.colcon_core.shell:Creating package script '/root/lidar_system/install/servo_control/share/servo_control/package.sh'
[33.186s] INFO:colcon.colcon_core.shell:Creating package script '/root/lidar_system/install/servo_control/share/servo_control/package.bash'
[33.187s] INFO:colcon.colcon_core.shell:Creating package script '/root/lidar_system/install/servo_control/share/servo_control/package.zsh'
[33.189s] Level 1:colcon.colcon_core.environment:create_file_with_runtime_dependencies(/root/lidar_system/install/servo_control/share/colcon-core/packages/servo_control)
[33.190s] DEBUG:colcon.colcon_parallel_executor.executor.parallel:closing loop
[33.191s] DEBUG:colcon.colcon_parallel_executor.executor.parallel:loop closed
[33.191s] DEBUG:colcon.colcon_parallel_executor.executor.parallel:run_until_complete finished with '0'
[33.192s] DEBUG:colcon.colcon_core.event_reactor:joining thread
[33.257s] INFO:colcon.colcon_core.plugin_system:Skipping extension 'colcon_notification.desktop_notification.notify_send': Could not find 'notify-send'
[33.257s] INFO:colcon.colcon_core.plugin_system:Skipping extension 'colcon_notification.desktop_notification.terminal_notifier': Not used on non-Darwin systems
[33.258s] INFO:colcon.colcon_core.plugin_system:Skipping extension 'colcon_notification.desktop_notification.win32': Not used on non-Windows systems
[33.258s] INFO:colcon.colcon_notification.desktop_notification:Sending desktop notification using 'notify2'
[33.337s] DEBUG:colcon.colcon_notification.desktop_notification.notify2:Failed to initialize notify2: org.freedesktop.DBus.Error.ServiceUnknown: The name org.freedesktop.Notifications was not provided by any .service files
[33.338s] DEBUG:colcon.colcon_core.event_reactor:joined thread
[33.346s] INFO:colcon.colcon_core.shell:Creating prefix script '/root/lidar_system/install/local_setup.ps1'
[33.351s] INFO:colcon.colcon_core.shell:Creating prefix util module '/root/lidar_system/install/_local_setup_util_ps1.py'
[33.359s] INFO:colcon.colcon_core.shell:Creating prefix chain script '/root/lidar_system/install/setup.ps1'
[33.365s] INFO:colcon.colcon_core.shell:Creating prefix script '/root/lidar_system/install/local_setup.sh'
[33.368s] INFO:colcon.colcon_core.shell:Creating prefix util module '/root/lidar_system/install/_local_setup_util_sh.py'
[33.370s] INFO:colcon.colcon_core.shell:Creating prefix chain script '/root/lidar_system/install/setup.sh'
[33.376s] INFO:colcon.colcon_core.shell:Creating prefix script '/root/lidar_system/install/local_setup.bash'
[33.380s] INFO:colcon.colcon_core.shell:Creating prefix chain script '/root/lidar_system/install/setup.bash'
[33.386s] INFO:colcon.colcon_core.shell:Creating prefix script '/root/lidar_system/install/local_setup.zsh'
[33.389s] INFO:colcon.colcon_core.shell:Creating prefix chain script '/root/lidar_system/install/setup.zsh'
