[0.071s] Invoking command in '/root/lidar_system/build/servo_control': CMAKE_PREFIX_PATH=/opt/ros/foxy /usr/bin/cmake /root/lidar_system/servo_control -DCMAKE_INSTALL_PREFIX=/root/lidar_system/install/servo_control
[0.149s] -- Found ament_cmake: 0.9.12 (/opt/ros/foxy/share/ament_cmake/cmake)
[0.227s] -- Using PYTHON_EXECUTABLE: /usr/bin/python3
[0.892s] -- Found rclcpp: 2.4.3 (/opt/ros/foxy/share/rclcpp/cmake)
[1.059s] -- Using all available rosidl_typesupport_c: rosidl_typesupport_fastrtps_c;rosidl_typesupport_introspection_c
[1.079s] -- Found rosidl_adapter: 1.3.1 (/opt/ros/foxy/share/rosidl_adapter/cmake)
[1.505s] -- Using all available rosidl_typesupport_cpp: rosidl_typesupport_fastrtps_cpp;rosidl_typesupport_introspection_cpp
[1.732s] -- Found rmw_implementation_cmake: 1.0.4 (/opt/ros/foxy/share/rmw_implementation_cmake/cmake)
[1.738s] -- Using RMW implementation 'rmw_fastrtps_cpp' as default
[2.399s] -- Found geometry_msgs: 2.0.5 (/opt/ros/foxy/share/geometry_msgs/cmake)
[2.548s] -- Found sensor_msgs: 2.0.5 (/opt/ros/foxy/share/sensor_msgs/cmake)
[2.866s] -- Found tf2_ros: 0.13.14 (/opt/ros/foxy/share/tf2_ros/cmake)
[4.351s] -- Found laser_geometry: 2.2.0 (/opt/ros/foxy/share/laser_geometry/cmake)
[4.397s] -- Found tf2_sensor_msgs: 0.13.14 (/opt/ros/foxy/share/tf2_sensor_msgs/cmake)
[4.502s] CMake Error at CMakeLists.txt:23 (find_package):
[4.502s]   By not providing "FindPCL.cmake" in CMAKE_MODULE_PATH this project has
[4.502s]   asked CMake to find a package configuration file provided by "PCL", but
[4.503s]   CMake did not find one.
[4.503s] 
[4.503s]   Could not find a package configuration file provided by "PCL" with any of
[4.504s]   the following names:
[4.504s] 
[4.504s]     PCLConfig.cmake
[4.505s]     pcl-config.cmake
[4.505s] 
[4.506s]   Add the installation prefix of "PCL" to CMAKE_PREFIX_PATH or set "PCL_DIR"
[4.506s]   to a directory containing one of the above files.  If "PCL" provides a
[4.506s]   separate development package or SDK, be sure it has been installed.
[4.506s] 
[4.507s] 
[4.513s] -- Configuring incomplete, errors occurred!
[4.514s] See also "/root/lidar_system/build/servo_control/CMakeFiles/CMakeOutput.log".
[4.514s] See also "/root/lidar_system/build/servo_control/CMakeFiles/CMakeError.log".
[4.536s] Invoked command in '/root/lidar_system/build/servo_control' returned '1': CMAKE_PREFIX_PATH=/opt/ros/foxy /usr/bin/cmake /root/lidar_system/servo_control -DCMAKE_INSTALL_PREFIX=/root/lidar_system/install/servo_control
