[0.089s] Invoking command in '/root/lidar_system/build/servo_control': CMAKE_PREFIX_PATH=${CMAKE_PREFIX_PATH}:/opt/ros/foxy /usr/bin/cmake --build /root/lidar_system/build/servo_control -- -j4 -l4
[0.451s] [35m[1mScanning dependencies of target dynamic_tf_broadcaster[0m
[0.672s] [ 33%] Built target scan_sequence_node
[0.767s] [ 50%] [32mBuilding CXX object CMakeFiles/dynamic_tf_broadcaster.dir/src/dynamic_tf_broadcaster.cpp.o[0m
[0.819s] [ 83%] Built target lidar_pointcloud_node
[38.865s] [100%] [32m[1mLinking CXX executable dynamic_tf_broadcaster[0m
[40.833s] [100%] Built target dynamic_tf_broadcaster
[40.896s] Invoked command in '/root/lidar_system/build/servo_control' returned '0': CMAKE_PREFIX_PATH=${CMAKE_PREFIX_PATH}:/opt/ros/foxy /usr/bin/cmake --build /root/lidar_system/build/servo_control -- -j4 -l4
[41.041s] Invoking command in '/root/lidar_system/build/servo_control': CMAKE_PREFIX_PATH=${CMAKE_PREFIX_PATH}:/opt/ros/foxy /usr/bin/cmake --install /root/lidar_system/build/servo_control
[41.084s] -- Install configuration: ""
[41.086s] -- Installing: /root/lidar_system/install/servo_control/lib/servo_control/dynamic_tf_broadcaster
[41.101s] -- Set runtime path of "/root/lidar_system/install/servo_control/lib/servo_control/dynamic_tf_broadcaster" to ""
[41.104s] -- Up-to-date: /root/lidar_system/install/servo_control/lib/servo_control/lidar_pointcloud_node
[41.106s] -- Up-to-date: /root/lidar_system/install/servo_control/lib/servo_control/scan_sequence_node
[41.107s] -- Up-to-date: /root/lidar_system/install/servo_control/share/servo_control/environment/pythonpath.sh
[41.108s] -- Up-to-date: /root/lidar_system/install/servo_control/share/servo_control/environment/pythonpath.dsv
[41.110s] -- Up-to-date: /root/lidar_system/install/servo_control/lib/python3.8/site-packages/servo_control
[41.110s] -- Up-to-date: /root/lidar_system/install/servo_control/lib/python3.8/site-packages/servo_control/__init__.py
[41.260s] Listing '/root/lidar_system/install/servo_control/lib/python3.8/site-packages/servo_control'...
[41.285s] -- Up-to-date: /root/lidar_system/install/servo_control/lib/servo_control/servo_motor_node.py
[41.288s] -- Up-to-date: /root/lidar_system/install/servo_control/share/ament_index/resource_index/package_run_dependencies/servo_control
[41.292s] -- Up-to-date: /root/lidar_system/install/servo_control/share/ament_index/resource_index/parent_prefix_path/servo_control
[41.293s] -- Up-to-date: /root/lidar_system/install/servo_control/share/servo_control/environment/ament_prefix_path.sh
[41.293s] -- Up-to-date: /root/lidar_system/install/servo_control/share/servo_control/environment/ament_prefix_path.dsv
[41.294s] -- Up-to-date: /root/lidar_system/install/servo_control/share/servo_control/environment/path.sh
[41.294s] -- Up-to-date: /root/lidar_system/install/servo_control/share/servo_control/environment/path.dsv
[41.295s] -- Up-to-date: /root/lidar_system/install/servo_control/share/servo_control/local_setup.bash
[41.297s] -- Up-to-date: /root/lidar_system/install/servo_control/share/servo_control/local_setup.sh
[41.298s] -- Up-to-date: /root/lidar_system/install/servo_control/share/servo_control/local_setup.zsh
[41.298s] -- Up-to-date: /root/lidar_system/install/servo_control/share/servo_control/local_setup.dsv
[41.299s] -- Installing: /root/lidar_system/install/servo_control/share/servo_control/package.dsv
[41.305s] -- Up-to-date: /root/lidar_system/install/servo_control/share/ament_index/resource_index/packages/servo_control
[41.307s] -- Up-to-date: /root/lidar_system/install/servo_control/share/servo_control/cmake/servo_controlConfig.cmake
[41.309s] -- Up-to-date: /root/lidar_system/install/servo_control/share/servo_control/cmake/servo_controlConfig-version.cmake
[41.310s] -- Up-to-date: /root/lidar_system/install/servo_control/share/servo_control/package.xml
[41.318s] Invoked command in '/root/lidar_system/build/servo_control' returned '0': CMAKE_PREFIX_PATH=${CMAKE_PREFIX_PATH}:/opt/ros/foxy /usr/bin/cmake --install /root/lidar_system/build/servo_control
