[0.064s] Invoking command in '/root/lidar_system/build/servo_control': CMAKE_PREFIX_PATH=/opt/ros/foxy /usr/bin/cmake --build /root/lidar_system/build/servo_control -- -j4 -l4
[0.399s] [ 33%] Built target dynamic_tf_broadcaster
[0.410s] [ 66%] Built target scan_sequence_node
[0.426s] [100%] Built target lidar_pointcloud_node
[0.470s] Invoked command in '/root/lidar_system/build/servo_control' returned '0': CMAKE_PREFIX_PATH=/opt/ros/foxy /usr/bin/cmake --build /root/lidar_system/build/servo_control -- -j4 -l4
[0.632s] Invoking command in '/root/lidar_system/build/servo_control': CMAKE_PREFIX_PATH=/opt/ros/foxy /usr/bin/cmake --install /root/lidar_system/build/servo_control
[0.664s] -- Install configuration: ""
[0.665s] -- Up-to-date: /root/lidar_system/install/servo_control/lib/servo_control/dynamic_tf_broadcaster
[0.667s] -- Up-to-date: /root/lidar_system/install/servo_control/lib/servo_control/lidar_pointcloud_node
[0.671s] -- Up-to-date: /root/lidar_system/install/servo_control/lib/servo_control/scan_sequence_node
[0.672s] -- Up-to-date: /root/lidar_system/install/servo_control/share/servo_control/environment/pythonpath.sh
[0.673s] -- Up-to-date: /root/lidar_system/install/servo_control/share/servo_control/environment/pythonpath.dsv
[0.674s] -- Up-to-date: /root/lidar_system/install/servo_control/lib/python3.8/site-packages/servo_control
[0.674s] -- Up-to-date: /root/lidar_system/install/servo_control/lib/python3.8/site-packages/servo_control/__init__.py
[0.886s] Listing '/root/lidar_system/install/servo_control/lib/python3.8/site-packages/servo_control'...
[0.897s] -- Up-to-date: /root/lidar_system/install/servo_control/lib/servo_control/servo_motor_node.py
[0.901s] -- Installing: /root/lidar_system/install/servo_control/lib/servo_control/lidar_bbox_open3d.py
[0.902s] -- Up-to-date: /root/lidar_system/install/servo_control/share/ament_index/resource_index/package_run_dependencies/servo_control
[0.902s] -- Up-to-date: /root/lidar_system/install/servo_control/share/ament_index/resource_index/parent_prefix_path/servo_control
[0.903s] -- Up-to-date: /root/lidar_system/install/servo_control/share/servo_control/environment/ament_prefix_path.sh
[0.904s] -- Up-to-date: /root/lidar_system/install/servo_control/share/servo_control/environment/ament_prefix_path.dsv
[0.904s] -- Up-to-date: /root/lidar_system/install/servo_control/share/servo_control/environment/path.sh
[0.905s] -- Up-to-date: /root/lidar_system/install/servo_control/share/servo_control/environment/path.dsv
[0.906s] -- Up-to-date: /root/lidar_system/install/servo_control/share/servo_control/local_setup.bash
[0.907s] -- Up-to-date: /root/lidar_system/install/servo_control/share/servo_control/local_setup.sh
[0.907s] -- Up-to-date: /root/lidar_system/install/servo_control/share/servo_control/local_setup.zsh
[0.908s] -- Up-to-date: /root/lidar_system/install/servo_control/share/servo_control/local_setup.dsv
[0.908s] -- Installing: /root/lidar_system/install/servo_control/share/servo_control/package.dsv
[0.910s] -- Up-to-date: /root/lidar_system/install/servo_control/share/ament_index/resource_index/packages/servo_control
[0.910s] -- Up-to-date: /root/lidar_system/install/servo_control/share/servo_control/cmake/servo_controlConfig.cmake
[0.911s] -- Up-to-date: /root/lidar_system/install/servo_control/share/servo_control/cmake/servo_controlConfig-version.cmake
[0.912s] -- Up-to-date: /root/lidar_system/install/servo_control/share/servo_control/package.xml
[0.913s] Invoked command in '/root/lidar_system/build/servo_control' returned '0': CMAKE_PREFIX_PATH=/opt/ros/foxy /usr/bin/cmake --install /root/lidar_system/build/servo_control
