[0.051s] Invoking command in '/root/lidar_system/build/servo_control': CMAKE_PREFIX_PATH=/opt/ros/foxy /usr/bin/cmake --build /root/lidar_system/build/servo_control -- -j4 -l4
[0.349s] [ 33%] Built target scan_sequence_node
[0.406s] [ 66%] Built target lidar_pointcloud_node
[0.412s] [100%] Built target dynamic_tf_broadcaster
[0.456s] Invoked command in '/root/lidar_system/build/servo_control' returned '0': CMAKE_PREFIX_PATH=/opt/ros/foxy /usr/bin/cmake --build /root/lidar_system/build/servo_control -- -j4 -l4
[0.599s] Invoking command in '/root/lidar_system/build/servo_control': CMAKE_PREFIX_PATH=/opt/ros/foxy /usr/bin/cmake --install /root/lidar_system/build/servo_control
[0.634s] -- Install configuration: ""
[0.635s] -- Up-to-date: /root/lidar_system/install/servo_control/lib/servo_control/dynamic_tf_broadcaster
[0.636s] -- Up-to-date: /root/lidar_system/install/servo_control/lib/servo_control/lidar_pointcloud_node
[0.638s] -- Up-to-date: /root/lidar_system/install/servo_control/lib/servo_control/scan_sequence_node
[0.639s] -- Up-to-date: /root/lidar_system/install/servo_control/share/servo_control/environment/pythonpath.sh
[0.640s] -- Up-to-date: /root/lidar_system/install/servo_control/share/servo_control/environment/pythonpath.dsv
[0.640s] -- Up-to-date: /root/lidar_system/install/servo_control/lib/python3.8/site-packages/servo_control
[0.640s] -- Up-to-date: /root/lidar_system/install/servo_control/lib/python3.8/site-packages/servo_control/__init__.py
[0.779s] Listing '/root/lidar_system/install/servo_control/lib/python3.8/site-packages/servo_control'...
[0.787s] -- Up-to-date: /root/lidar_system/install/servo_control/lib/servo_control/servo_motor_node.py
[0.787s] -- Up-to-date: /root/lidar_system/install/servo_control/share/ament_index/resource_index/package_run_dependencies/servo_control
[0.788s] -- Up-to-date: /root/lidar_system/install/servo_control/share/ament_index/resource_index/parent_prefix_path/servo_control
[0.788s] -- Up-to-date: /root/lidar_system/install/servo_control/share/servo_control/environment/ament_prefix_path.sh
[0.789s] -- Up-to-date: /root/lidar_system/install/servo_control/share/servo_control/environment/ament_prefix_path.dsv
[0.790s] -- Up-to-date: /root/lidar_system/install/servo_control/share/servo_control/environment/path.sh
[0.790s] -- Up-to-date: /root/lidar_system/install/servo_control/share/servo_control/environment/path.dsv
[0.791s] -- Up-to-date: /root/lidar_system/install/servo_control/share/servo_control/local_setup.bash
[0.791s] -- Up-to-date: /root/lidar_system/install/servo_control/share/servo_control/local_setup.sh
[0.792s] -- Up-to-date: /root/lidar_system/install/servo_control/share/servo_control/local_setup.zsh
[0.792s] -- Up-to-date: /root/lidar_system/install/servo_control/share/servo_control/local_setup.dsv
[0.792s] -- Installing: /root/lidar_system/install/servo_control/share/servo_control/package.dsv
[0.793s] -- Up-to-date: /root/lidar_system/install/servo_control/share/ament_index/resource_index/packages/servo_control
[0.795s] -- Up-to-date: /root/lidar_system/install/servo_control/share/servo_control/cmake/servo_controlConfig.cmake
[0.807s] -- Up-to-date: /root/lidar_system/install/servo_control/share/servo_control/cmake/servo_controlConfig-version.cmake
[0.811s] -- Up-to-date: /root/lidar_system/install/servo_control/share/servo_control/package.xml
[0.812s] Invoked command in '/root/lidar_system/build/servo_control' returned '0': CMAKE_PREFIX_PATH=/opt/ros/foxy /usr/bin/cmake --install /root/lidar_system/build/servo_control
