[0.000000] (-) TimerEvent: {}
[0.001480] (rplidar_ros) JobQueued: {'identifier': 'rplidar_ros', 'dependencies': OrderedDict()}
[0.001606] (servo_control) JobQueued: {'identifier': 'servo_control', 'dependencies': OrderedDict()}
[0.001705] (rplidar_ros) JobStarted: {'identifier': 'rplidar_ros'}
[0.066120] (servo_control) JobStarted: {'identifier': 'servo_control'}
[0.099603] (-) TimerEvent: {}
[0.104100] (rplidar_ros) JobProgress: {'identifier': 'rplidar_ros', 'progress': 'cmake'}
[0.108353] (rplidar_ros) JobProgress: {'identifier': 'rplidar_ros', 'progress': 'build'}
[0.111420] (rplidar_ros) Command: {'cmd': ['/usr/bin/cmake', '--build', '/root/lidar_system/build/rplidar_ros', '--', '-j4', '-l4'], 'cwd': '/root/lidar_system/build/rplidar_ros', 'env': OrderedDict([('HOSTNAME', 'ubuntu-desktop'), ('SHLVL', '1'), ('LD_LIBRARY_PATH', '/opt/ros/foxy/opt/yaml_cpp_vendor/lib:/opt/ros/foxy/opt/rviz_ogre_vendor/lib:/opt/ros/foxy/lib/aarch64-linux-gnu:/opt/ros/foxy/lib'), ('HOME', '/root'), ('OLDPWD', '/'), ('ROS_PYTHON_VERSION', '3'), ('ROS_DISTRO', 'foxy'), ('_', '/usr/bin/colcon'), ('ROS_VERSION', '2'), ('ROS_LOCALHOST_ONLY', '0'), ('QT_X11_NO_MITSHM', '1'), ('PATH', '/opt/ros/foxy/bin:/usr/local/sbin:/usr/local/bin:/usr/sbin:/usr/bin:/sbin:/bin'), ('FASTRTPS_DEFAULT_PROFILES_FILE', '/fastdds.xml'), ('DISPLAY', ':0'), ('LANG', 'C.UTF-8'), ('RMW_IMPLEMENTATION', 'rmw_fastrtps_cpp'), ('ROS_DOMAIN_ID', '0'), ('AMENT_PREFIX_PATH', '/opt/ros/foxy'), ('PWD', '/root/lidar_system/build/rplidar_ros'), ('LC_ALL', 'C.UTF-8'), ('PYTHONPATH', '/opt/ros/foxy/lib/python3.8/site-packages'), ('COLCON', '1'), ('CMAKE_PREFIX_PATH', '/opt/ros/foxy')]), 'shell': False}
[0.138880] (servo_control) JobProgress: {'identifier': 'servo_control', 'progress': 'cmake'}
[0.151156] (servo_control) JobProgress: {'identifier': 'servo_control', 'progress': 'build'}
[0.155963] (servo_control) Command: {'cmd': ['/usr/bin/cmake', '--build', '/root/lidar_system/build/servo_control', '--', '-j4', '-l4'], 'cwd': '/root/lidar_system/build/servo_control', 'env': OrderedDict([('HOSTNAME', 'ubuntu-desktop'), ('SHLVL', '1'), ('LD_LIBRARY_PATH', '/opt/ros/foxy/opt/yaml_cpp_vendor/lib:/opt/ros/foxy/opt/rviz_ogre_vendor/lib:/opt/ros/foxy/lib/aarch64-linux-gnu:/opt/ros/foxy/lib'), ('HOME', '/root'), ('OLDPWD', '/'), ('ROS_PYTHON_VERSION', '3'), ('ROS_DISTRO', 'foxy'), ('_', '/usr/bin/colcon'), ('ROS_VERSION', '2'), ('ROS_LOCALHOST_ONLY', '0'), ('QT_X11_NO_MITSHM', '1'), ('PATH', '/opt/ros/foxy/bin:/usr/local/sbin:/usr/local/bin:/usr/sbin:/usr/bin:/sbin:/bin'), ('FASTRTPS_DEFAULT_PROFILES_FILE', '/fastdds.xml'), ('DISPLAY', ':0'), ('LANG', 'C.UTF-8'), ('RMW_IMPLEMENTATION', 'rmw_fastrtps_cpp'), ('ROS_DOMAIN_ID', '0'), ('AMENT_PREFIX_PATH', '/opt/ros/foxy'), ('PWD', '/root/lidar_system/build/servo_control'), ('LC_ALL', 'C.UTF-8'), ('PYTHONPATH', '/opt/ros/foxy/lib/python3.8/site-packages'), ('COLCON', '1'), ('CMAKE_PREFIX_PATH', '/opt/ros/foxy')]), 'shell': False}
[0.199764] (-) TimerEvent: {}
[0.300107] (-) TimerEvent: {}
[0.400497] (-) TimerEvent: {}
[0.500840] (-) TimerEvent: {}
[0.601212] (-) TimerEvent: {}
[0.701605] (-) TimerEvent: {}
[0.802017] (-) TimerEvent: {}
[0.902433] (-) TimerEvent: {}
[0.982391] (rplidar_ros) StdoutLine: {'line': b'[ 47%] Built target rplidar_composition\n'}
[0.991830] (rplidar_ros) StdoutLine: {'line': b'[ 94%] Built target rplidar_node\n'}
[0.992918] (servo_control) StdoutLine: {'line': b'[ 33%] Built target scan_sequence_node\n'}
[0.995165] (servo_control) StdoutLine: {'line': b'[ 66%] Built target lidar_pointcloud_node\n'}
[0.996292] (rplidar_ros) StdoutLine: {'line': b'[100%] Built target rplidar_client\n'}
[1.002600] (-) TimerEvent: {}
[1.009436] (servo_control) StdoutLine: {'line': b'[100%] Built target dynamic_tf_broadcaster\n'}
[1.037137] (rplidar_ros) CommandEnded: {'returncode': 0}
[1.051733] (servo_control) CommandEnded: {'returncode': 0}
[1.103024] (-) TimerEvent: {}
[1.142478] (servo_control) JobProgress: {'identifier': 'servo_control', 'progress': 'install'}
[1.180085] (servo_control) Command: {'cmd': ['/usr/bin/cmake', '--install', '/root/lidar_system/build/servo_control'], 'cwd': '/root/lidar_system/build/servo_control', 'env': OrderedDict([('HOSTNAME', 'ubuntu-desktop'), ('SHLVL', '1'), ('LD_LIBRARY_PATH', '/opt/ros/foxy/opt/yaml_cpp_vendor/lib:/opt/ros/foxy/opt/rviz_ogre_vendor/lib:/opt/ros/foxy/lib/aarch64-linux-gnu:/opt/ros/foxy/lib'), ('HOME', '/root'), ('OLDPWD', '/'), ('ROS_PYTHON_VERSION', '3'), ('ROS_DISTRO', 'foxy'), ('_', '/usr/bin/colcon'), ('ROS_VERSION', '2'), ('ROS_LOCALHOST_ONLY', '0'), ('QT_X11_NO_MITSHM', '1'), ('PATH', '/opt/ros/foxy/bin:/usr/local/sbin:/usr/local/bin:/usr/sbin:/usr/bin:/sbin:/bin'), ('FASTRTPS_DEFAULT_PROFILES_FILE', '/fastdds.xml'), ('DISPLAY', ':0'), ('LANG', 'C.UTF-8'), ('RMW_IMPLEMENTATION', 'rmw_fastrtps_cpp'), ('ROS_DOMAIN_ID', '0'), ('AMENT_PREFIX_PATH', '/opt/ros/foxy'), ('PWD', '/root/lidar_system/build/servo_control'), ('LC_ALL', 'C.UTF-8'), ('PYTHONPATH', '/opt/ros/foxy/lib/python3.8/site-packages'), ('COLCON', '1'), ('CMAKE_PREFIX_PATH', '/opt/ros/foxy')]), 'shell': False}
[1.200992] (rplidar_ros) JobProgress: {'identifier': 'rplidar_ros', 'progress': 'install'}
[1.202064] (rplidar_ros) Command: {'cmd': ['/usr/bin/cmake', '--install', '/root/lidar_system/build/rplidar_ros'], 'cwd': '/root/lidar_system/build/rplidar_ros', 'env': OrderedDict([('HOSTNAME', 'ubuntu-desktop'), ('SHLVL', '1'), ('LD_LIBRARY_PATH', '/opt/ros/foxy/opt/yaml_cpp_vendor/lib:/opt/ros/foxy/opt/rviz_ogre_vendor/lib:/opt/ros/foxy/lib/aarch64-linux-gnu:/opt/ros/foxy/lib'), ('HOME', '/root'), ('OLDPWD', '/'), ('ROS_PYTHON_VERSION', '3'), ('ROS_DISTRO', 'foxy'), ('_', '/usr/bin/colcon'), ('ROS_VERSION', '2'), ('ROS_LOCALHOST_ONLY', '0'), ('QT_X11_NO_MITSHM', '1'), ('PATH', '/opt/ros/foxy/bin:/usr/local/sbin:/usr/local/bin:/usr/sbin:/usr/bin:/sbin:/bin'), ('FASTRTPS_DEFAULT_PROFILES_FILE', '/fastdds.xml'), ('DISPLAY', ':0'), ('LANG', 'C.UTF-8'), ('RMW_IMPLEMENTATION', 'rmw_fastrtps_cpp'), ('ROS_DOMAIN_ID', '0'), ('AMENT_PREFIX_PATH', '/opt/ros/foxy'), ('PWD', '/root/lidar_system/build/rplidar_ros'), ('LC_ALL', 'C.UTF-8'), ('PYTHONPATH', '/opt/ros/foxy/lib/python3.8/site-packages'), ('COLCON', '1'), ('CMAKE_PREFIX_PATH', '/opt/ros/foxy')]), 'shell': False}
[1.207738] (-) TimerEvent: {}
[1.217637] (servo_control) StdoutLine: {'line': b'-- Install configuration: ""\n'}
[1.220598] (servo_control) StdoutLine: {'line': b'-- Up-to-date: /root/lidar_system/install/servo_control/lib/servo_control/dynamic_tf_broadcaster\n'}
[1.224077] (servo_control) StdoutLine: {'line': b'-- Up-to-date: /root/lidar_system/install/servo_control/lib/servo_control/lidar_pointcloud_node\n'}
[1.227502] (servo_control) StdoutLine: {'line': b'-- Up-to-date: /root/lidar_system/install/servo_control/lib/servo_control/scan_sequence_node\n'}
[1.228485] (servo_control) StdoutLine: {'line': b'-- Up-to-date: /root/lidar_system/install/servo_control/share/servo_control/environment/pythonpath.sh\n'}
[1.229497] (servo_control) StdoutLine: {'line': b'-- Up-to-date: /root/lidar_system/install/servo_control/share/servo_control/environment/pythonpath.dsv\n'}
[1.229956] (servo_control) StdoutLine: {'line': b'-- Up-to-date: /root/lidar_system/install/servo_control/lib/python3.8/site-packages/servo_control\n'}
[1.230352] (servo_control) StdoutLine: {'line': b'-- Up-to-date: /root/lidar_system/install/servo_control/lib/python3.8/site-packages/servo_control/__init__.py\n'}
[1.241005] (rplidar_ros) StdoutLine: {'line': b'-- Install configuration: ""\n'}
[1.242139] (rplidar_ros) StdoutLine: {'line': b'-- Up-to-date: /root/lidar_system/install/rplidar_ros/share/rplidar_ros/launch\n'}
[1.243550] (rplidar_ros) StdoutLine: {'line': b'-- Up-to-date: /root/lidar_system/install/rplidar_ros/share/rplidar_ros/launch/rplidar_a3_launch.py\n'}
[1.244709] (rplidar_ros) StdoutLine: {'line': b'-- Up-to-date: /root/lidar_system/install/rplidar_ros/share/rplidar_ros/launch/view_rplidar_a2m8_launch.py\n'}
[1.246022] (rplidar_ros) StdoutLine: {'line': b'-- Up-to-date: /root/lidar_system/install/rplidar_ros/share/rplidar_ros/launch/view_rplidar_a2m7_launch.py\n'}
[1.246686] (rplidar_ros) StdoutLine: {'line': b'-- Up-to-date: /root/lidar_system/install/rplidar_ros/share/rplidar_ros/launch/rplidar_s2_launch.py\n'}
[1.247173] (rplidar_ros) StdoutLine: {'line': b'-- Up-to-date: /root/lidar_system/install/rplidar_ros/share/rplidar_ros/launch/rplidar_s1_tcp_launch.py\n'}
[1.247573] (rplidar_ros) StdoutLine: {'line': b'-- Up-to-date: /root/lidar_system/install/rplidar_ros/share/rplidar_ros/launch/view_rplidar_a1_launch.py\n'}
[1.248060] (rplidar_ros) StdoutLine: {'line': b'-- Up-to-date: /root/lidar_system/install/rplidar_ros/share/rplidar_ros/launch/rplidar_t1_launch.py\n'}
[1.248686] (rplidar_ros) StdoutLine: {'line': b'-- Up-to-date: /root/lidar_system/install/rplidar_ros/share/rplidar_ros/launch/system_launch.py\n'}
[1.250109] (rplidar_ros) StdoutLine: {'line': b'-- Up-to-date: /root/lidar_system/install/rplidar_ros/share/rplidar_ros/launch/rplidar_a1_launch.py\n'}
[1.250499] (rplidar_ros) StdoutLine: {'line': b'-- Up-to-date: /root/lidar_system/install/rplidar_ros/share/rplidar_ros/launch/view_rplidar_s1_launch.py\n'}
[1.251039] (rplidar_ros) StdoutLine: {'line': b'-- Up-to-date: /root/lidar_system/install/rplidar_ros/share/rplidar_ros/launch/view_rplidar_s2_launch.py\n'}
[1.251453] (rplidar_ros) StdoutLine: {'line': b'-- Up-to-date: /root/lidar_system/install/rplidar_ros/share/rplidar_ros/launch/view_rplidar_s2e_launch.py\n'}
[1.251807] (rplidar_ros) StdoutLine: {'line': b'-- Up-to-date: /root/lidar_system/install/rplidar_ros/share/rplidar_ros/launch/view_rplidar_a2m12_launch.py\n'}
[1.252160] (rplidar_ros) StdoutLine: {'line': b'-- Up-to-date: /root/lidar_system/install/rplidar_ros/share/rplidar_ros/launch/rplidar_a2m7_launch.py\n'}
[1.253005] (rplidar_ros) StdoutLine: {'line': b'-- Up-to-date: /root/lidar_system/install/rplidar_ros/share/rplidar_ros/launch/rplidar_s2e_launch.py\n'}
[1.253434] (rplidar_ros) StdoutLine: {'line': b'-- Up-to-date: /root/lidar_system/install/rplidar_ros/share/rplidar_ros/launch/view_rplidar_s1_tcp_launch.py\n'}
[1.253817] (rplidar_ros) StdoutLine: {'line': b'-- Up-to-date: /root/lidar_system/install/rplidar_ros/share/rplidar_ros/launch/rplidar_a2m12_launch.py\n'}
[1.254137] (rplidar_ros) StdoutLine: {'line': b'-- Up-to-date: /root/lidar_system/install/rplidar_ros/share/rplidar_ros/launch/rplidar_s1_launch.py\n'}
[1.254472] (rplidar_ros) StdoutLine: {'line': b'-- Up-to-date: /root/lidar_system/install/rplidar_ros/share/rplidar_ros/launch/__pycache__\n'}
[1.254793] (rplidar_ros) StdoutLine: {'line': b'-- Installing: /root/lidar_system/install/rplidar_ros/share/rplidar_ros/launch/__pycache__/system_launch.cpython-38.pyc\n'}
[1.255235] (rplidar_ros) StdoutLine: {'line': b'-- Up-to-date: /root/lidar_system/install/rplidar_ros/share/rplidar_ros/launch/rplidar_s3_launch.py\n'}
[1.255579] (rplidar_ros) StdoutLine: {'line': b'-- Up-to-date: /root/lidar_system/install/rplidar_ros/share/rplidar_ros/launch/rplidar_a2m8_launch.py\n'}
[1.255912] (rplidar_ros) StdoutLine: {'line': b'-- Up-to-date: /root/lidar_system/install/rplidar_ros/share/rplidar_ros/launch/view_rplidar_t1_launch.py\n'}
[1.256753] (rplidar_ros) StdoutLine: {'line': b'-- Up-to-date: /root/lidar_system/install/rplidar_ros/share/rplidar_ros/launch/view_rplidar_a3_launch.py\n'}
[1.257569] (rplidar_ros) StdoutLine: {'line': b'-- Up-to-date: /root/lidar_system/install/rplidar_ros/share/rplidar_ros/launch/rplidar_c1_launch.py\n'}
[1.258659] (rplidar_ros) StdoutLine: {'line': b'-- Up-to-date: /root/lidar_system/install/rplidar_ros/share/rplidar_ros/launch/view_rplidar_s3_launch.py\n'}
[1.259672] (rplidar_ros) StdoutLine: {'line': b'-- Up-to-date: /root/lidar_system/install/rplidar_ros/share/rplidar_ros/launch/view_rplidar_c1_launch.py\n'}
[1.260584] (rplidar_ros) StdoutLine: {'line': b'-- Up-to-date: /root/lidar_system/install/rplidar_ros/share/rplidar_ros/rviz\n'}
[1.261109] (rplidar_ros) StdoutLine: {'line': b'-- Up-to-date: /root/lidar_system/install/rplidar_ros/share/rplidar_ros/rviz/rplidar_ros.rviz\n'}
[1.262238] (rplidar_ros) StdoutLine: {'line': b'-- Up-to-date: /root/lidar_system/install/rplidar_ros/lib/rplidar_ros/rplidar_node\n'}
[1.263229] (rplidar_ros) StdoutLine: {'line': b'-- Up-to-date: /root/lidar_system/install/rplidar_ros/lib/rplidar_ros/rplidar_composition\n'}
[1.263714] (rplidar_ros) StdoutLine: {'line': b'-- Up-to-date: /root/lidar_system/install/rplidar_ros/lib/rplidar_ros/rplidar_client\n'}
[1.264121] (rplidar_ros) StdoutLine: {'line': b'-- Up-to-date: /root/lidar_system/install/rplidar_ros/share/ament_index/resource_index/package_run_dependencies/rplidar_ros\n'}
[1.264506] (rplidar_ros) StdoutLine: {'line': b'-- Up-to-date: /root/lidar_system/install/rplidar_ros/share/ament_index/resource_index/parent_prefix_path/rplidar_ros\n'}
[1.264896] (rplidar_ros) StdoutLine: {'line': b'-- Up-to-date: /root/lidar_system/install/rplidar_ros/share/rplidar_ros/environment/ament_prefix_path.sh\n'}
[1.265279] (rplidar_ros) StdoutLine: {'line': b'-- Up-to-date: /root/lidar_system/install/rplidar_ros/share/rplidar_ros/environment/ament_prefix_path.dsv\n'}
[1.265667] (rplidar_ros) StdoutLine: {'line': b'-- Up-to-date: /root/lidar_system/install/rplidar_ros/share/rplidar_ros/environment/path.sh\n'}
[1.266949] (rplidar_ros) StdoutLine: {'line': b'-- Up-to-date: /root/lidar_system/install/rplidar_ros/share/rplidar_ros/environment/path.dsv\n'}
[1.270196] (rplidar_ros) StdoutLine: {'line': b'-- Up-to-date: /root/lidar_system/install/rplidar_ros/share/rplidar_ros/local_setup.bash\n'}
[1.270872] (rplidar_ros) StdoutLine: {'line': b'-- Up-to-date: /root/lidar_system/install/rplidar_ros/share/rplidar_ros/local_setup.sh\n'}
[1.271274] (rplidar_ros) StdoutLine: {'line': b'-- Up-to-date: /root/lidar_system/install/rplidar_ros/share/rplidar_ros/local_setup.zsh\n'}
[1.271646] (rplidar_ros) StdoutLine: {'line': b'-- Up-to-date: /root/lidar_system/install/rplidar_ros/share/rplidar_ros/local_setup.dsv\n'}
[1.272038] (rplidar_ros) StdoutLine: {'line': b'-- Installing: /root/lidar_system/install/rplidar_ros/share/rplidar_ros/package.dsv\n'}
[1.276431] (rplidar_ros) StdoutLine: {'line': b'-- Up-to-date: /root/lidar_system/install/rplidar_ros/share/ament_index/resource_index/packages/rplidar_ros\n'}
[1.277087] (rplidar_ros) StdoutLine: {'line': b'-- Up-to-date: /root/lidar_system/install/rplidar_ros/share/rplidar_ros/cmake/ament_cmake_export_dependencies-extras.cmake\n'}
[1.277784] (rplidar_ros) StdoutLine: {'line': b'-- Up-to-date: /root/lidar_system/install/rplidar_ros/share/rplidar_ros/cmake/ament_cmake_export_include_directories-extras.cmake\n'}
[1.278205] (rplidar_ros) StdoutLine: {'line': b'-- Up-to-date: /root/lidar_system/install/rplidar_ros/share/rplidar_ros/cmake/rplidar_rosConfig.cmake\n'}
[1.278534] (rplidar_ros) StdoutLine: {'line': b'-- Up-to-date: /root/lidar_system/install/rplidar_ros/share/rplidar_ros/cmake/rplidar_rosConfig-version.cmake\n'}
[1.279014] (rplidar_ros) StdoutLine: {'line': b'-- Up-to-date: /root/lidar_system/install/rplidar_ros/share/rplidar_ros/package.xml\n'}
[1.279388] (rplidar_ros) CommandEnded: {'returncode': 0}
[1.307882] (-) TimerEvent: {}
[1.383881] (servo_control) StdoutLine: {'line': b"Listing '/root/lidar_system/install/servo_control/lib/python3.8/site-packages/servo_control'...\n"}
[1.390902] (servo_control) StdoutLine: {'line': b'-- Up-to-date: /root/lidar_system/install/servo_control/lib/servo_control/servo_motor_node.py\n'}
[1.391603] (servo_control) StdoutLine: {'line': b'-- Installing: /root/lidar_system/install/servo_control/lib/servo_control/lidar_bbox_open3d.py\n'}
[1.392766] (servo_control) StdoutLine: {'line': b'-- Up-to-date: /root/lidar_system/install/servo_control/share/ament_index/resource_index/package_run_dependencies/servo_control\n'}
[1.393353] (servo_control) StdoutLine: {'line': b'-- Up-to-date: /root/lidar_system/install/servo_control/share/ament_index/resource_index/parent_prefix_path/servo_control\n'}
[1.393905] (servo_control) StdoutLine: {'line': b'-- Up-to-date: /root/lidar_system/install/servo_control/share/servo_control/environment/ament_prefix_path.sh\n'}
[1.394991] (servo_control) StdoutLine: {'line': b'-- Up-to-date: /root/lidar_system/install/servo_control/share/servo_control/environment/ament_prefix_path.dsv\n'}
[1.395621] (servo_control) StdoutLine: {'line': b'-- Up-to-date: /root/lidar_system/install/servo_control/share/servo_control/environment/path.sh\n'}
[1.396107] (servo_control) StdoutLine: {'line': b'-- Up-to-date: /root/lidar_system/install/servo_control/share/servo_control/environment/path.dsv\n'}
[1.399705] (servo_control) StdoutLine: {'line': b'-- Up-to-date: /root/lidar_system/install/servo_control/share/servo_control/local_setup.bash\n'}
[1.400981] (servo_control) StdoutLine: {'line': b'-- Up-to-date: /root/lidar_system/install/servo_control/share/servo_control/local_setup.sh\n'}
[1.401540] (servo_control) StdoutLine: {'line': b'-- Up-to-date: /root/lidar_system/install/servo_control/share/servo_control/local_setup.zsh\n'}
[1.401972] (servo_control) StdoutLine: {'line': b'-- Up-to-date: /root/lidar_system/install/servo_control/share/servo_control/local_setup.dsv\n'}
[1.402606] (servo_control) StdoutLine: {'line': b'-- Installing: /root/lidar_system/install/servo_control/share/servo_control/package.dsv\n'}
[1.403576] (servo_control) StdoutLine: {'line': b'-- Up-to-date: /root/lidar_system/install/servo_control/share/ament_index/resource_index/packages/servo_control\n'}
[1.404646] (servo_control) StdoutLine: {'line': b'-- Up-to-date: /root/lidar_system/install/servo_control/share/servo_control/cmake/servo_controlConfig.cmake\n'}
[1.405106] (servo_control) StdoutLine: {'line': b'-- Up-to-date: /root/lidar_system/install/servo_control/share/servo_control/cmake/servo_controlConfig-version.cmake\n'}
[1.405518] (servo_control) StdoutLine: {'line': b'-- Up-to-date: /root/lidar_system/install/servo_control/share/servo_control/package.xml\n'}
[1.409122] (servo_control) CommandEnded: {'returncode': 0}
[1.422756] (-) TimerEvent: {}
[1.528350] (-) TimerEvent: {}
[1.582401] (rplidar_ros) JobEnded: {'identifier': 'rplidar_ros', 'rc': 0}
[1.628511] (-) TimerEvent: {}
[1.651469] (servo_control) JobEnded: {'identifier': 'servo_control', 'rc': 0}
[1.653521] (-) EventReactorShutdown: {}
