[0.053s] Invoking command in '/root/lidar_system/build/servo_control': CMAKE_PREFIX_PATH=/opt/ros/foxy /usr/bin/cmake /root/lidar_system/servo_control -DCMAKE_INSTALL_PREFIX=/root/lidar_system/install/servo_control
[0.121s] -- Found ament_cmake: 0.9.12 (/opt/ros/foxy/share/ament_cmake/cmake)
[0.217s] -- Found PythonInterp: /usr/bin/python3 (found suitable version "3.8.10", minimum required is "3") 
[0.217s] -- Using PYTHON_EXECUTABLE: /usr/bin/python3
[0.986s] -- Found rclcpp: 2.4.3 (/opt/ros/foxy/share/rclcpp/cmake)
[1.233s] -- Using all available rosidl_typesupport_c: rosidl_typesupport_fastrtps_c;rosidl_typesupport_introspection_c
[1.279s] -- Found rosidl_adapter: 1.3.1 (/opt/ros/foxy/share/rosidl_adapter/cmake)
[1.537s] -- Found OpenSSL: /usr/lib/aarch64-linux-gnu/libcrypto.so (found version "1.1.1f")  
[1.620s] -- Found FastRTPS: /opt/ros/foxy/include  
[1.954s] -- Using all available rosidl_typesupport_cpp: rosidl_typesupport_fastrtps_cpp;rosidl_typesupport_introspection_cpp
[2.256s] -- Found rmw_implementation_cmake: 1.0.4 (/opt/ros/foxy/share/rmw_implementation_cmake/cmake)
[2.265s] -- Using RMW implementation 'rmw_fastrtps_cpp' as default
[2.271s] -- Looking for pthread.h
[2.666s] -- Looking for pthread.h - found
[2.667s] -- Performing Test CMAKE_HAVE_LIBC_PTHREAD
[2.931s] -- Performing Test CMAKE_HAVE_LIBC_PTHREAD - Failed
[2.932s] -- Looking for pthread_create in pthreads
[3.140s] -- Looking for pthread_create in pthreads - not found
[3.140s] -- Looking for pthread_create in pthread
[3.389s] -- Looking for pthread_create in pthread - found
[3.393s] -- Found Threads: TRUE  
[4.178s] -- Found geometry_msgs: 2.0.5 (/opt/ros/foxy/share/geometry_msgs/cmake)
[4.342s] -- Found sensor_msgs: 2.0.5 (/opt/ros/foxy/share/sensor_msgs/cmake)
[4.682s] -- Found tf2_ros: 0.13.14 (/opt/ros/foxy/share/tf2_ros/cmake)
[6.625s] CMake Error at CMakeLists.txt:21 (find_package):
[6.626s]   By not providing "Findlaser_geometry.cmake" in CMAKE_MODULE_PATH this
[6.627s]   project has asked CMake to find a package configuration file provided by
[6.627s]   "laser_geometry", but CMake did not find one.
[6.628s] 
[6.628s]   Could not find a package configuration file provided by "laser_geometry"
[6.628s]   with any of the following names:
[6.629s] 
[6.629s]     laser_geometryConfig.cmake
[6.629s]     laser_geometry-config.cmake
[6.630s] 
[6.630s]   Add the installation prefix of "laser_geometry" to CMAKE_PREFIX_PATH or set
[6.631s]   "laser_geometry_DIR" to a directory containing one of the above files.  If
[6.631s]   "laser_geometry" provides a separate development package or SDK, be sure it
[6.632s]   has been installed.
[6.632s] 
[6.633s] 
[6.643s] -- Configuring incomplete, errors occurred!
[6.643s] See also "/root/lidar_system/build/servo_control/CMakeFiles/CMakeOutput.log".
[6.650s] See also "/root/lidar_system/build/servo_control/CMakeFiles/CMakeError.log".
[6.707s] Invoked command in '/root/lidar_system/build/servo_control' returned '1': CMAKE_PREFIX_PATH=/opt/ros/foxy /usr/bin/cmake /root/lidar_system/servo_control -DCMAKE_INSTALL_PREFIX=/root/lidar_system/install/servo_control
