[0.063s] Invoking command in '/root/lidar_system/build/servo_control': CMAKE_PREFIX_PATH=/opt/ros/foxy /usr/bin/cmake --build /root/lidar_system/build/servo_control -- -j4 -l4
[0.356s] Scanning dependencies of target dynamic_tf_broadcaster
[0.411s] [ 33%] Built target lidar_pointcloud_node
[0.413s] [ 66%] Built target scan_sequence_node
[0.451s] [ 83%] Building CXX object CMakeFiles/dynamic_tf_broadcaster.dir/src/dynamic_tf_broadcaster.cpp.o
[32.343s] [100%] Linking CXX executable dynamic_tf_broadcaster
[34.025s] [100%] Built target dynamic_tf_broadcaster
[34.066s] Invoked command in '/root/lidar_system/build/servo_control' returned '0': CMAKE_PREFIX_PATH=/opt/ros/foxy /usr/bin/cmake --build /root/lidar_system/build/servo_control -- -j4 -l4
[34.173s] Invoking command in '/root/lidar_system/build/servo_control': CMAKE_PREFIX_PATH=/opt/ros/foxy /usr/bin/cmake --install /root/lidar_system/build/servo_control
[34.215s] -- Install configuration: ""
[34.217s] -- Installing: /root/lidar_system/install/servo_control/lib/servo_control/dynamic_tf_broadcaster
[34.232s] -- Set runtime path of "/root/lidar_system/install/servo_control/lib/servo_control/dynamic_tf_broadcaster" to ""
[34.235s] -- Up-to-date: /root/lidar_system/install/servo_control/lib/servo_control/lidar_pointcloud_node
[34.238s] -- Up-to-date: /root/lidar_system/install/servo_control/lib/servo_control/scan_sequence_node
[34.239s] -- Up-to-date: /root/lidar_system/install/servo_control/share/servo_control/environment/pythonpath.sh
[34.240s] -- Up-to-date: /root/lidar_system/install/servo_control/share/servo_control/environment/pythonpath.dsv
[34.240s] -- Up-to-date: /root/lidar_system/install/servo_control/lib/python3.8/site-packages/servo_control
[34.241s] -- Up-to-date: /root/lidar_system/install/servo_control/lib/python3.8/site-packages/servo_control/__init__.py
[34.368s] Listing '/root/lidar_system/install/servo_control/lib/python3.8/site-packages/servo_control'...
[34.392s] -- Up-to-date: /root/lidar_system/install/servo_control/lib/servo_control/servo_motor_node.py
[34.393s] -- Up-to-date: /root/lidar_system/install/servo_control/share/ament_index/resource_index/package_run_dependencies/servo_control
[34.393s] -- Up-to-date: /root/lidar_system/install/servo_control/share/ament_index/resource_index/parent_prefix_path/servo_control
[34.394s] -- Up-to-date: /root/lidar_system/install/servo_control/share/servo_control/environment/ament_prefix_path.sh
[34.394s] -- Up-to-date: /root/lidar_system/install/servo_control/share/servo_control/environment/ament_prefix_path.dsv
[34.395s] -- Up-to-date: /root/lidar_system/install/servo_control/share/servo_control/environment/path.sh
[34.396s] -- Up-to-date: /root/lidar_system/install/servo_control/share/servo_control/environment/path.dsv
[34.396s] -- Up-to-date: /root/lidar_system/install/servo_control/share/servo_control/local_setup.bash
[34.396s] -- Up-to-date: /root/lidar_system/install/servo_control/share/servo_control/local_setup.sh
[34.397s] -- Up-to-date: /root/lidar_system/install/servo_control/share/servo_control/local_setup.zsh
[34.397s] -- Up-to-date: /root/lidar_system/install/servo_control/share/servo_control/local_setup.dsv
[34.397s] -- Installing: /root/lidar_system/install/servo_control/share/servo_control/package.dsv
[34.398s] -- Up-to-date: /root/lidar_system/install/servo_control/share/ament_index/resource_index/packages/servo_control
[34.399s] -- Up-to-date: /root/lidar_system/install/servo_control/share/servo_control/cmake/servo_controlConfig.cmake
[34.399s] -- Up-to-date: /root/lidar_system/install/servo_control/share/servo_control/cmake/servo_controlConfig-version.cmake
[34.400s] -- Up-to-date: /root/lidar_system/install/servo_control/share/servo_control/package.xml
[34.402s] Invoked command in '/root/lidar_system/build/servo_control' returned '0': CMAKE_PREFIX_PATH=/opt/ros/foxy /usr/bin/cmake --install /root/lidar_system/build/servo_control
