[0.085s] Invoking command in '/root/lidar_system/build/rplidar_ros': /usr/bin/cmake /root/lidar_system/rplidar_ros -DCMAKE_INSTALL_PREFIX=/root/lidar_system/install/rplidar_ros
[1.116s] -- The C compiler identification is GNU 9.4.0
[1.652s] -- The CXX compiler identification is GNU 9.4.0
[1.678s] -- Check for working C compiler: /usr/bin/cc
[1.924s] -- Check for working C compiler: /usr/bin/cc -- works
[1.930s] -- Detecting C compiler ABI info
[2.173s] -- Detecting C compiler ABI info - done
[2.220s] -- Detecting C compile features
[2.222s] -- Detecting C compile features - done
[2.234s] -- Check for working CXX compiler: /usr/bin/c++
[2.507s] -- Check for working CXX compiler: /usr/bin/c++ -- works
[2.510s] -- Detecting CXX compiler ABI info
[2.788s] -- Detecting CXX compiler ABI info - done
[2.836s] -- Detecting CXX compile features
[2.839s] -- Detecting CXX compile features - done
[2.879s] CMake Error at CMakeLists.txt:45 (find_package):
[2.879s]   By not providing "Findament_cmake.cmake" in CMAKE_MODULE_PATH this project
[2.880s]   has asked CMake to find a package configuration file provided by
[2.880s]   "ament_cmake", but CMake did not find one.
[2.881s] 
[2.882s]   Could not find a package configuration file provided by "ament_cmake" with
[2.884s]   any of the following names:
[2.885s] 
[2.886s]     ament_cmakeConfig.cmake
[2.887s]     ament_cmake-config.cmake
[2.890s] 
[2.892s]   Add the installation prefix of "ament_cmake" to CMAKE_PREFIX_PATH or set
[2.892s]   "ament_cmake_DIR" to a directory containing one of the above files.  If
[2.893s]   "ament_cmake" provides a separate development package or SDK, be sure it
[2.893s]   has been installed.
[2.893s] 
[2.894s] 
[2.899s] -- Configuring incomplete, errors occurred!
[2.903s] See also "/root/lidar_system/build/rplidar_ros/CMakeFiles/CMakeOutput.log".
[2.907s] Invoked command in '/root/lidar_system/build/rplidar_ros' returned '1': /usr/bin/cmake /root/lidar_system/rplidar_ros -DCMAKE_INSTALL_PREFIX=/root/lidar_system/install/rplidar_ros
