[0.107s] Invoking command in '/root/lidar_system/build/servo_control': CMAKE_PREFIX_PATH=/opt/ros/foxy /usr/bin/cmake --build /root/lidar_system/build/servo_control -- -j4 -l4
[0.784s] [ 33%] Built target scan_sequence_node
[0.952s] [ 66%] Built target dynamic_tf_broadcaster
[1.152s] [100%] Built target lidar_pointcloud_node
[1.194s] Invoked command in '/root/lidar_system/build/servo_control' returned '0': CMAKE_PREFIX_PATH=/opt/ros/foxy /usr/bin/cmake --build /root/lidar_system/build/servo_control -- -j4 -l4
[1.340s] Invoking command in '/root/lidar_system/build/servo_control': CMAKE_PREFIX_PATH=/opt/ros/foxy /usr/bin/cmake --install /root/lidar_system/build/servo_control
[1.378s] -- Install configuration: ""
[1.378s] -- Up-to-date: /root/lidar_system/install/servo_control/lib/servo_control/dynamic_tf_broadcaster
[1.379s] -- Up-to-date: /root/lidar_system/install/servo_control/lib/servo_control/lidar_pointcloud_node
[1.381s] -- Up-to-date: /root/lidar_system/install/servo_control/lib/servo_control/scan_sequence_node
[1.382s] -- Up-to-date: /root/lidar_system/install/servo_control/share/servo_control/environment/pythonpath.sh
[1.382s] -- Up-to-date: /root/lidar_system/install/servo_control/share/servo_control/environment/pythonpath.dsv
[1.383s] -- Up-to-date: /root/lidar_system/install/servo_control/lib/python3.8/site-packages/servo_control
[1.383s] -- Up-to-date: /root/lidar_system/install/servo_control/lib/python3.8/site-packages/servo_control/__init__.py
[1.583s] Listing '/root/lidar_system/install/servo_control/lib/python3.8/site-packages/servo_control'...
[1.587s] -- Up-to-date: /root/lidar_system/install/servo_control/lib/servo_control/servo_motor_node.py
[1.588s] -- Installing: /root/lidar_system/install/servo_control/lib/servo_control/lidar_bbox_open3d.py
[1.588s] -- Up-to-date: /root/lidar_system/install/servo_control/share/ament_index/resource_index/package_run_dependencies/servo_control
[1.589s] -- Up-to-date: /root/lidar_system/install/servo_control/share/ament_index/resource_index/parent_prefix_path/servo_control
[1.589s] -- Up-to-date: /root/lidar_system/install/servo_control/share/servo_control/environment/ament_prefix_path.sh
[1.590s] -- Up-to-date: /root/lidar_system/install/servo_control/share/servo_control/environment/ament_prefix_path.dsv
[1.590s] -- Up-to-date: /root/lidar_system/install/servo_control/share/servo_control/environment/path.sh
[1.591s] -- Up-to-date: /root/lidar_system/install/servo_control/share/servo_control/environment/path.dsv
[1.592s] -- Up-to-date: /root/lidar_system/install/servo_control/share/servo_control/local_setup.bash
[1.593s] -- Up-to-date: /root/lidar_system/install/servo_control/share/servo_control/local_setup.sh
[1.593s] -- Up-to-date: /root/lidar_system/install/servo_control/share/servo_control/local_setup.zsh
[1.594s] -- Up-to-date: /root/lidar_system/install/servo_control/share/servo_control/local_setup.dsv
[1.594s] -- Installing: /root/lidar_system/install/servo_control/share/servo_control/package.dsv
[1.595s] -- Up-to-date: /root/lidar_system/install/servo_control/share/ament_index/resource_index/packages/servo_control
[1.596s] -- Up-to-date: /root/lidar_system/install/servo_control/share/servo_control/cmake/servo_controlConfig.cmake
[1.596s] -- Up-to-date: /root/lidar_system/install/servo_control/share/servo_control/cmake/servo_controlConfig-version.cmake
[1.597s] -- Up-to-date: /root/lidar_system/install/servo_control/share/servo_control/package.xml
[1.598s] Invoked command in '/root/lidar_system/build/servo_control' returned '0': CMAKE_PREFIX_PATH=/opt/ros/foxy /usr/bin/cmake --install /root/lidar_system/build/servo_control
