[0.079s] Invoking command in '/root/lidar_system/build/servo_control': CMAKE_PREFIX_PATH=${CMAKE_PREFIX_PATH}:/opt/ros/foxy /usr/bin/cmake --build /root/lidar_system/build/servo_control -- -j4 -l4
[0.295s] [35m[1mScanning dependencies of target scan_sequence_node[0m
[0.464s] [ 16%] [32mBuilding CXX object CMakeFiles/scan_sequence_node.dir/src/scan_sequence_node.cpp.o[0m
[0.481s] [ 50%] Built target dynamic_tf_broadcaster
[0.549s] [ 83%] Built target lidar_pointcloud_node
[13.635s] [100%] [32m[1mLinking CXX executable scan_sequence_node[0m
[14.308s] [100%] Built target scan_sequence_node
[14.346s] Invoked command in '/root/lidar_system/build/servo_control' returned '0': CMAKE_PREFIX_PATH=${CMAKE_PREFIX_PATH}:/opt/ros/foxy /usr/bin/cmake --build /root/lidar_system/build/servo_control -- -j4 -l4
[14.440s] Invoking command in '/root/lidar_system/build/servo_control': CMAKE_PREFIX_PATH=${CMAKE_PREFIX_PATH}:/opt/ros/foxy /usr/bin/cmake --install /root/lidar_system/build/servo_control
[14.470s] -- Install configuration: ""
[14.471s] -- Up-to-date: /root/lidar_system/install/servo_control/lib/servo_control/dynamic_tf_broadcaster
[14.473s] -- Up-to-date: /root/lidar_system/install/servo_control/lib/servo_control/lidar_pointcloud_node
[14.474s] -- Installing: /root/lidar_system/install/servo_control/lib/servo_control/scan_sequence_node
[14.479s] -- Set runtime path of "/root/lidar_system/install/servo_control/lib/servo_control/scan_sequence_node" to ""
[14.480s] -- Up-to-date: /root/lidar_system/install/servo_control/share/servo_control/environment/pythonpath.sh
[14.480s] -- Up-to-date: /root/lidar_system/install/servo_control/share/servo_control/environment/pythonpath.dsv
[14.481s] -- Up-to-date: /root/lidar_system/install/servo_control/lib/python3.8/site-packages/servo_control
[14.481s] -- Up-to-date: /root/lidar_system/install/servo_control/lib/python3.8/site-packages/servo_control/__init__.py
[14.593s] Listing '/root/lidar_system/install/servo_control/lib/python3.8/site-packages/servo_control'...
[14.612s] -- Installing: /root/lidar_system/install/servo_control/lib/servo_control/servo_motor_node.py
[14.613s] -- Up-to-date: /root/lidar_system/install/servo_control/share/ament_index/resource_index/package_run_dependencies/servo_control
[14.614s] -- Up-to-date: /root/lidar_system/install/servo_control/share/ament_index/resource_index/parent_prefix_path/servo_control
[14.614s] -- Up-to-date: /root/lidar_system/install/servo_control/share/servo_control/environment/ament_prefix_path.sh
[14.614s] -- Up-to-date: /root/lidar_system/install/servo_control/share/servo_control/environment/ament_prefix_path.dsv
[14.615s] -- Up-to-date: /root/lidar_system/install/servo_control/share/servo_control/environment/path.sh
[14.615s] -- Up-to-date: /root/lidar_system/install/servo_control/share/servo_control/environment/path.dsv
[14.616s] -- Up-to-date: /root/lidar_system/install/servo_control/share/servo_control/local_setup.bash
[14.616s] -- Up-to-date: /root/lidar_system/install/servo_control/share/servo_control/local_setup.sh
[14.617s] -- Up-to-date: /root/lidar_system/install/servo_control/share/servo_control/local_setup.zsh
[14.617s] -- Up-to-date: /root/lidar_system/install/servo_control/share/servo_control/local_setup.dsv
[14.617s] -- Installing: /root/lidar_system/install/servo_control/share/servo_control/package.dsv
[14.618s] -- Up-to-date: /root/lidar_system/install/servo_control/share/ament_index/resource_index/packages/servo_control
[14.618s] -- Up-to-date: /root/lidar_system/install/servo_control/share/servo_control/cmake/servo_controlConfig.cmake
[14.619s] -- Up-to-date: /root/lidar_system/install/servo_control/share/servo_control/cmake/servo_controlConfig-version.cmake
[14.619s] -- Up-to-date: /root/lidar_system/install/servo_control/share/servo_control/package.xml
[14.633s] Invoked command in '/root/lidar_system/build/servo_control' returned '0': CMAKE_PREFIX_PATH=${CMAKE_PREFIX_PATH}:/opt/ros/foxy /usr/bin/cmake --install /root/lidar_system/build/servo_control
