[0.000000] (-) TimerEvent: {}
[0.003276] (rplidar_ros) JobQueued: {'identifier': 'rplidar_ros', 'dependencies': OrderedDict()}
[0.003433] (servo_control) JobQueued: {'identifier': 'servo_control', 'dependencies': OrderedDict()}
[0.003545] (rplidar_ros) JobStarted: {'identifier': 'rplidar_ros'}
[0.062492] (servo_control) JobStarted: {'identifier': 'servo_control'}
[0.099425] (rplidar_ros) JobProgress: {'identifier': 'rplidar_ros', 'progress': 'cmake'}
[0.099662] (-) TimerEvent: {}
[0.103301] (rplidar_ros) JobProgress: {'identifier': 'rplidar_ros', 'progress': 'build'}
[0.106546] (rplidar_ros) Command: {'cmd': ['/usr/bin/cmake', '--build', '/root/lidar_system/build/rplidar_ros', '--', '-j4', '-l4'], 'cwd': '/root/lidar_system/build/rplidar_ros', 'env': OrderedDict([('HOSTNAME', 'ubuntu-desktop'), ('SHLVL', '1'), ('LD_LIBRARY_PATH', '/opt/ros/foxy/opt/yaml_cpp_vendor/lib:/opt/ros/foxy/opt/rviz_ogre_vendor/lib:/opt/ros/foxy/lib/aarch64-linux-gnu:/opt/ros/foxy/lib'), ('HOME', '/root'), ('OLDPWD', '/'), ('ROS_PYTHON_VERSION', '3'), ('ROS_DISTRO', 'foxy'), ('_', '/usr/bin/colcon'), ('ROS_VERSION', '2'), ('ROS_LOCALHOST_ONLY', '0'), ('QT_X11_NO_MITSHM', '1'), ('PATH', '/opt/ros/foxy/bin:/usr/local/sbin:/usr/local/bin:/usr/sbin:/usr/bin:/sbin:/bin'), ('FASTRTPS_DEFAULT_PROFILES_FILE', '/fastdds.xml'), ('DISPLAY', ':0'), ('LANG', 'C.UTF-8'), ('RMW_IMPLEMENTATION', 'rmw_fastrtps_cpp'), ('ROS_DOMAIN_ID', '0'), ('AMENT_PREFIX_PATH', '/opt/ros/foxy'), ('PWD', '/root/lidar_system/build/rplidar_ros'), ('LC_ALL', 'C.UTF-8'), ('PYTHONPATH', '/opt/ros/foxy/lib/python3.8/site-packages'), ('COLCON', '1'), ('CMAKE_PREFIX_PATH', '/opt/ros/foxy')]), 'shell': False}
[0.123614] (servo_control) JobProgress: {'identifier': 'servo_control', 'progress': 'cmake'}
[0.133381] (servo_control) JobProgress: {'identifier': 'servo_control', 'progress': 'build'}
[0.138521] (servo_control) Command: {'cmd': ['/usr/bin/cmake', '--build', '/root/lidar_system/build/servo_control', '--', '-j4', '-l4'], 'cwd': '/root/lidar_system/build/servo_control', 'env': OrderedDict([('HOSTNAME', 'ubuntu-desktop'), ('SHLVL', '1'), ('LD_LIBRARY_PATH', '/opt/ros/foxy/opt/yaml_cpp_vendor/lib:/opt/ros/foxy/opt/rviz_ogre_vendor/lib:/opt/ros/foxy/lib/aarch64-linux-gnu:/opt/ros/foxy/lib'), ('HOME', '/root'), ('OLDPWD', '/'), ('ROS_PYTHON_VERSION', '3'), ('ROS_DISTRO', 'foxy'), ('_', '/usr/bin/colcon'), ('ROS_VERSION', '2'), ('ROS_LOCALHOST_ONLY', '0'), ('QT_X11_NO_MITSHM', '1'), ('PATH', '/opt/ros/foxy/bin:/usr/local/sbin:/usr/local/bin:/usr/sbin:/usr/bin:/sbin:/bin'), ('FASTRTPS_DEFAULT_PROFILES_FILE', '/fastdds.xml'), ('DISPLAY', ':0'), ('LANG', 'C.UTF-8'), ('RMW_IMPLEMENTATION', 'rmw_fastrtps_cpp'), ('ROS_DOMAIN_ID', '0'), ('AMENT_PREFIX_PATH', '/opt/ros/foxy'), ('PWD', '/root/lidar_system/build/servo_control'), ('LC_ALL', 'C.UTF-8'), ('PYTHONPATH', '/opt/ros/foxy/lib/python3.8/site-packages'), ('COLCON', '1'), ('CMAKE_PREFIX_PATH', '/opt/ros/foxy')]), 'shell': False}
[0.199964] (-) TimerEvent: {}
[0.300305] (-) TimerEvent: {}
[0.400645] (-) TimerEvent: {}
[0.501083] (-) TimerEvent: {}
[0.601436] (-) TimerEvent: {}
[0.701928] (-) TimerEvent: {}
[0.716351] (servo_control) StdoutLine: {'line': b'[ 33%] Built target scan_sequence_node\n'}
[0.716997] (rplidar_ros) StdoutLine: {'line': b'[  5%] Built target rplidar_client\n'}
[0.802211] (-) TimerEvent: {}
[0.868999] (servo_control) StdoutLine: {'line': b'[ 66%] Built target dynamic_tf_broadcaster\n'}
[0.870068] (rplidar_ros) StdoutLine: {'line': b'[ 52%] Built target rplidar_node\n'}
[0.902448] (-) TimerEvent: {}
[1.003081] (-) TimerEvent: {}
[1.028219] (rplidar_ros) StdoutLine: {'line': b'[100%] Built target rplidar_composition\n'}
[1.042808] (servo_control) StdoutLine: {'line': b'[100%] Built target lidar_pointcloud_node\n'}
[1.070860] (rplidar_ros) CommandEnded: {'returncode': 0}
[1.085631] (servo_control) CommandEnded: {'returncode': 0}
[1.103343] (-) TimerEvent: {}
[1.197116] (servo_control) JobProgress: {'identifier': 'servo_control', 'progress': 'install'}
[1.203585] (-) TimerEvent: {}
[1.236552] (servo_control) Command: {'cmd': ['/usr/bin/cmake', '--install', '/root/lidar_system/build/servo_control'], 'cwd': '/root/lidar_system/build/servo_control', 'env': OrderedDict([('HOSTNAME', 'ubuntu-desktop'), ('SHLVL', '1'), ('LD_LIBRARY_PATH', '/opt/ros/foxy/opt/yaml_cpp_vendor/lib:/opt/ros/foxy/opt/rviz_ogre_vendor/lib:/opt/ros/foxy/lib/aarch64-linux-gnu:/opt/ros/foxy/lib'), ('HOME', '/root'), ('OLDPWD', '/'), ('ROS_PYTHON_VERSION', '3'), ('ROS_DISTRO', 'foxy'), ('_', '/usr/bin/colcon'), ('ROS_VERSION', '2'), ('ROS_LOCALHOST_ONLY', '0'), ('QT_X11_NO_MITSHM', '1'), ('PATH', '/opt/ros/foxy/bin:/usr/local/sbin:/usr/local/bin:/usr/sbin:/usr/bin:/sbin:/bin'), ('FASTRTPS_DEFAULT_PROFILES_FILE', '/fastdds.xml'), ('DISPLAY', ':0'), ('LANG', 'C.UTF-8'), ('RMW_IMPLEMENTATION', 'rmw_fastrtps_cpp'), ('ROS_DOMAIN_ID', '0'), ('AMENT_PREFIX_PATH', '/opt/ros/foxy'), ('PWD', '/root/lidar_system/build/servo_control'), ('LC_ALL', 'C.UTF-8'), ('PYTHONPATH', '/opt/ros/foxy/lib/python3.8/site-packages'), ('COLCON', '1'), ('CMAKE_PREFIX_PATH', '/opt/ros/foxy')]), 'shell': False}
[1.274644] (rplidar_ros) JobProgress: {'identifier': 'rplidar_ros', 'progress': 'install'}
[1.275928] (rplidar_ros) Command: {'cmd': ['/usr/bin/cmake', '--install', '/root/lidar_system/build/rplidar_ros'], 'cwd': '/root/lidar_system/build/rplidar_ros', 'env': OrderedDict([('HOSTNAME', 'ubuntu-desktop'), ('SHLVL', '1'), ('LD_LIBRARY_PATH', '/opt/ros/foxy/opt/yaml_cpp_vendor/lib:/opt/ros/foxy/opt/rviz_ogre_vendor/lib:/opt/ros/foxy/lib/aarch64-linux-gnu:/opt/ros/foxy/lib'), ('HOME', '/root'), ('OLDPWD', '/'), ('ROS_PYTHON_VERSION', '3'), ('ROS_DISTRO', 'foxy'), ('_', '/usr/bin/colcon'), ('ROS_VERSION', '2'), ('ROS_LOCALHOST_ONLY', '0'), ('QT_X11_NO_MITSHM', '1'), ('PATH', '/opt/ros/foxy/bin:/usr/local/sbin:/usr/local/bin:/usr/sbin:/usr/bin:/sbin:/bin'), ('FASTRTPS_DEFAULT_PROFILES_FILE', '/fastdds.xml'), ('DISPLAY', ':0'), ('LANG', 'C.UTF-8'), ('RMW_IMPLEMENTATION', 'rmw_fastrtps_cpp'), ('ROS_DOMAIN_ID', '0'), ('AMENT_PREFIX_PATH', '/opt/ros/foxy'), ('PWD', '/root/lidar_system/build/rplidar_ros'), ('LC_ALL', 'C.UTF-8'), ('PYTHONPATH', '/opt/ros/foxy/lib/python3.8/site-packages'), ('COLCON', '1'), ('CMAKE_PREFIX_PATH', '/opt/ros/foxy')]), 'shell': False}
[1.286242] (servo_control) StdoutLine: {'line': b'-- Install configuration: ""\n'}
[1.286853] (servo_control) StdoutLine: {'line': b'-- Up-to-date: /root/lidar_system/install/servo_control/lib/servo_control/dynamic_tf_broadcaster\n'}
[1.287233] (servo_control) StdoutLine: {'line': b'-- Up-to-date: /root/lidar_system/install/servo_control/lib/servo_control/lidar_pointcloud_node\n'}
[1.287579] (servo_control) StdoutLine: {'line': b'-- Up-to-date: /root/lidar_system/install/servo_control/lib/servo_control/scan_sequence_node\n'}
[1.287920] (servo_control) StdoutLine: {'line': b'-- Up-to-date: /root/lidar_system/install/servo_control/share/servo_control/environment/pythonpath.sh\n'}
[1.288264] (servo_control) StdoutLine: {'line': b'-- Up-to-date: /root/lidar_system/install/servo_control/share/servo_control/environment/pythonpath.dsv\n'}
[1.288604] (servo_control) StdoutLine: {'line': b'-- Up-to-date: /root/lidar_system/install/servo_control/lib/python3.8/site-packages/servo_control\n'}
[1.288936] (servo_control) StdoutLine: {'line': b'-- Up-to-date: /root/lidar_system/install/servo_control/lib/python3.8/site-packages/servo_control/__init__.py\n'}
[1.303781] (-) TimerEvent: {}
[1.316430] (rplidar_ros) StdoutLine: {'line': b'-- Install configuration: ""\n'}
[1.317167] (rplidar_ros) StdoutLine: {'line': b'-- Up-to-date: /root/lidar_system/install/rplidar_ros/share/rplidar_ros/launch\n'}
[1.317578] (rplidar_ros) StdoutLine: {'line': b'-- Up-to-date: /root/lidar_system/install/rplidar_ros/share/rplidar_ros/launch/rplidar_a3_launch.py\n'}
[1.318013] (rplidar_ros) StdoutLine: {'line': b'-- Up-to-date: /root/lidar_system/install/rplidar_ros/share/rplidar_ros/launch/view_rplidar_a2m8_launch.py\n'}
[1.318423] (rplidar_ros) StdoutLine: {'line': b'-- Up-to-date: /root/lidar_system/install/rplidar_ros/share/rplidar_ros/launch/view_rplidar_a2m7_launch.py\n'}
[1.318823] (rplidar_ros) StdoutLine: {'line': b'-- Up-to-date: /root/lidar_system/install/rplidar_ros/share/rplidar_ros/launch/rplidar_s2_launch.py\n'}
[1.319250] (rplidar_ros) StdoutLine: {'line': b'-- Up-to-date: /root/lidar_system/install/rplidar_ros/share/rplidar_ros/launch/rplidar_s1_tcp_launch.py\n'}
[1.319627] (rplidar_ros) StdoutLine: {'line': b'-- Up-to-date: /root/lidar_system/install/rplidar_ros/share/rplidar_ros/launch/view_rplidar_a1_launch.py\n'}
[1.319996] (rplidar_ros) StdoutLine: {'line': b'-- Up-to-date: /root/lidar_system/install/rplidar_ros/share/rplidar_ros/launch/rplidar_t1_launch.py\n'}
[1.320366] (rplidar_ros) StdoutLine: {'line': b'-- Up-to-date: /root/lidar_system/install/rplidar_ros/share/rplidar_ros/launch/system_launch.py\n'}
[1.320733] (rplidar_ros) StdoutLine: {'line': b'-- Up-to-date: /root/lidar_system/install/rplidar_ros/share/rplidar_ros/launch/rplidar_a1_launch.py\n'}
[1.321094] (rplidar_ros) StdoutLine: {'line': b'-- Up-to-date: /root/lidar_system/install/rplidar_ros/share/rplidar_ros/launch/view_rplidar_s1_launch.py\n'}
[1.321452] (rplidar_ros) StdoutLine: {'line': b'-- Up-to-date: /root/lidar_system/install/rplidar_ros/share/rplidar_ros/launch/view_rplidar_s2_launch.py\n'}
[1.321860] (rplidar_ros) StdoutLine: {'line': b'-- Up-to-date: /root/lidar_system/install/rplidar_ros/share/rplidar_ros/launch/view_rplidar_s2e_launch.py\n'}
[1.322276] (rplidar_ros) StdoutLine: {'line': b'-- Up-to-date: /root/lidar_system/install/rplidar_ros/share/rplidar_ros/launch/view_rplidar_a2m12_launch.py\n'}
[1.322636] (rplidar_ros) StdoutLine: {'line': b'-- Up-to-date: /root/lidar_system/install/rplidar_ros/share/rplidar_ros/launch/rplidar_a2m7_launch.py\n'}
[1.322983] (rplidar_ros) StdoutLine: {'line': b'-- Up-to-date: /root/lidar_system/install/rplidar_ros/share/rplidar_ros/launch/rplidar_s2e_launch.py\n'}
[1.323362] (rplidar_ros) StdoutLine: {'line': b'-- Up-to-date: /root/lidar_system/install/rplidar_ros/share/rplidar_ros/launch/view_rplidar_s1_tcp_launch.py\n'}
[1.323714] (rplidar_ros) StdoutLine: {'line': b'-- Up-to-date: /root/lidar_system/install/rplidar_ros/share/rplidar_ros/launch/rplidar_a2m12_launch.py\n'}
[1.324076] (rplidar_ros) StdoutLine: {'line': b'-- Up-to-date: /root/lidar_system/install/rplidar_ros/share/rplidar_ros/launch/rplidar_s1_launch.py\n'}
[1.324436] (rplidar_ros) StdoutLine: {'line': b'-- Up-to-date: /root/lidar_system/install/rplidar_ros/share/rplidar_ros/launch/__pycache__\n'}
[1.324783] (rplidar_ros) StdoutLine: {'line': b'-- Installing: /root/lidar_system/install/rplidar_ros/share/rplidar_ros/launch/__pycache__/system_launch.cpython-38.pyc\n'}
[1.326936] (rplidar_ros) StdoutLine: {'line': b'-- Up-to-date: /root/lidar_system/install/rplidar_ros/share/rplidar_ros/launch/rplidar_s3_launch.py\n'}
[1.327566] (rplidar_ros) StdoutLine: {'line': b'-- Up-to-date: /root/lidar_system/install/rplidar_ros/share/rplidar_ros/launch/rplidar_a2m8_launch.py\n'}
[1.327974] (rplidar_ros) StdoutLine: {'line': b'-- Up-to-date: /root/lidar_system/install/rplidar_ros/share/rplidar_ros/launch/view_rplidar_t1_launch.py\n'}
[1.328343] (rplidar_ros) StdoutLine: {'line': b'-- Up-to-date: /root/lidar_system/install/rplidar_ros/share/rplidar_ros/launch/view_rplidar_a3_launch.py\n'}
[1.328709] (rplidar_ros) StdoutLine: {'line': b'-- Up-to-date: /root/lidar_system/install/rplidar_ros/share/rplidar_ros/launch/rplidar_c1_launch.py\n'}
[1.329091] (rplidar_ros) StdoutLine: {'line': b'-- Up-to-date: /root/lidar_system/install/rplidar_ros/share/rplidar_ros/launch/view_rplidar_s3_launch.py\n'}
[1.330454] (rplidar_ros) StdoutLine: {'line': b'-- Up-to-date: /root/lidar_system/install/rplidar_ros/share/rplidar_ros/launch/view_rplidar_c1_launch.py\n'}
[1.330926] (rplidar_ros) StdoutLine: {'line': b'-- Up-to-date: /root/lidar_system/install/rplidar_ros/share/rplidar_ros/rviz\n'}
[1.331336] (rplidar_ros) StdoutLine: {'line': b'-- Up-to-date: /root/lidar_system/install/rplidar_ros/share/rplidar_ros/rviz/rplidar_ros.rviz\n'}
[1.331729] (rplidar_ros) StdoutLine: {'line': b'-- Up-to-date: /root/lidar_system/install/rplidar_ros/lib/rplidar_ros/rplidar_node\n'}
[1.332164] (rplidar_ros) StdoutLine: {'line': b'-- Up-to-date: /root/lidar_system/install/rplidar_ros/lib/rplidar_ros/rplidar_composition\n'}
[1.332652] (rplidar_ros) StdoutLine: {'line': b'-- Up-to-date: /root/lidar_system/install/rplidar_ros/lib/rplidar_ros/rplidar_client\n'}
[1.333935] (rplidar_ros) StdoutLine: {'line': b'-- Up-to-date: /root/lidar_system/install/rplidar_ros/share/ament_index/resource_index/package_run_dependencies/rplidar_ros\n'}
[1.334441] (rplidar_ros) StdoutLine: {'line': b'-- Up-to-date: /root/lidar_system/install/rplidar_ros/share/ament_index/resource_index/parent_prefix_path/rplidar_ros\n'}
[1.336133] (rplidar_ros) StdoutLine: {'line': b'-- Up-to-date: /root/lidar_system/install/rplidar_ros/share/rplidar_ros/environment/ament_prefix_path.sh\n'}
[1.340349] (rplidar_ros) StdoutLine: {'line': b'-- Up-to-date: /root/lidar_system/install/rplidar_ros/share/rplidar_ros/environment/ament_prefix_path.dsv\n'}
[1.343290] (rplidar_ros) StdoutLine: {'line': b'-- Up-to-date: /root/lidar_system/install/rplidar_ros/share/rplidar_ros/environment/path.sh\n'}
[1.343900] (rplidar_ros) StdoutLine: {'line': b'-- Up-to-date: /root/lidar_system/install/rplidar_ros/share/rplidar_ros/environment/path.dsv\n'}
[1.344660] (rplidar_ros) StdoutLine: {'line': b'-- Up-to-date: /root/lidar_system/install/rplidar_ros/share/rplidar_ros/local_setup.bash\n'}
[1.345936] (rplidar_ros) StdoutLine: {'line': b'-- Up-to-date: /root/lidar_system/install/rplidar_ros/share/rplidar_ros/local_setup.sh\n'}
[1.346833] (rplidar_ros) StdoutLine: {'line': b'-- Up-to-date: /root/lidar_system/install/rplidar_ros/share/rplidar_ros/local_setup.zsh\n'}
[1.347358] (rplidar_ros) StdoutLine: {'line': b'-- Up-to-date: /root/lidar_system/install/rplidar_ros/share/rplidar_ros/local_setup.dsv\n'}
[1.348051] (rplidar_ros) StdoutLine: {'line': b'-- Installing: /root/lidar_system/install/rplidar_ros/share/rplidar_ros/package.dsv\n'}
[1.348519] (rplidar_ros) StdoutLine: {'line': b'-- Up-to-date: /root/lidar_system/install/rplidar_ros/share/ament_index/resource_index/packages/rplidar_ros\n'}
[1.349158] (rplidar_ros) StdoutLine: {'line': b'-- Up-to-date: /root/lidar_system/install/rplidar_ros/share/rplidar_ros/cmake/ament_cmake_export_dependencies-extras.cmake\n'}
[1.349556] (rplidar_ros) StdoutLine: {'line': b'-- Up-to-date: /root/lidar_system/install/rplidar_ros/share/rplidar_ros/cmake/ament_cmake_export_include_directories-extras.cmake\n'}
[1.350359] (rplidar_ros) StdoutLine: {'line': b'-- Up-to-date: /root/lidar_system/install/rplidar_ros/share/rplidar_ros/cmake/rplidar_rosConfig.cmake\n'}
[1.352782] (rplidar_ros) StdoutLine: {'line': b'-- Up-to-date: /root/lidar_system/install/rplidar_ros/share/rplidar_ros/cmake/rplidar_rosConfig-version.cmake\n'}
[1.353410] (rplidar_ros) StdoutLine: {'line': b'-- Up-to-date: /root/lidar_system/install/rplidar_ros/share/rplidar_ros/package.xml\n'}
[1.354030] (rplidar_ros) CommandEnded: {'returncode': 0}
[1.403944] (-) TimerEvent: {}
[1.434744] (servo_control) StdoutLine: {'line': b"Listing '/root/lidar_system/install/servo_control/lib/python3.8/site-packages/servo_control'...\n"}
[1.435665] (servo_control) StdoutLine: {'line': b'-- Up-to-date: /root/lidar_system/install/servo_control/lib/servo_control/servo_motor_node.py\n'}
[1.436171] (servo_control) StdoutLine: {'line': b'-- Installing: /root/lidar_system/install/servo_control/lib/servo_control/lidar_bbox_open3d.py\n'}
[1.436637] (servo_control) StdoutLine: {'line': b'-- Up-to-date: /root/lidar_system/install/servo_control/share/ament_index/resource_index/package_run_dependencies/servo_control\n'}
[1.437092] (servo_control) StdoutLine: {'line': b'-- Up-to-date: /root/lidar_system/install/servo_control/share/ament_index/resource_index/parent_prefix_path/servo_control\n'}
[1.437538] (servo_control) StdoutLine: {'line': b'-- Up-to-date: /root/lidar_system/install/servo_control/share/servo_control/environment/ament_prefix_path.sh\n'}
[1.438117] (servo_control) StdoutLine: {'line': b'-- Up-to-date: /root/lidar_system/install/servo_control/share/servo_control/environment/ament_prefix_path.dsv\n'}
[1.438646] (servo_control) StdoutLine: {'line': b'-- Up-to-date: /root/lidar_system/install/servo_control/share/servo_control/environment/path.sh\n'}
[1.439069] (servo_control) StdoutLine: {'line': b'-- Up-to-date: /root/lidar_system/install/servo_control/share/servo_control/environment/path.dsv\n'}
[1.439461] (servo_control) StdoutLine: {'line': b'-- Up-to-date: /root/lidar_system/install/servo_control/share/servo_control/local_setup.bash\n'}
[1.439893] (servo_control) StdoutLine: {'line': b'-- Up-to-date: /root/lidar_system/install/servo_control/share/servo_control/local_setup.sh\n'}
[1.440307] (servo_control) StdoutLine: {'line': b'-- Up-to-date: /root/lidar_system/install/servo_control/share/servo_control/local_setup.zsh\n'}
[1.440774] (servo_control) StdoutLine: {'line': b'-- Up-to-date: /root/lidar_system/install/servo_control/share/servo_control/local_setup.dsv\n'}
[1.441200] (servo_control) StdoutLine: {'line': b'-- Installing: /root/lidar_system/install/servo_control/share/servo_control/package.dsv\n'}
[1.447694] (servo_control) StdoutLine: {'line': b'-- Up-to-date: /root/lidar_system/install/servo_control/share/ament_index/resource_index/packages/servo_control\n'}
[1.449859] (servo_control) StdoutLine: {'line': b'-- Up-to-date: /root/lidar_system/install/servo_control/share/servo_control/cmake/servo_controlConfig.cmake\n'}
[1.451136] (servo_control) StdoutLine: {'line': b'-- Up-to-date: /root/lidar_system/install/servo_control/share/servo_control/cmake/servo_controlConfig-version.cmake\n'}
[1.451681] (servo_control) StdoutLine: {'line': b'-- Up-to-date: /root/lidar_system/install/servo_control/share/servo_control/package.xml\n'}
[1.467199] (servo_control) CommandEnded: {'returncode': 0}
[1.504178] (-) TimerEvent: {}
[1.605950] (-) TimerEvent: {}
[1.685985] (rplidar_ros) JobEnded: {'identifier': 'rplidar_ros', 'rc': 0}
[1.707997] (-) TimerEvent: {}
[1.761147] (servo_control) JobEnded: {'identifier': 'servo_control', 'rc': 0}
[1.763955] (-) EventReactorShutdown: {}
