[0.080s] Invoking command in '/root/lidar_system/build/servo_control': CMAKE_PREFIX_PATH=/opt/ros/foxy /usr/bin/cmake --build /root/lidar_system/build/servo_control -- -j4 -l4
[0.554s] [ 33%] Built target dynamic_tf_broadcaster
[0.570s] [ 66%] Built target scan_sequence_node
[0.580s] [100%] Built target lidar_pointcloud_node
[0.625s] Invoked command in '/root/lidar_system/build/servo_control' returned '0': CMAKE_PREFIX_PATH=/opt/ros/foxy /usr/bin/cmake --build /root/lidar_system/build/servo_control -- -j4 -l4
[0.806s] Invoking command in '/root/lidar_system/build/servo_control': CMAKE_PREFIX_PATH=/opt/ros/foxy /usr/bin/cmake --install /root/lidar_system/build/servo_control
[0.841s] -- Install configuration: ""
[0.843s] -- Up-to-date: /root/lidar_system/install/servo_control/lib/servo_control/dynamic_tf_broadcaster
[0.844s] -- Up-to-date: /root/lidar_system/install/servo_control/lib/servo_control/lidar_pointcloud_node
[0.846s] -- Up-to-date: /root/lidar_system/install/servo_control/lib/servo_control/scan_sequence_node
[0.847s] -- Up-to-date: /root/lidar_system/install/servo_control/share/servo_control/environment/pythonpath.sh
[0.848s] -- Up-to-date: /root/lidar_system/install/servo_control/share/servo_control/environment/pythonpath.dsv
[0.848s] -- Up-to-date: /root/lidar_system/install/servo_control/lib/python3.8/site-packages/servo_control
[0.849s] -- Up-to-date: /root/lidar_system/install/servo_control/lib/python3.8/site-packages/servo_control/__init__.py
[1.027s] Listing '/root/lidar_system/install/servo_control/lib/python3.8/site-packages/servo_control'...
[1.027s] -- Up-to-date: /root/lidar_system/install/servo_control/lib/servo_control/servo_motor_node.py
[1.028s] -- Up-to-date: /root/lidar_system/install/servo_control/share/ament_index/resource_index/package_run_dependencies/servo_control
[1.028s] -- Up-to-date: /root/lidar_system/install/servo_control/share/ament_index/resource_index/parent_prefix_path/servo_control
[1.029s] -- Up-to-date: /root/lidar_system/install/servo_control/share/servo_control/environment/ament_prefix_path.sh
[1.030s] -- Up-to-date: /root/lidar_system/install/servo_control/share/servo_control/environment/ament_prefix_path.dsv
[1.032s] -- Up-to-date: /root/lidar_system/install/servo_control/share/servo_control/environment/path.sh
[1.033s] -- Up-to-date: /root/lidar_system/install/servo_control/share/servo_control/environment/path.dsv
[1.033s] -- Up-to-date: /root/lidar_system/install/servo_control/share/servo_control/local_setup.bash
[1.040s] -- Up-to-date: /root/lidar_system/install/servo_control/share/servo_control/local_setup.sh
[1.040s] -- Up-to-date: /root/lidar_system/install/servo_control/share/servo_control/local_setup.zsh
[1.041s] -- Up-to-date: /root/lidar_system/install/servo_control/share/servo_control/local_setup.dsv
[1.042s] -- Installing: /root/lidar_system/install/servo_control/share/servo_control/package.dsv
[1.043s] -- Up-to-date: /root/lidar_system/install/servo_control/share/ament_index/resource_index/packages/servo_control
[1.044s] -- Up-to-date: /root/lidar_system/install/servo_control/share/servo_control/cmake/servo_controlConfig.cmake
[1.044s] -- Up-to-date: /root/lidar_system/install/servo_control/share/servo_control/cmake/servo_controlConfig-version.cmake
[1.045s] -- Up-to-date: /root/lidar_system/install/servo_control/share/servo_control/package.xml
[1.118s] Invoked command in '/root/lidar_system/build/servo_control' returned '0': CMAKE_PREFIX_PATH=/opt/ros/foxy /usr/bin/cmake --install /root/lidar_system/build/servo_control
