[0.065s] Invoking command in '/root/lidar_system/build/servo_control': CMAKE_PREFIX_PATH=/opt/ros/foxy /usr/bin/cmake --build /root/lidar_system/build/servo_control -- -j4 -l4
[0.438s] Scanning dependencies of target dynamic_tf_broadcaster
[0.441s] [ 33%] Built target scan_sequence_node
[0.519s] [ 50%] Building CXX object CMakeFiles/dynamic_tf_broadcaster.dir/src/dynamic_tf_broadcaster.cpp.o
[0.528s] [ 83%] Built target lidar_pointcloud_node
[25.175s] [100%] Linking CXX executable dynamic_tf_broadcaster
[26.480s] [100%] Built target dynamic_tf_broadcaster
[26.519s] Invoked command in '/root/lidar_system/build/servo_control' returned '0': CMAKE_PREFIX_PATH=/opt/ros/foxy /usr/bin/cmake --build /root/lidar_system/build/servo_control -- -j4 -l4
[26.608s] Invoking command in '/root/lidar_system/build/servo_control': CMAKE_PREFIX_PATH=/opt/ros/foxy /usr/bin/cmake --install /root/lidar_system/build/servo_control
[26.643s] -- Install configuration: ""
[26.644s] -- Installing: /root/lidar_system/install/servo_control/lib/servo_control/dynamic_tf_broadcaster
[26.655s] -- Set runtime path of "/root/lidar_system/install/servo_control/lib/servo_control/dynamic_tf_broadcaster" to ""
[26.656s] -- Up-to-date: /root/lidar_system/install/servo_control/lib/servo_control/lidar_pointcloud_node
[26.657s] -- Up-to-date: /root/lidar_system/install/servo_control/lib/servo_control/scan_sequence_node
[26.658s] -- Up-to-date: /root/lidar_system/install/servo_control/share/servo_control/environment/pythonpath.sh
[26.659s] -- Up-to-date: /root/lidar_system/install/servo_control/share/servo_control/environment/pythonpath.dsv
[26.659s] -- Up-to-date: /root/lidar_system/install/servo_control/lib/python3.8/site-packages/servo_control
[26.659s] -- Up-to-date: /root/lidar_system/install/servo_control/lib/python3.8/site-packages/servo_control/__init__.py
[26.777s] Listing '/root/lidar_system/install/servo_control/lib/python3.8/site-packages/servo_control'...
[26.800s] -- Up-to-date: /root/lidar_system/install/servo_control/lib/servo_control/servo_motor_node.py
[26.801s] -- Up-to-date: /root/lidar_system/install/servo_control/share/ament_index/resource_index/package_run_dependencies/servo_control
[26.801s] -- Up-to-date: /root/lidar_system/install/servo_control/share/ament_index/resource_index/parent_prefix_path/servo_control
[26.802s] -- Up-to-date: /root/lidar_system/install/servo_control/share/servo_control/environment/ament_prefix_path.sh
[26.802s] -- Up-to-date: /root/lidar_system/install/servo_control/share/servo_control/environment/ament_prefix_path.dsv
[26.803s] -- Up-to-date: /root/lidar_system/install/servo_control/share/servo_control/environment/path.sh
[26.803s] -- Up-to-date: /root/lidar_system/install/servo_control/share/servo_control/environment/path.dsv
[26.803s] -- Up-to-date: /root/lidar_system/install/servo_control/share/servo_control/local_setup.bash
[26.804s] -- Up-to-date: /root/lidar_system/install/servo_control/share/servo_control/local_setup.sh
[26.804s] -- Up-to-date: /root/lidar_system/install/servo_control/share/servo_control/local_setup.zsh
[26.805s] -- Up-to-date: /root/lidar_system/install/servo_control/share/servo_control/local_setup.dsv
[26.807s] -- Installing: /root/lidar_system/install/servo_control/share/servo_control/package.dsv
[26.813s] -- Up-to-date: /root/lidar_system/install/servo_control/share/ament_index/resource_index/packages/servo_control
[26.821s] -- Up-to-date: /root/lidar_system/install/servo_control/share/servo_control/cmake/servo_controlConfig.cmake
[26.822s] -- Up-to-date: /root/lidar_system/install/servo_control/share/servo_control/cmake/servo_controlConfig-version.cmake
[26.823s] -- Up-to-date: /root/lidar_system/install/servo_control/share/servo_control/package.xml
[26.823s] Invoked command in '/root/lidar_system/build/servo_control' returned '0': CMAKE_PREFIX_PATH=/opt/ros/foxy /usr/bin/cmake --install /root/lidar_system/build/servo_control
