[1.389s] DEBUG:colcon:Command line arguments: ['/usr/bin/colcon', 'build']
[1.389s] DEBUG:colcon:Parsed command line arguments: Namespace(ament_cmake_args=None, base_paths=['.'], build_base='build', catkin_cmake_args=None, catkin_skip_building_tests=False, cmake_args=None, cmake_clean_cache=False, cmake_clean_first=False, cmake_force_configure=False, cmake_target=None, cmake_target_skip_unavailable=False, continue_on_error=False, event_handlers=None, executor='parallel', ignore_user_meta=False, install_base='install', log_base=None, log_level=None, main=<bound method BuildVerb.main of <colcon_core.verb.build.BuildVerb object at 0x7f8dbe6220>>, merge_install=False, metas=['./colcon.meta'], mixin=None, mixin_files=None, mixin_verb=('build',), packages_above=None, packages_above_and_dependencies=None, packages_above_depth=None, packages_end=None, packages_ignore=None, packages_ignore_regex=None, packages_select=None, packages_select_build_failed=False, packages_select_by_dep=None, packages_select_regex=None, packages_select_test_failures=False, packages_skip=None, packages_skip_build_finished=False, packages_skip_by_dep=None, packages_skip_regex=None, packages_skip_test_passed=False, packages_skip_up_to=None, packages_start=None, packages_up_to=None, packages_up_to_regex=None, parallel_workers=4, paths=None, symlink_install=False, test_result_base=None, verb_extension=<colcon_core.verb.build.BuildVerb object at 0x7f8dbe6220>, verb_name='build', verb_parser=<colcon_mixin.mixin.mixin_argument.MixinArgumentDecorator object at 0x7f8dbe6880>)
[1.502s] Level 1:colcon.colcon_core.package_discovery:discover_packages(colcon_meta) check parameters
[1.505s] INFO:colcon.colcon_metadata.package_discovery.colcon_meta:Using configuration from '/root/.colcon/metadata/default/Gazebo.meta'
[1.507s] INFO:colcon.colcon_metadata.package_discovery.colcon_meta:Using configuration from '/root/.colcon/metadata/default/fastdds.meta'
[1.509s] INFO:colcon.colcon_metadata.package_discovery.colcon_meta:Using configuration from '/root/.colcon/metadata/default/fastrtps.meta'
[1.510s] Level 1:colcon.colcon_core.package_discovery:discover_packages(recursive) check parameters
[1.510s] Level 1:colcon.colcon_core.package_discovery:discover_packages(ignore) check parameters
[1.510s] Level 1:colcon.colcon_core.package_discovery:discover_packages(path) check parameters
[1.510s] Level 1:colcon.colcon_core.package_discovery:discover_packages(colcon_meta) discover
[1.510s] Level 1:colcon.colcon_core.package_discovery:discover_packages(recursive) discover
[1.510s] INFO:colcon.colcon_core.package_discovery:Crawling recursively for packages in '/root/lidar_system'
[1.511s] Level 1:colcon.colcon_core.package_identification:_identify(.) by extensions ['ignore', 'ignore_ament_install']
[1.511s] Level 1:colcon.colcon_core.package_identification:_identify(.) by extension 'ignore'
[1.511s] Level 1:colcon.colcon_core.package_identification:_identify(.) by extension 'ignore_ament_install'
[1.512s] Level 1:colcon.colcon_core.package_identification:_identify(.) by extensions ['colcon_pkg']
[1.512s] Level 1:colcon.colcon_core.package_identification:_identify(.) by extension 'colcon_pkg'
[1.512s] Level 1:colcon.colcon_core.package_identification:_identify(.) by extensions ['colcon_meta']
[1.512s] Level 1:colcon.colcon_core.package_identification:_identify(.) by extension 'colcon_meta'
[1.512s] Level 1:colcon.colcon_core.package_identification:_identify(.) by extensions ['ros']
[1.512s] Level 1:colcon.colcon_core.package_identification:_identify(.) by extension 'ros'
[1.598s] Level 1:colcon.colcon_core.package_identification:_identify(.) by extensions ['cmake', 'python']
[1.599s] Level 1:colcon.colcon_core.package_identification:_identify(.) by extension 'cmake'
[1.599s] Level 1:colcon.colcon_core.package_identification:_identify(.) by extension 'python'
[1.599s] Level 1:colcon.colcon_core.package_identification:_identify(.) by extensions ['python_setup_py']
[1.599s] Level 1:colcon.colcon_core.package_identification:_identify(.) by extension 'python_setup_py'
[1.600s] Level 1:colcon.colcon_core.package_identification:_identify(build) by extensions ['ignore', 'ignore_ament_install']
[1.600s] Level 1:colcon.colcon_core.package_identification:_identify(build) by extension 'ignore'
[1.601s] Level 1:colcon.colcon_core.package_identification:_identify(build) ignored
[1.601s] Level 1:colcon.colcon_core.package_identification:_identify(install) by extensions ['ignore', 'ignore_ament_install']
[1.602s] Level 1:colcon.colcon_core.package_identification:_identify(install) by extension 'ignore'
[1.602s] Level 1:colcon.colcon_core.package_identification:_identify(install) ignored
[1.602s] Level 1:colcon.colcon_core.package_identification:_identify(log) by extensions ['ignore', 'ignore_ament_install']
[1.603s] Level 1:colcon.colcon_core.package_identification:_identify(log) by extension 'ignore'
[1.603s] Level 1:colcon.colcon_core.package_identification:_identify(log) ignored
[1.603s] Level 1:colcon.colcon_core.package_identification:_identify(rplidar_ros) by extensions ['ignore', 'ignore_ament_install']
[1.604s] Level 1:colcon.colcon_core.package_identification:_identify(rplidar_ros) by extension 'ignore'
[1.604s] Level 1:colcon.colcon_core.package_identification:_identify(rplidar_ros) by extension 'ignore_ament_install'
[1.605s] Level 1:colcon.colcon_core.package_identification:_identify(rplidar_ros) by extensions ['colcon_pkg']
[1.605s] Level 1:colcon.colcon_core.package_identification:_identify(rplidar_ros) by extension 'colcon_pkg'
[1.605s] Level 1:colcon.colcon_core.package_identification:_identify(rplidar_ros) by extensions ['colcon_meta']
[1.605s] Level 1:colcon.colcon_core.package_identification:_identify(rplidar_ros) by extension 'colcon_meta'
[1.605s] Level 1:colcon.colcon_core.package_identification:_identify(rplidar_ros) by extensions ['ros']
[1.605s] Level 1:colcon.colcon_core.package_identification:_identify(rplidar_ros) by extension 'ros'
[1.616s] DEBUG:colcon.colcon_core.package_identification:Package 'rplidar_ros' with type 'ros.ament_cmake' and name 'rplidar_ros'
[1.616s] Level 1:colcon.colcon_core.package_identification:_identify(servo_control) by extensions ['ignore', 'ignore_ament_install']
[1.617s] Level 1:colcon.colcon_core.package_identification:_identify(servo_control) by extension 'ignore'
[1.617s] Level 1:colcon.colcon_core.package_identification:_identify(servo_control) by extension 'ignore_ament_install'
[1.617s] Level 1:colcon.colcon_core.package_identification:_identify(servo_control) by extensions ['colcon_pkg']
[1.617s] Level 1:colcon.colcon_core.package_identification:_identify(servo_control) by extension 'colcon_pkg'
[1.618s] Level 1:colcon.colcon_core.package_identification:_identify(servo_control) by extensions ['colcon_meta']
[1.618s] Level 1:colcon.colcon_core.package_identification:_identify(servo_control) by extension 'colcon_meta'
[1.618s] Level 1:colcon.colcon_core.package_identification:_identify(servo_control) by extensions ['ros']
[1.618s] Level 1:colcon.colcon_core.package_identification:_identify(servo_control) by extension 'ros'
[1.623s] DEBUG:colcon.colcon_core.package_identification:Package 'servo_control' with type 'ros.ament_cmake' and name 'servo_control'
[1.623s] Level 1:colcon.colcon_core.package_discovery:discover_packages(recursive) using defaults
[1.623s] Level 1:colcon.colcon_core.package_discovery:discover_packages(ignore) discover
[1.624s] Level 1:colcon.colcon_core.package_discovery:discover_packages(ignore) using defaults
[1.624s] Level 1:colcon.colcon_core.package_discovery:discover_packages(path) discover
[1.624s] Level 1:colcon.colcon_core.package_discovery:discover_packages(path) using defaults
[1.712s] Level 5:colcon.colcon_core.verb:set package 'rplidar_ros' build argument 'cmake_args' from command line to 'None'
[1.713s] Level 5:colcon.colcon_core.verb:set package 'rplidar_ros' build argument 'cmake_target' from command line to 'None'
[1.713s] Level 5:colcon.colcon_core.verb:set package 'rplidar_ros' build argument 'cmake_target_skip_unavailable' from command line to 'False'
[1.713s] Level 5:colcon.colcon_core.verb:set package 'rplidar_ros' build argument 'cmake_clean_cache' from command line to 'False'
[1.713s] Level 5:colcon.colcon_core.verb:set package 'rplidar_ros' build argument 'cmake_clean_first' from command line to 'False'
[1.713s] Level 5:colcon.colcon_core.verb:set package 'rplidar_ros' build argument 'cmake_force_configure' from command line to 'False'
[1.713s] Level 5:colcon.colcon_core.verb:set package 'rplidar_ros' build argument 'ament_cmake_args' from command line to 'None'
[1.713s] Level 5:colcon.colcon_core.verb:set package 'rplidar_ros' build argument 'catkin_cmake_args' from command line to 'None'
[1.714s] Level 5:colcon.colcon_core.verb:set package 'rplidar_ros' build argument 'catkin_skip_building_tests' from command line to 'False'
[1.714s] DEBUG:colcon.colcon_core.verb:Building package 'rplidar_ros' with the following arguments: {'ament_cmake_args': None, 'build_base': '/root/lidar_system/build/rplidar_ros', 'catkin_cmake_args': None, 'catkin_skip_building_tests': False, 'cmake_args': None, 'cmake_clean_cache': False, 'cmake_clean_first': False, 'cmake_force_configure': False, 'cmake_target': None, 'cmake_target_skip_unavailable': False, 'install_base': '/root/lidar_system/install/rplidar_ros', 'merge_install': False, 'path': '/root/lidar_system/rplidar_ros', 'symlink_install': False, 'test_result_base': None}
[1.718s] Level 5:colcon.colcon_core.verb:set package 'servo_control' build argument 'cmake_args' from command line to 'None'
[1.719s] Level 5:colcon.colcon_core.verb:set package 'servo_control' build argument 'cmake_target' from command line to 'None'
[1.719s] Level 5:colcon.colcon_core.verb:set package 'servo_control' build argument 'cmake_target_skip_unavailable' from command line to 'False'
[1.719s] Level 5:colcon.colcon_core.verb:set package 'servo_control' build argument 'cmake_clean_cache' from command line to 'False'
[1.719s] Level 5:colcon.colcon_core.verb:set package 'servo_control' build argument 'cmake_clean_first' from command line to 'False'
[1.719s] Level 5:colcon.colcon_core.verb:set package 'servo_control' build argument 'cmake_force_configure' from command line to 'False'
[1.719s] Level 5:colcon.colcon_core.verb:set package 'servo_control' build argument 'ament_cmake_args' from command line to 'None'
[1.719s] Level 5:colcon.colcon_core.verb:set package 'servo_control' build argument 'catkin_cmake_args' from command line to 'None'
[1.719s] Level 5:colcon.colcon_core.verb:set package 'servo_control' build argument 'catkin_skip_building_tests' from command line to 'False'
[1.720s] DEBUG:colcon.colcon_core.verb:Building package 'servo_control' with the following arguments: {'ament_cmake_args': None, 'build_base': '/root/lidar_system/build/servo_control', 'catkin_cmake_args': None, 'catkin_skip_building_tests': False, 'cmake_args': None, 'cmake_clean_cache': False, 'cmake_clean_first': False, 'cmake_force_configure': False, 'cmake_target': None, 'cmake_target_skip_unavailable': False, 'install_base': '/root/lidar_system/install/servo_control', 'merge_install': False, 'path': '/root/lidar_system/servo_control', 'symlink_install': False, 'test_result_base': None}
[1.723s] INFO:colcon.colcon_core.executor:Executing jobs using 'parallel' executor
[1.738s] DEBUG:colcon.colcon_parallel_executor.executor.parallel:run_until_complete
[1.739s] INFO:colcon.colcon_ros.task.ament_cmake.build:Building ROS package in '/root/lidar_system/rplidar_ros' with build type 'ament_cmake'
[1.740s] INFO:colcon.colcon_cmake.task.cmake.build:Building CMake package in '/root/lidar_system/rplidar_ros'
[1.760s] INFO:colcon.colcon_core.plugin_system:Skipping extension 'colcon_core.shell.bat': Not used on non-Windows systems
[1.761s] INFO:colcon.colcon_core.shell:Skip shell extension 'powershell' for command environment: Not usable outside of PowerShell
[1.761s] DEBUG:colcon.colcon_core.shell:Skip shell extension 'dsv' for command environment
[1.787s] INFO:colcon.colcon_ros.task.ament_cmake.build:Building ROS package in '/root/lidar_system/servo_control' with build type 'ament_cmake'
[1.788s] INFO:colcon.colcon_cmake.task.cmake.build:Building CMake package in '/root/lidar_system/servo_control'
[1.797s] INFO:colcon.colcon_core.shell:Skip shell extension 'powershell' for command environment: Not usable outside of PowerShell
[1.797s] DEBUG:colcon.colcon_core.shell:Skip shell extension 'dsv' for command environment
[1.837s] DEBUG:colcon.colcon_core.event_handler.log_command:Invoking command in '/root/lidar_system/build/rplidar_ros': CMAKE_PREFIX_PATH=/opt/ros/foxy /usr/bin/cmake --build /root/lidar_system/build/rplidar_ros -- -j4 -l4
[1.882s] DEBUG:colcon.colcon_core.event_handler.log_command:Invoking command in '/root/lidar_system/build/servo_control': CMAKE_PREFIX_PATH=/opt/ros/foxy /usr/bin/cmake --build /root/lidar_system/build/servo_control -- -j4 -l4
[2.283s] DEBUG:colcon.colcon_core.event_handler.log_command:Invoked command in '/root/lidar_system/build/rplidar_ros' returned '0': CMAKE_PREFIX_PATH=/opt/ros/foxy /usr/bin/cmake --build /root/lidar_system/build/rplidar_ros -- -j4 -l4
[2.378s] DEBUG:colcon.colcon_core.event_handler.log_command:Invoked command in '/root/lidar_system/build/servo_control' returned '0': CMAKE_PREFIX_PATH=/opt/ros/foxy /usr/bin/cmake --build /root/lidar_system/build/servo_control -- -j4 -l4
[2.518s] DEBUG:colcon.colcon_core.event_handler.log_command:Invoking command in '/root/lidar_system/build/servo_control': CMAKE_PREFIX_PATH=/opt/ros/foxy /usr/bin/cmake --install /root/lidar_system/build/servo_control
[2.532s] DEBUG:colcon.colcon_core.event_handler.log_command:Invoking command in '/root/lidar_system/build/rplidar_ros': CMAKE_PREFIX_PATH=/opt/ros/foxy /usr/bin/cmake --install /root/lidar_system/build/rplidar_ros
[2.588s] Level 1:colcon.colcon_core.environment:create_environment_scripts_only(rplidar_ros)
[2.625s] DEBUG:colcon.colcon_core.event_handler.log_command:Invoked command in '/root/lidar_system/build/rplidar_ros' returned '0': CMAKE_PREFIX_PATH=/opt/ros/foxy /usr/bin/cmake --install /root/lidar_system/build/rplidar_ros
[2.631s] Level 1:colcon.colcon_core.environment:checking '/root/lidar_system/install/rplidar_ros' for CMake module files
[2.634s] Level 1:colcon.colcon_core.environment:checking '/root/lidar_system/install/rplidar_ros' for CMake config files
[2.635s] Level 1:colcon.colcon_core.shell:create_environment_hook('rplidar_ros', 'cmake_prefix_path')
[2.642s] INFO:colcon.colcon_core.shell:Creating environment hook '/root/lidar_system/install/rplidar_ros/share/rplidar_ros/hook/cmake_prefix_path.ps1'
[2.646s] INFO:colcon.colcon_core.shell:Creating environment descriptor '/root/lidar_system/install/rplidar_ros/share/rplidar_ros/hook/cmake_prefix_path.dsv'
[2.648s] INFO:colcon.colcon_core.shell:Creating environment hook '/root/lidar_system/install/rplidar_ros/share/rplidar_ros/hook/cmake_prefix_path.sh'
[2.652s] Level 1:colcon.colcon_core.environment:checking '/root/lidar_system/install/rplidar_ros/lib'
[2.652s] Level 1:colcon.colcon_core.environment:checking '/root/lidar_system/install/rplidar_ros/bin'
[2.653s] Level 1:colcon.colcon_core.environment:checking '/root/lidar_system/install/rplidar_ros/lib/pkgconfig/rplidar_ros.pc'
[2.656s] Level 1:colcon.colcon_core.environment:checking '/root/lidar_system/install/rplidar_ros/lib/python3.8/site-packages'
[2.657s] Level 1:colcon.colcon_core.environment:checking '/root/lidar_system/install/rplidar_ros/bin'
[2.664s] INFO:colcon.colcon_core.shell:Creating package script '/root/lidar_system/install/rplidar_ros/share/rplidar_ros/package.ps1'
[2.668s] INFO:colcon.colcon_core.shell:Creating package descriptor '/root/lidar_system/install/rplidar_ros/share/rplidar_ros/package.dsv'
[2.670s] INFO:colcon.colcon_core.shell:Creating package script '/root/lidar_system/install/rplidar_ros/share/rplidar_ros/package.sh'
[2.674s] INFO:colcon.colcon_core.shell:Creating package script '/root/lidar_system/install/rplidar_ros/share/rplidar_ros/package.bash'
[2.678s] INFO:colcon.colcon_core.shell:Creating package script '/root/lidar_system/install/rplidar_ros/share/rplidar_ros/package.zsh'
[2.682s] Level 1:colcon.colcon_core.environment:create_file_with_runtime_dependencies(/root/lidar_system/install/rplidar_ros/share/colcon-core/packages/rplidar_ros)
[2.715s] Level 1:colcon.colcon_core.environment:create_environment_scripts_only(servo_control)
[2.728s] Level 1:colcon.colcon_core.environment:checking '/root/lidar_system/install/servo_control' for CMake module files
[2.733s] DEBUG:colcon.colcon_core.event_handler.log_command:Invoked command in '/root/lidar_system/build/servo_control' returned '0': CMAKE_PREFIX_PATH=/opt/ros/foxy /usr/bin/cmake --install /root/lidar_system/build/servo_control
[2.735s] Level 1:colcon.colcon_core.environment:checking '/root/lidar_system/install/servo_control' for CMake config files
[2.736s] Level 1:colcon.colcon_core.shell:create_environment_hook('servo_control', 'cmake_prefix_path')
[2.745s] INFO:colcon.colcon_core.shell:Creating environment hook '/root/lidar_system/install/servo_control/share/servo_control/hook/cmake_prefix_path.ps1'
[2.748s] INFO:colcon.colcon_core.shell:Creating environment descriptor '/root/lidar_system/install/servo_control/share/servo_control/hook/cmake_prefix_path.dsv'
[2.749s] INFO:colcon.colcon_core.shell:Creating environment hook '/root/lidar_system/install/servo_control/share/servo_control/hook/cmake_prefix_path.sh'
[2.752s] Level 1:colcon.colcon_core.environment:checking '/root/lidar_system/install/servo_control/lib'
[2.752s] Level 1:colcon.colcon_core.environment:checking '/root/lidar_system/install/servo_control/bin'
[2.752s] Level 1:colcon.colcon_core.environment:checking '/root/lidar_system/install/servo_control/lib/pkgconfig/servo_control.pc'
[2.753s] Level 1:colcon.colcon_core.environment:checking '/root/lidar_system/install/servo_control/lib/python3.8/site-packages'
[2.753s] Level 1:colcon.colcon_core.shell:create_environment_hook('servo_control', 'pythonpath')
[2.761s] INFO:colcon.colcon_core.shell:Creating environment hook '/root/lidar_system/install/servo_control/share/servo_control/hook/pythonpath.ps1'
[2.762s] INFO:colcon.colcon_core.shell:Creating environment descriptor '/root/lidar_system/install/servo_control/share/servo_control/hook/pythonpath.dsv'
[2.764s] INFO:colcon.colcon_core.shell:Creating environment hook '/root/lidar_system/install/servo_control/share/servo_control/hook/pythonpath.sh'
[2.766s] Level 1:colcon.colcon_core.environment:checking '/root/lidar_system/install/servo_control/bin'
[2.776s] INFO:colcon.colcon_core.shell:Creating package script '/root/lidar_system/install/servo_control/share/servo_control/package.ps1'
[2.778s] INFO:colcon.colcon_core.shell:Creating package descriptor '/root/lidar_system/install/servo_control/share/servo_control/package.dsv'
[2.780s] INFO:colcon.colcon_core.shell:Creating package script '/root/lidar_system/install/servo_control/share/servo_control/package.sh'
[2.782s] INFO:colcon.colcon_core.shell:Creating package script '/root/lidar_system/install/servo_control/share/servo_control/package.bash'
[2.784s] INFO:colcon.colcon_core.shell:Creating package script '/root/lidar_system/install/servo_control/share/servo_control/package.zsh'
[2.785s] Level 1:colcon.colcon_core.environment:create_file_with_runtime_dependencies(/root/lidar_system/install/servo_control/share/colcon-core/packages/servo_control)
[2.882s] Level 1:colcon.colcon_core.environment:create_environment_scripts_only(rplidar_ros)
[2.895s] Level 1:colcon.colcon_core.environment:checking '/root/lidar_system/install/rplidar_ros' for CMake module files
[2.897s] Level 1:colcon.colcon_core.environment:checking '/root/lidar_system/install/rplidar_ros' for CMake config files
[2.899s] Level 1:colcon.colcon_core.shell:create_environment_hook('rplidar_ros', 'cmake_prefix_path')
[2.905s] INFO:colcon.colcon_core.shell:Creating environment hook '/root/lidar_system/install/rplidar_ros/share/rplidar_ros/hook/cmake_prefix_path.ps1'
[2.907s] INFO:colcon.colcon_core.shell:Creating environment descriptor '/root/lidar_system/install/rplidar_ros/share/rplidar_ros/hook/cmake_prefix_path.dsv'
[2.908s] INFO:colcon.colcon_core.shell:Creating environment hook '/root/lidar_system/install/rplidar_ros/share/rplidar_ros/hook/cmake_prefix_path.sh'
[2.911s] Level 1:colcon.colcon_core.environment:checking '/root/lidar_system/install/rplidar_ros/lib'
[2.911s] Level 1:colcon.colcon_core.environment:checking '/root/lidar_system/install/rplidar_ros/bin'
[2.912s] Level 1:colcon.colcon_core.environment:checking '/root/lidar_system/install/rplidar_ros/lib/pkgconfig/rplidar_ros.pc'
[2.913s] Level 1:colcon.colcon_core.environment:checking '/root/lidar_system/install/rplidar_ros/lib/python3.8/site-packages'
[2.914s] Level 1:colcon.colcon_core.environment:checking '/root/lidar_system/install/rplidar_ros/bin'
[2.921s] INFO:colcon.colcon_core.shell:Creating package script '/root/lidar_system/install/rplidar_ros/share/rplidar_ros/package.ps1'
[2.923s] INFO:colcon.colcon_core.shell:Creating package descriptor '/root/lidar_system/install/rplidar_ros/share/rplidar_ros/package.dsv'
[2.924s] INFO:colcon.colcon_core.shell:Creating package script '/root/lidar_system/install/rplidar_ros/share/rplidar_ros/package.sh'
[2.926s] INFO:colcon.colcon_core.shell:Creating package script '/root/lidar_system/install/rplidar_ros/share/rplidar_ros/package.bash'
[2.927s] INFO:colcon.colcon_core.shell:Creating package script '/root/lidar_system/install/rplidar_ros/share/rplidar_ros/package.zsh'
[2.929s] Level 1:colcon.colcon_core.environment:create_file_with_runtime_dependencies(/root/lidar_system/install/rplidar_ros/share/colcon-core/packages/rplidar_ros)
[2.940s] Level 1:colcon.colcon_core.environment:create_environment_scripts_only(servo_control)
[2.952s] Level 1:colcon.colcon_core.environment:checking '/root/lidar_system/install/servo_control' for CMake module files
[2.956s] Level 1:colcon.colcon_core.environment:checking '/root/lidar_system/install/servo_control' for CMake config files
[2.957s] Level 1:colcon.colcon_core.shell:create_environment_hook('servo_control', 'cmake_prefix_path')
[2.965s] INFO:colcon.colcon_core.shell:Creating environment hook '/root/lidar_system/install/servo_control/share/servo_control/hook/cmake_prefix_path.ps1'
[2.967s] INFO:colcon.colcon_core.shell:Creating environment descriptor '/root/lidar_system/install/servo_control/share/servo_control/hook/cmake_prefix_path.dsv'
[2.968s] INFO:colcon.colcon_core.shell:Creating environment hook '/root/lidar_system/install/servo_control/share/servo_control/hook/cmake_prefix_path.sh'
[2.971s] Level 1:colcon.colcon_core.environment:checking '/root/lidar_system/install/servo_control/lib'
[2.971s] Level 1:colcon.colcon_core.environment:checking '/root/lidar_system/install/servo_control/bin'
[2.971s] Level 1:colcon.colcon_core.environment:checking '/root/lidar_system/install/servo_control/lib/pkgconfig/servo_control.pc'
[2.972s] Level 1:colcon.colcon_core.environment:checking '/root/lidar_system/install/servo_control/lib/python3.8/site-packages'
[2.973s] Level 1:colcon.colcon_core.shell:create_environment_hook('servo_control', 'pythonpath')
[2.980s] INFO:colcon.colcon_core.shell:Creating environment hook '/root/lidar_system/install/servo_control/share/servo_control/hook/pythonpath.ps1'
[2.982s] INFO:colcon.colcon_core.shell:Creating environment descriptor '/root/lidar_system/install/servo_control/share/servo_control/hook/pythonpath.dsv'
[2.984s] INFO:colcon.colcon_core.shell:Creating environment hook '/root/lidar_system/install/servo_control/share/servo_control/hook/pythonpath.sh'
[2.986s] Level 1:colcon.colcon_core.environment:checking '/root/lidar_system/install/servo_control/bin'
[2.994s] INFO:colcon.colcon_core.shell:Creating package script '/root/lidar_system/install/servo_control/share/servo_control/package.ps1'
[2.997s] INFO:colcon.colcon_core.shell:Creating package descriptor '/root/lidar_system/install/servo_control/share/servo_control/package.dsv'
[3.000s] INFO:colcon.colcon_core.shell:Creating package script '/root/lidar_system/install/servo_control/share/servo_control/package.sh'
[3.003s] INFO:colcon.colcon_core.shell:Creating package script '/root/lidar_system/install/servo_control/share/servo_control/package.bash'
[3.005s] INFO:colcon.colcon_core.shell:Creating package script '/root/lidar_system/install/servo_control/share/servo_control/package.zsh'
[3.006s] Level 1:colcon.colcon_core.environment:create_file_with_runtime_dependencies(/root/lidar_system/install/servo_control/share/colcon-core/packages/servo_control)
[3.007s] DEBUG:colcon.colcon_parallel_executor.executor.parallel:closing loop
[3.009s] DEBUG:colcon.colcon_parallel_executor.executor.parallel:loop closed
[3.009s] DEBUG:colcon.colcon_parallel_executor.executor.parallel:run_until_complete finished with '0'
[3.010s] DEBUG:colcon.colcon_core.event_reactor:joining thread
[3.036s] INFO:colcon.colcon_core.plugin_system:Skipping extension 'colcon_notification.desktop_notification.notify_send': Could not find 'notify-send'
[3.036s] INFO:colcon.colcon_core.plugin_system:Skipping extension 'colcon_notification.desktop_notification.terminal_notifier': Not used on non-Darwin systems
[3.037s] INFO:colcon.colcon_core.plugin_system:Skipping extension 'colcon_notification.desktop_notification.win32': Not used on non-Windows systems
[3.037s] INFO:colcon.colcon_notification.desktop_notification:Sending desktop notification using 'notify2'
[3.054s] DEBUG:colcon.colcon_notification.desktop_notification.notify2:Failed to initialize notify2: org.freedesktop.DBus.Error.Spawn.ExecFailed: /usr/bin/dbus-launch terminated abnormally with the following error: No protocol specified
Autolaunch error: X11 initialization failed.

[3.055s] DEBUG:colcon.colcon_core.event_reactor:joined thread
[3.064s] INFO:colcon.colcon_core.shell:Creating prefix script '/root/lidar_system/install/local_setup.ps1'
[3.068s] INFO:colcon.colcon_core.shell:Creating prefix util module '/root/lidar_system/install/_local_setup_util_ps1.py'
[3.074s] INFO:colcon.colcon_core.shell:Creating prefix chain script '/root/lidar_system/install/setup.ps1'
[3.081s] INFO:colcon.colcon_core.shell:Creating prefix script '/root/lidar_system/install/local_setup.sh'
[3.084s] INFO:colcon.colcon_core.shell:Creating prefix util module '/root/lidar_system/install/_local_setup_util_sh.py'
[3.086s] INFO:colcon.colcon_core.shell:Creating prefix chain script '/root/lidar_system/install/setup.sh'
[3.092s] INFO:colcon.colcon_core.shell:Creating prefix script '/root/lidar_system/install/local_setup.bash'
[3.094s] INFO:colcon.colcon_core.shell:Creating prefix chain script '/root/lidar_system/install/setup.bash'
[3.100s] INFO:colcon.colcon_core.shell:Creating prefix script '/root/lidar_system/install/local_setup.zsh'
[3.102s] INFO:colcon.colcon_core.shell:Creating prefix chain script '/root/lidar_system/install/setup.zsh'
